#
# A fatal error has been detected by the Java Runtime Environment:
#
#  EXCEPTION_ACCESS_VIOLATION (0xc0000005) at pc=0x00000251d951bac1, pid=620, tid=10904
#
# JRE version: Java(TM) SE Runtime Environment (17.0.9+11) (build 17.0.9+11-LTS-201)
# Java VM: Java HotSpot(TM) 64-Bit Server VM (17.0.9+11-LTS-201, mixed mode, sharing, tiered, compressed oops, compressed class ptrs, g1 gc, windows-amd64)
# Problematic frame:
# j  java.lang.StringUTF16.indexOf([BII)I+0 java.base@17.0.9
#
# No core dump will be written. Minidumps are not enabled by default on client versions of Windows
#
# If you would like to submit a bug report, please visit:
#   https://bugreport.java.com/bugreport/crash.jsp
#

---------------  S U M M A R Y ------------

Command Line: -Dfile.encoding=UTF-8 --module-path=C:\Users\bemen3\Documents\javafx-sdk-22\lib --add-modules=javafx.controls,javafx.fxml --module-path=C:\Users\PauAl\Documents\Java\javafx\javafx-swt.jar;C:\Users\PauAl\Documents\Java\javafx\javafx.base.jar;C:\Users\PauAl\Documents\Java\javafx\javafx.controls.jar;C:\Users\PauAl\Documents\Java\javafx\javafx.fxml.jar;C:\Users\PauAl\Documents\Java\javafx\javafx.graphics.jar;C:\Users\PauAl\Documents\Java\javafx\javafx.media.jar;C:\Users\PauAl\Documents\Java\javafx\javafx.swing.jar;C:\Users\PauAl\Documents\Java\javafx\javafx.web.jar gui.Main

Host: 11th Gen Intel(R) Core(TM) i3-1115G4 @ 3.00GHz, 4 cores, 7G,  Windows 11 , 64 bit Build 22621 (10.0.22621.3958)
Time: Sun Oct 13 12:55:07 2024 Hora de verano romance elapsed time: 2.004361 seconds (0d 0h 0m 2s)

---------------  T H R E A D  ---------------

Current thread (0x00000251ec9737c0):  JavaThread "JavaFX Application Thread" [_thread_in_Java, id=10904, stack(0x00000066a0100000,0x00000066a0200000)]

Stack: [0x00000066a0100000,0x00000066a0200000],  sp=0x00000066a01fd5d0,  free space=1013k
Native frames: (J=compiled Java code, j=interpreted, Vv=VM code, C=native code)
C  0x00000251d951bac1


siginfo: EXCEPTION_ACCESS_VIOLATION (0xc0000005), reading address 0x000000004f444e55


Register to memory mapping:

RIP=0x00000251d951bac1 is at code_begin+1 in an Interpreter codelet
arraylength  190 arraylength  [0x00000251d951bac0, 0x00000251d951bae0]  32 bytes
RAX=0x000000004f444e49 is an unknown value
RBX=0x00000000000000be is an unknown value
RCX=0x0000000000000002 is an unknown value
RDX=0x000002518002c0f8 is pointing into metadata
RSP=0x00000066a01fd5d0 is pointing into the stack for thread: 0x00000251ec9737c0
RBP=0x00000066a01fd618 is pointing into the stack for thread: 0x00000251ec9737c0
RSI=0x00000251f3514760 points into unknown readable memory: 0x0000000000000000 | 00 00 00 00 00 00 00 00
RDI=0x00000251f3502610 points into unknown readable memory: 0x0000000000000030 | 30 00 00 00 00 00 00 00
R8 =0x0000000000000005 is an unknown value
R9 =0x0000000000000005 is an unknown value
R10=0x00007ffd17420480 jvm.dll
R11={method} {0x000002518002d6d0} 'indexOf' '([BII)I' in 'java/lang/StringUTF16'
R12=0x0 is NULL
R13=0x0000025180600c01 is pointing into metadata
R14=0x00000066a01fd640 is pointing into the stack for thread: 0x00000251ec9737c0
R15=0x00000251ec9737c0 is a thread


Registers:
RAX=0x000000004f444e49, RBX=0x00000000000000be, RCX=0x0000000000000002, RDX=0x000002518002c0f8
RSP=0x00000066a01fd5d0, RBP=0x00000066a01fd618, RSI=0x00000251f3514760, RDI=0x00000251f3502610
R8 =0x0000000000000005, R9 =0x0000000000000005, R10=0x00007ffd17420480, R11=0x000002518002d6c8
R12=0x0000000000000000, R13=0x0000025180600c01, R14=0x00000066a01fd640, R15=0x00000251ec9737c0
RIP=0x00000251d951bac1, EFLAGS=0x0000000000010202

Top of Stack: (sp=0x00000066a01fd5d0)
0x00000066a01fd5d0:   00000066a01fd5d0 0000025180600c00
0x00000066a01fd5e0:   00000066a01fd640 000002518002c0f8
0x00000066a01fd5f0:   00000251e8057510 00000000837c6688
0x00000066a01fd600:   000002518002d6c8 0000000000000000
0x00000066a01fd610:   00000066a01fd630 00000066a01fd690
0x00000066a01fd620:   00000251d9509612 0000000000000000
0x00000066a01fd630:   0000000000000000 000000000000003b
0x00000066a01fd640:   000000004f444e49 00000066a01fd648
0x00000066a01fd650:   0000025180b34b89 00000066a01fd6b0
0x00000066a01fd660:   000002518042aac8 00000251e800afa8
0x00000066a01fd670:   0000000083622bf8 000002518042e100
0x00000066a01fd680:   00000066a01fd630 00000066a01fd6a0
0x00000066a01fd690:   00000066a01fd700 00000251d9509612
0x00000066a01fd6a0:   deaddeaf00000000 deaddeaf0000003b
0x00000066a01fd6b0:   000000008a125220 00000066a01fd6b8
0x00000066a01fd6c0:   0000025180b348ab 00000066a01fd718 

Instructions: (pc=0x00000251d951bac1)
0x00000251d951b9c1:   00 00 00 e9 ad 00 00 00 4c 8b c8 48 8d 44 24 08
0x00000251d951b9d1:   4c 89 6d c0 49 8b cf c5 f8 77 49 89 af a0 02 00
0x00000251d951b9e1:   00 49 89 87 90 02 00 00 48 83 ec 20 f7 c4 0f 00
0x00000251d951b9f1:   00 00 0f 84 1a 00 00 00 48 83 ec 08 49 ba c0 e2
0x00000251d951ba01:   c6 16 fd 7f 00 00 41 ff d2 48 83 c4 08 e9 0d 00
0x00000251d951ba11:   00 00 49 ba c0 e2 c6 16 fd 7f 00 00 41 ff d2 48
0x00000251d951ba21:   83 c4 20 49 c7 87 90 02 00 00 00 00 00 00 49 c7
0x00000251d951ba31:   87 a0 02 00 00 00 00 00 00 49 c7 87 98 02 00 00
0x00000251d951ba41:   00 00 00 00 c5 f8 77 49 81 7f 08 00 00 00 00 0f
0x00000251d951ba51:   84 05 00 00 00 e9 a5 54 fe ff 49 8b 87 e8 02 00
0x00000251d951ba61:   00 49 c7 87 e8 02 00 00 00 00 00 00 4c 8b 6d c0
0x00000251d951ba71:   4c 8b 75 c8 c3 41 0f b6 5d 03 49 83 c5 03 49 ba
0x00000251d951ba81:   80 04 42 17 fd 7f 00 00 41 ff 24 da 66 66 90 00
0x00000251d951ba91:   00 00 00 00 00 00 00 00 00 00 00 00 00 00 00 40
0x00000251d951baa1:   00 00 00 00 00 00 00 28 48 1b 17 fd 7f 00 00 be
0x00000251d951bab1:   00 00 00 00 00 00 00 00 00 00 00 00 00 00 00 58
0x00000251d951bac1:   8b 40 0c 41 0f b6 5d 01 49 ff c5 49 ba 80 e4 41
0x00000251d951bad1:   17 fd 7f 00 00 41 ff 24 da 66 0f 1f 44 00 00 40
0x00000251d951bae1:   00 00 00 00 00 00 00 34 48 1b 17 fd 7f 00 00 bf
0x00000251d951baf1:   00 00 00 00 00 00 00 00 00 00 00 00 00 00 00 58
0x00000251d951bb01:   48 3b 00 e9 4a f9 fe ff 0f 1f 80 00 00 00 00 00
0x00000251d951bb11:   00 00 00 00 00 00 00 00 00 00 00 00 00 00 00 60
0x00000251d951bb21:   02 00 00 00 00 00 00 40 48 1b 17 fd 7f 00 00 c0
0x00000251d951bb31:   00 00 00 00 00 00 00 00 00 00 00 00 00 00 00 58
0x00000251d951bb41:   48 85 c0 0f 84 fc 01 00 00 48 8b 4d e8 48 8b 49
0x00000251d951bb51:   08 48 8b 49 08 48 8b 51 08 41 0f b7 5d 01 0f cb
0x00000251d951bb61:   c1 eb 10 80 7c 1a 04 07 0f 84 b8 00 00 00 50 e8
0x00000251d951bb71:   05 00 00 00 e9 98 00 00 00 48 8d 44 24 08 4c 89
0x00000251d951bb81:   6d c0 49 8b cf c5 f8 77 49 89 af a0 02 00 00 49
0x00000251d951bb91:   89 87 90 02 00 00 48 83 ec 20 f7 c4 0f 00 00 00
0x00000251d951bba1:   0f 84 1a 00 00 00 48 83 ec 08 49 ba d0 10 c7 16
0x00000251d951bbb1:   fd 7f 00 00 41 ff d2 48 83 c4 08 e9 0d 00 00 00 


Stack slot to memory mapping:
stack at sp + 0 slots: 0x00000066a01fd5d0 is pointing into the stack for thread: 0x00000251ec9737c0
stack at sp + 1 slots: 0x0000025180600c00 is pointing into metadata
stack at sp + 2 slots: 0x00000066a01fd640 is pointing into the stack for thread: 0x00000251ec9737c0
stack at sp + 3 slots: 0x000002518002c0f8 is pointing into metadata
stack at sp + 4 slots: 0x00000251e8057510 is pointing into metadata
stack at sp + 5 slots: 0x00000000837c6688 is an oop: java.lang.Class 
{0x00000000837c6688} - klass: 'java/lang/Class'
 - ---- fields (total size 16 words):
 - private volatile transient 'classRedefinedCount' 'I' @12  0
 - private volatile transient 'cachedConstructor' 'Ljava/lang/reflect/Constructor;' @40  NULL (0)
 - private transient 'name' 'Ljava/lang/String;' @44  NULL (0)
 - private transient 'module' 'Ljava/lang/Module;' @48  a 'java/lang/Module'{0x0000000083601e00} (83601e00)
 - private final 'classLoader' 'Ljava/lang/ClassLoader;' @52  NULL (0)
 - private transient 'classData' 'Ljava/lang/Object;' @56  NULL (0)
 - private transient 'packageName' 'Ljava/lang/String;' @60  NULL (0)
 - private final 'componentType' 'Ljava/lang/Class;' @64  NULL (0)
 - private volatile transient 'reflectionData' 'Ljava/lang/ref/SoftReference;' @68  NULL (0)
 - private volatile transient 'genericInfo' 'Lsun/reflect/generics/repository/ClassRepository;' @72  NULL (0)
 - private volatile transient 'enumConstants' '[Ljava/lang/Object;' @76  NULL (0)
 - private volatile transient 'enumConstantDirectory' 'Ljava/util/Map;' @80  NULL (0)
 - private volatile transient 'annotationData' 'Ljava/lang/Class$AnnotationData;' @84  NULL (0)
 - private volatile transient 'annotationType' 'Lsun/reflect/annotation/AnnotationType;' @88  NULL (0)
 - transient 'classValueMap' 'Ljava/lang/ClassValue$ClassValueMap;' @92  NULL (0)
 - signature: Ljava/lang/StringUTF16;
 - fake entry for mirror: 'java/lang/StringUTF16'
 - fake entry for array: NULL
 - fake entry for oop_size: 16
 - fake entry for static_oop_field_count: 0
 - static final 'HI_BYTE_SHIFT' 'I' @112  0
 - static final 'LO_BYTE_SHIFT' 'I' @116  8
 - static final 'MAX_LENGTH' 'I' @120  1073741823 (3fffffff)
 - static final synthetic '$assertionsDisabled' 'Z' @124  true
stack at sp + 6 slots: {method} {0x000002518002d6d0} 'indexOf' '([BII)I' in 'java/lang/StringUTF16'
stack at sp + 7 slots: 0x0 is NULL

arraylength  190 arraylength  [0x00000251d951bac0, 0x00000251d951bae0]  32 bytes
[MachCode]
  0x00000251d951bac0: 588b 400c | 410f b65d | 0149 ffc5 | 49ba 80e4 | 4117 fd7f | 0000 41ff | 24da 660f | 1f44 0000 
[/MachCode]

---------------  P R O C E S S  ---------------

Threads class SMR info:
_java_thread_list=0x00000251ecc303d0, length=19, elements={
0x00000251ca731020, 0x00000251e7e903d0, 0x00000251e7e90f90, 0x00000251e7ea3790,
0x00000251e7ea5360, 0x00000251e7ea7f30, 0x00000251e7eaaa00, 0x00000251e7eac6c0,
0x00000251e7f0fae0, 0x00000251e7f1a7a0, 0x00000251e7e75e60, 0x00000251ec765770,
0x00000251ec738f40, 0x00000251ec9723a0, 0x00000251ec9737c0, 0x00000251ecba90b0,
0x00000251ec47dc20, 0x00000251ecad4970, 0x00000251f24d3ff0
}

Java Threads: ( => current thread )
  0x00000251ca731020 JavaThread "main" [_thread_blocked, id=9972, stack(0x000000669e900000,0x000000669ea00000)]
  0x00000251e7e903d0 JavaThread "Reference Handler" daemon [_thread_blocked, id=8808, stack(0x000000669f100000,0x000000669f200000)]
  0x00000251e7e90f90 JavaThread "Finalizer" daemon [_thread_blocked, id=2692, stack(0x000000669f200000,0x000000669f300000)]
  0x00000251e7ea3790 JavaThread "Signal Dispatcher" daemon [_thread_blocked, id=14012, stack(0x000000669f300000,0x000000669f400000)]
  0x00000251e7ea5360 JavaThread "Attach Listener" daemon [_thread_blocked, id=7732, stack(0x000000669f400000,0x000000669f500000)]
  0x00000251e7ea7f30 JavaThread "Service Thread" daemon [_thread_blocked, id=1892, stack(0x000000669f500000,0x000000669f600000)]
  0x00000251e7eaaa00 JavaThread "Monitor Deflation Thread" daemon [_thread_blocked, id=8668, stack(0x000000669f600000,0x000000669f700000)]
  0x00000251e7eac6c0 JavaThread "C2 CompilerThread0" daemon [_thread_blocked, id=13648, stack(0x000000669f700000,0x000000669f800000)]
  0x00000251e7f0fae0 JavaThread "C1 CompilerThread0" daemon [_thread_blocked, id=9844, stack(0x000000669f800000,0x000000669f900000)]
  0x00000251e7f1a7a0 JavaThread "Sweeper thread" daemon [_thread_blocked, id=9664, stack(0x000000669f900000,0x000000669fa00000)]
  0x00000251e7e75e60 JavaThread "Common-Cleaner" daemon [_thread_blocked, id=13404, stack(0x000000669fa00000,0x000000669fb00000)]
  0x00000251ec765770 JavaThread "Notification Thread" daemon [_thread_blocked, id=13148, stack(0x000000669fc00000,0x000000669fd00000)]
  0x00000251ec738f40 JavaThread "QuantumRenderer-0" daemon [_thread_blocked, id=14316, stack(0x000000669fe00000,0x000000669ff00000)]
  0x00000251ec9723a0 JavaThread "InvokeLaterDispatcher" daemon [_thread_blocked, id=4464, stack(0x00000066a0000000,0x00000066a0100000)]
=>0x00000251ec9737c0 JavaThread "JavaFX Application Thread" [_thread_in_Java, id=10904, stack(0x00000066a0100000,0x00000066a0200000)]
  0x00000251ecba90b0 JavaThread "Thread-1" daemon [_thread_in_native, id=12604, stack(0x00000066a0800000,0x00000066a0900000)]
  0x00000251ec47dc20 JavaThread "mysql-cj-abandoned-connection-cleanup" daemon [_thread_blocked, id=6104, stack(0x00000066a0900000,0x00000066a0a00000)]
  0x00000251ecad4970 JavaThread "JavaFX-Launcher" [_thread_blocked, id=8112, stack(0x00000066a0a00000,0x00000066a0b00000)]
  0x00000251f24d3ff0 JavaThread "C2 CompilerThread1" daemon [_thread_blocked, id=6260, stack(0x000000669fb00000,0x000000669fc00000)]

Other Threads:
  0x00000251e7e8bd90 VMThread "VM Thread" [stack: 0x000000669f000000,0x000000669f100000] [id=13588]
  0x00000251ec286b30 WatcherThread [stack: 0x000000669fd00000,0x000000669fe00000] [id=11232]
  0x00000251ca789390 GCTaskThread "GC Thread#0" [stack: 0x000000669eb00000,0x000000669ec00000] [id=4216]
  0x00000251ec8cd5e0 GCTaskThread "GC Thread#1" [stack: 0x00000066a0200000,0x00000066a0300000] [id=6628]
  0x00000251ec8cce40 GCTaskThread "GC Thread#2" [stack: 0x00000066a0300000,0x00000066a0400000] [id=10312]
  0x00000251ec96cdc0 GCTaskThread "GC Thread#3" [stack: 0x00000066a0400000,0x00000066a0500000] [id=8852]
  0x00000251ca799c20 ConcurrentGCThread "G1 Main Marker" [stack: 0x000000669ec00000,0x000000669ed00000] [id=1856]
  0x00000251ca79a630 ConcurrentGCThread "G1 Conc#0" [stack: 0x000000669ed00000,0x000000669ee00000] [id=8976]
  0x00000251ca7f21e0 ConcurrentGCThread "G1 Refine#0" [stack: 0x000000669ee00000,0x000000669ef00000] [id=600]
  0x00000251ecc83180 ConcurrentGCThread "G1 Refine#1" [stack: 0x00000066a0b00000,0x00000066a0c00000] [id=13264]
  0x00000251ca7f2c10 ConcurrentGCThread "G1 Service" [stack: 0x000000669ef00000,0x000000669f000000] [id=10740]

Threads with active compile tasks:

VM state: not at safepoint (normal execution)

VM Mutex/Monitor currently owned by a thread: None

Heap address: 0x0000000083600000, size: 1994 MB, Compressed Oops mode: 32-bit

CDS archive(s) mapped at: [0x0000025180000000-0x0000025180bd0000-0x0000025180bd0000), size 12386304, SharedBaseAddress: 0x0000025180000000, ArchiveRelocationMode: 1.
Compressed class space mapped at: 0x0000025181000000-0x00000251c1000000, reserved size: 1073741824
Narrow klass base: 0x0000025180000000, Narrow klass shift: 0, Narrow klass range: 0x100000000

GC Precious Log:
 CPUs: 4 total, 4 available
 Memory: 7975M
 Large Page Support: Disabled
 NUMA Support: Disabled
 Compressed Oops: Enabled (32-bit)
 Heap Region Size: 1M
 Heap Min Capacity: 8M
 Heap Initial Capacity: 126M
 Heap Max Capacity: 1994M
 Pre-touch: Disabled
 Parallel Workers: 4
 Concurrent Workers: 1
 Concurrent Refinement Workers: 4
 Periodic GC: Disabled

Heap:
 garbage-first heap   total 129024K, used 38680K [0x0000000083600000, 0x0000000100000000)
  region size 1024K, 22 young (22528K), 3 survivors (3072K)
 Metaspace       used 13566K, committed 13760K, reserved 1114112K
  class space    used 1830K, committed 1920K, reserved 1048576K

Heap Regions: E=young(eden), S=young(survivor), O=old, HS=humongous(starts), HC=humongous(continues), CS=collection set, F=free, OA=open archive, CA=closed archive, TAMS=top-at-mark-start (previous, next)
|   0|0x0000000083600000, 0x0000000083700000, 0x0000000083700000|100%| O|  |TAMS 0x0000000083600000, 0x0000000083600000| Untracked 
|   1|0x0000000083700000, 0x00000000837f1000, 0x0000000083800000| 94%| O|  |TAMS 0x0000000083700000, 0x0000000083700000| Untracked 
|   2|0x0000000083800000, 0x0000000083900000, 0x0000000083900000|100%|HS|  |TAMS 0x0000000083800000, 0x0000000083800000| Complete 
|   3|0x0000000083900000, 0x0000000083a00000, 0x0000000083a00000|100%|HC|  |TAMS 0x0000000083900000, 0x0000000083900000| Complete 
|   4|0x0000000083a00000, 0x0000000083b00000, 0x0000000083b00000|100%|HS|  |TAMS 0x0000000083a00000, 0x0000000083a00000| Complete 
|   5|0x0000000083b00000, 0x0000000083c00000, 0x0000000083c00000|100%|HC|  |TAMS 0x0000000083b00000, 0x0000000083b00000| Complete 
|   6|0x0000000083c00000, 0x0000000083d00000, 0x0000000083d00000|100%|HS|  |TAMS 0x0000000083c00000, 0x0000000083c00000| Complete 
|   7|0x0000000083d00000, 0x0000000083e00000, 0x0000000083e00000|100%|HC|  |TAMS 0x0000000083d00000, 0x0000000083d00000| Complete 
|   8|0x0000000083e00000, 0x0000000083f00000, 0x0000000083f00000|100%|HS|  |TAMS 0x0000000083e00000, 0x0000000083e00000| Complete 
|   9|0x0000000083f00000, 0x0000000084000000, 0x0000000084000000|100%|HC|  |TAMS 0x0000000083f00000, 0x0000000083f00000| Complete 
|  10|0x0000000084000000, 0x0000000084100000, 0x0000000084100000|100%|HS|  |TAMS 0x0000000084000000, 0x0000000084000000| Complete 
|  11|0x0000000084100000, 0x0000000084200000, 0x0000000084200000|100%|HC|  |TAMS 0x0000000084100000, 0x0000000084100000| Complete 
|  12|0x0000000084200000, 0x0000000084300000, 0x0000000084300000|100%|HC|  |TAMS 0x0000000084200000, 0x0000000084200000| Complete 
|  13|0x0000000084300000, 0x0000000084400000, 0x0000000084400000|100%|HC|  |TAMS 0x0000000084300000, 0x0000000084300000| Complete 
|  14|0x0000000084400000, 0x0000000084500000, 0x0000000084500000|100%|HC|  |TAMS 0x0000000084400000, 0x0000000084400000| Complete 
|  15|0x0000000084500000, 0x0000000084600000, 0x0000000084600000|100%|HC|  |TAMS 0x0000000084500000, 0x0000000084500000| Complete 
|  16|0x0000000084600000, 0x0000000084700000, 0x0000000084700000|100%|HC|  |TAMS 0x0000000084600000, 0x0000000084600000| Complete 
|  17|0x0000000084700000, 0x0000000084800000, 0x0000000084800000|100%|HC|  |TAMS 0x0000000084700000, 0x0000000084700000| Complete 
|  18|0x0000000084800000, 0x0000000084800000, 0x0000000084900000|  0%| F|  |TAMS 0x0000000084800000, 0x0000000084800000| Untracked 
|  19|0x0000000084900000, 0x0000000084900000, 0x0000000084a00000|  0%| F|  |TAMS 0x0000000084900000, 0x0000000084900000| Untracked 
|  20|0x0000000084a00000, 0x0000000084a00000, 0x0000000084b00000|  0%| F|  |TAMS 0x0000000084a00000, 0x0000000084a00000| Untracked 
|  21|0x0000000084b00000, 0x0000000084b00000, 0x0000000084c00000|  0%| F|  |TAMS 0x0000000084b00000, 0x0000000084b00000| Untracked 
|  22|0x0000000084c00000, 0x0000000084c00000, 0x0000000084d00000|  0%| F|  |TAMS 0x0000000084c00000, 0x0000000084c00000| Untracked 
|  23|0x0000000084d00000, 0x0000000084d00000, 0x0000000084e00000|  0%| F|  |TAMS 0x0000000084d00000, 0x0000000084d00000| Untracked 
|  24|0x0000000084e00000, 0x0000000084e00000, 0x0000000084f00000|  0%| F|  |TAMS 0x0000000084e00000, 0x0000000084e00000| Untracked 
|  25|0x0000000084f00000, 0x0000000084f00000, 0x0000000085000000|  0%| F|  |TAMS 0x0000000084f00000, 0x0000000084f00000| Untracked 
|  26|0x0000000085000000, 0x0000000085000000, 0x0000000085100000|  0%| F|  |TAMS 0x0000000085000000, 0x0000000085000000| Untracked 
|  27|0x0000000085100000, 0x0000000085100000, 0x0000000085200000|  0%| F|  |TAMS 0x0000000085100000, 0x0000000085100000| Untracked 
|  28|0x0000000085200000, 0x0000000085200000, 0x0000000085300000|  0%| F|  |TAMS 0x0000000085200000, 0x0000000085200000| Untracked 
|  29|0x0000000085300000, 0x0000000085300000, 0x0000000085400000|  0%| F|  |TAMS 0x0000000085300000, 0x0000000085300000| Untracked 
|  30|0x0000000085400000, 0x0000000085400000, 0x0000000085500000|  0%| F|  |TAMS 0x0000000085400000, 0x0000000085400000| Untracked 
|  31|0x0000000085500000, 0x0000000085500000, 0x0000000085600000|  0%| F|  |TAMS 0x0000000085500000, 0x0000000085500000| Untracked 
|  32|0x0000000085600000, 0x0000000085600000, 0x0000000085700000|  0%| F|  |TAMS 0x0000000085600000, 0x0000000085600000| Untracked 
|  33|0x0000000085700000, 0x0000000085700000, 0x0000000085800000|  0%| F|  |TAMS 0x0000000085700000, 0x0000000085700000| Untracked 
|  34|0x0000000085800000, 0x0000000085800000, 0x0000000085900000|  0%| F|  |TAMS 0x0000000085800000, 0x0000000085800000| Untracked 
|  35|0x0000000085900000, 0x0000000085900000, 0x0000000085a00000|  0%| F|  |TAMS 0x0000000085900000, 0x0000000085900000| Untracked 
|  36|0x0000000085a00000, 0x0000000085a00000, 0x0000000085b00000|  0%| F|  |TAMS 0x0000000085a00000, 0x0000000085a00000| Untracked 
|  37|0x0000000085b00000, 0x0000000085b00000, 0x0000000085c00000|  0%| F|  |TAMS 0x0000000085b00000, 0x0000000085b00000| Untracked 
|  38|0x0000000085c00000, 0x0000000085c00000, 0x0000000085d00000|  0%| F|  |TAMS 0x0000000085c00000, 0x0000000085c00000| Untracked 
|  39|0x0000000085d00000, 0x0000000085d00000, 0x0000000085e00000|  0%| F|  |TAMS 0x0000000085d00000, 0x0000000085d00000| Untracked 
|  40|0x0000000085e00000, 0x0000000085e00000, 0x0000000085f00000|  0%| F|  |TAMS 0x0000000085e00000, 0x0000000085e00000| Untracked 
|  41|0x0000000085f00000, 0x0000000085f00000, 0x0000000086000000|  0%| F|  |TAMS 0x0000000085f00000, 0x0000000085f00000| Untracked 
|  42|0x0000000086000000, 0x0000000086000000, 0x0000000086100000|  0%| F|  |TAMS 0x0000000086000000, 0x0000000086000000| Untracked 
|  43|0x0000000086100000, 0x0000000086100000, 0x0000000086200000|  0%| F|  |TAMS 0x0000000086100000, 0x0000000086100000| Untracked 
|  44|0x0000000086200000, 0x0000000086200000, 0x0000000086300000|  0%| F|  |TAMS 0x0000000086200000, 0x0000000086200000| Untracked 
|  45|0x0000000086300000, 0x0000000086300000, 0x0000000086400000|  0%| F|  |TAMS 0x0000000086300000, 0x0000000086300000| Untracked 
|  46|0x0000000086400000, 0x0000000086400000, 0x0000000086500000|  0%| F|  |TAMS 0x0000000086400000, 0x0000000086400000| Untracked 
|  47|0x0000000086500000, 0x0000000086500000, 0x0000000086600000|  0%| F|  |TAMS 0x0000000086500000, 0x0000000086500000| Untracked 
|  48|0x0000000086600000, 0x0000000086600000, 0x0000000086700000|  0%| F|  |TAMS 0x0000000086600000, 0x0000000086600000| Untracked 
|  49|0x0000000086700000, 0x0000000086700000, 0x0000000086800000|  0%| F|  |TAMS 0x0000000086700000, 0x0000000086700000| Untracked 
|  50|0x0000000086800000, 0x0000000086800000, 0x0000000086900000|  0%| F|  |TAMS 0x0000000086800000, 0x0000000086800000| Untracked 
|  51|0x0000000086900000, 0x0000000086900000, 0x0000000086a00000|  0%| F|  |TAMS 0x0000000086900000, 0x0000000086900000| Untracked 
|  52|0x0000000086a00000, 0x0000000086a00000, 0x0000000086b00000|  0%| F|  |TAMS 0x0000000086a00000, 0x0000000086a00000| Untracked 
|  53|0x0000000086b00000, 0x0000000086b00000, 0x0000000086c00000|  0%| F|  |TAMS 0x0000000086b00000, 0x0000000086b00000| Untracked 
|  54|0x0000000086c00000, 0x0000000086c00000, 0x0000000086d00000|  0%| F|  |TAMS 0x0000000086c00000, 0x0000000086c00000| Untracked 
|  55|0x0000000086d00000, 0x0000000086d00000, 0x0000000086e00000|  0%| F|  |TAMS 0x0000000086d00000, 0x0000000086d00000| Untracked 
|  56|0x0000000086e00000, 0x0000000086e00000, 0x0000000086f00000|  0%| F|  |TAMS 0x0000000086e00000, 0x0000000086e00000| Untracked 
|  57|0x0000000086f00000, 0x0000000086f00000, 0x0000000087000000|  0%| F|  |TAMS 0x0000000086f00000, 0x0000000086f00000| Untracked 
|  58|0x0000000087000000, 0x0000000087000000, 0x0000000087100000|  0%| F|  |TAMS 0x0000000087000000, 0x0000000087000000| Untracked 
|  59|0x0000000087100000, 0x0000000087100000, 0x0000000087200000|  0%| F|  |TAMS 0x0000000087100000, 0x0000000087100000| Untracked 
|  60|0x0000000087200000, 0x0000000087200000, 0x0000000087300000|  0%| F|  |TAMS 0x0000000087200000, 0x0000000087200000| Untracked 
|  61|0x0000000087300000, 0x0000000087300000, 0x0000000087400000|  0%| F|  |TAMS 0x0000000087300000, 0x0000000087300000| Untracked 
|  62|0x0000000087400000, 0x0000000087400000, 0x0000000087500000|  0%| F|  |TAMS 0x0000000087400000, 0x0000000087400000| Untracked 
|  63|0x0000000087500000, 0x0000000087500000, 0x0000000087600000|  0%| F|  |TAMS 0x0000000087500000, 0x0000000087500000| Untracked 
|  64|0x0000000087600000, 0x0000000087600000, 0x0000000087700000|  0%| F|  |TAMS 0x0000000087600000, 0x0000000087600000| Untracked 
|  65|0x0000000087700000, 0x0000000087700000, 0x0000000087800000|  0%| F|  |TAMS 0x0000000087700000, 0x0000000087700000| Untracked 
|  66|0x0000000087800000, 0x0000000087800000, 0x0000000087900000|  0%| F|  |TAMS 0x0000000087800000, 0x0000000087800000| Untracked 
|  67|0x0000000087900000, 0x0000000087900000, 0x0000000087a00000|  0%| F|  |TAMS 0x0000000087900000, 0x0000000087900000| Untracked 
|  68|0x0000000087a00000, 0x0000000087a00000, 0x0000000087b00000|  0%| F|  |TAMS 0x0000000087a00000, 0x0000000087a00000| Untracked 
|  69|0x0000000087b00000, 0x0000000087b00000, 0x0000000087c00000|  0%| F|  |TAMS 0x0000000087b00000, 0x0000000087b00000| Untracked 
|  70|0x0000000087c00000, 0x0000000087c00000, 0x0000000087d00000|  0%| F|  |TAMS 0x0000000087c00000, 0x0000000087c00000| Untracked 
|  71|0x0000000087d00000, 0x0000000087d00000, 0x0000000087e00000|  0%| F|  |TAMS 0x0000000087d00000, 0x0000000087d00000| Untracked 
|  72|0x0000000087e00000, 0x0000000087e00000, 0x0000000087f00000|  0%| F|  |TAMS 0x0000000087e00000, 0x0000000087e00000| Untracked 
|  73|0x0000000087f00000, 0x0000000087f00000, 0x0000000088000000|  0%| F|  |TAMS 0x0000000087f00000, 0x0000000087f00000| Untracked 
|  74|0x0000000088000000, 0x0000000088000000, 0x0000000088100000|  0%| F|  |TAMS 0x0000000088000000, 0x0000000088000000| Untracked 
|  75|0x0000000088100000, 0x0000000088100000, 0x0000000088200000|  0%| F|  |TAMS 0x0000000088100000, 0x0000000088100000| Untracked 
|  76|0x0000000088200000, 0x0000000088200000, 0x0000000088300000|  0%| F|  |TAMS 0x0000000088200000, 0x0000000088200000| Untracked 
|  77|0x0000000088300000, 0x0000000088300000, 0x0000000088400000|  0%| F|  |TAMS 0x0000000088300000, 0x0000000088300000| Untracked 
|  78|0x0000000088400000, 0x0000000088400000, 0x0000000088500000|  0%| F|  |TAMS 0x0000000088400000, 0x0000000088400000| Untracked 
|  79|0x0000000088500000, 0x0000000088500000, 0x0000000088600000|  0%| F|  |TAMS 0x0000000088500000, 0x0000000088500000| Untracked 
|  80|0x0000000088600000, 0x0000000088600000, 0x0000000088700000|  0%| F|  |TAMS 0x0000000088600000, 0x0000000088600000| Untracked 
|  81|0x0000000088700000, 0x0000000088700000, 0x0000000088800000|  0%| F|  |TAMS 0x0000000088700000, 0x0000000088700000| Untracked 
|  82|0x0000000088800000, 0x0000000088800000, 0x0000000088900000|  0%| F|  |TAMS 0x0000000088800000, 0x0000000088800000| Untracked 
|  83|0x0000000088900000, 0x0000000088900000, 0x0000000088a00000|  0%| F|  |TAMS 0x0000000088900000, 0x0000000088900000| Untracked 
|  84|0x0000000088a00000, 0x0000000088a00000, 0x0000000088b00000|  0%| F|  |TAMS 0x0000000088a00000, 0x0000000088a00000| Untracked 
|  85|0x0000000088b00000, 0x0000000088b00000, 0x0000000088c00000|  0%| F|  |TAMS 0x0000000088b00000, 0x0000000088b00000| Untracked 
|  86|0x0000000088c00000, 0x0000000088c00000, 0x0000000088d00000|  0%| F|  |TAMS 0x0000000088c00000, 0x0000000088c00000| Untracked 
|  87|0x0000000088d00000, 0x0000000088d00000, 0x0000000088e00000|  0%| F|  |TAMS 0x0000000088d00000, 0x0000000088d00000| Untracked 
|  88|0x0000000088e00000, 0x0000000088e00000, 0x0000000088f00000|  0%| F|  |TAMS 0x0000000088e00000, 0x0000000088e00000| Untracked 
|  89|0x0000000088f00000, 0x0000000088f00000, 0x0000000089000000|  0%| F|  |TAMS 0x0000000088f00000, 0x0000000088f00000| Untracked 
|  90|0x0000000089000000, 0x0000000089000000, 0x0000000089100000|  0%| F|  |TAMS 0x0000000089000000, 0x0000000089000000| Untracked 
|  91|0x0000000089100000, 0x0000000089100000, 0x0000000089200000|  0%| F|  |TAMS 0x0000000089100000, 0x0000000089100000| Untracked 
|  92|0x0000000089200000, 0x0000000089200000, 0x0000000089300000|  0%| F|  |TAMS 0x0000000089200000, 0x0000000089200000| Untracked 
|  93|0x0000000089300000, 0x0000000089300000, 0x0000000089400000|  0%| F|  |TAMS 0x0000000089300000, 0x0000000089300000| Untracked 
|  94|0x0000000089400000, 0x0000000089400000, 0x0000000089500000|  0%| F|  |TAMS 0x0000000089400000, 0x0000000089400000| Untracked 
|  95|0x0000000089500000, 0x0000000089500000, 0x0000000089600000|  0%| F|  |TAMS 0x0000000089500000, 0x0000000089500000| Untracked 
|  96|0x0000000089600000, 0x0000000089600000, 0x0000000089700000|  0%| F|  |TAMS 0x0000000089600000, 0x0000000089600000| Untracked 
|  97|0x0000000089700000, 0x0000000089700000, 0x0000000089800000|  0%| F|  |TAMS 0x0000000089700000, 0x0000000089700000| Untracked 
|  98|0x0000000089800000, 0x0000000089800000, 0x0000000089900000|  0%| F|  |TAMS 0x0000000089800000, 0x0000000089800000| Untracked 
|  99|0x0000000089900000, 0x0000000089900000, 0x0000000089a00000|  0%| F|  |TAMS 0x0000000089900000, 0x0000000089900000| Untracked 
| 100|0x0000000089a00000, 0x0000000089a00000, 0x0000000089b00000|  0%| F|  |TAMS 0x0000000089a00000, 0x0000000089a00000| Untracked 
| 101|0x0000000089b00000, 0x0000000089b00000, 0x0000000089c00000|  0%| F|  |TAMS 0x0000000089b00000, 0x0000000089b00000| Untracked 
| 102|0x0000000089c00000, 0x0000000089c00000, 0x0000000089d00000|  0%| F|  |TAMS 0x0000000089c00000, 0x0000000089c00000| Untracked 
| 103|0x0000000089d00000, 0x0000000089d00000, 0x0000000089e00000|  0%| F|  |TAMS 0x0000000089d00000, 0x0000000089d00000| Untracked 
| 104|0x0000000089e00000, 0x0000000089ed5030, 0x0000000089f00000| 83%| S|CS|TAMS 0x0000000089e00000, 0x0000000089e00000| Complete 
| 105|0x0000000089f00000, 0x000000008a000000, 0x000000008a000000|100%| S|CS|TAMS 0x0000000089f00000, 0x0000000089f00000| Complete 
| 106|0x000000008a000000, 0x000000008a100000, 0x000000008a100000|100%| S|CS|TAMS 0x000000008a000000, 0x000000008a000000| Complete 
| 107|0x000000008a100000, 0x000000008a180800, 0x000000008a200000| 50%| E|  |TAMS 0x000000008a100000, 0x000000008a100000| Complete 
| 108|0x000000008a200000, 0x000000008a300000, 0x000000008a300000|100%| E|CS|TAMS 0x000000008a200000, 0x000000008a200000| Complete 
| 109|0x000000008a300000, 0x000000008a400000, 0x000000008a400000|100%| E|CS|TAMS 0x000000008a300000, 0x000000008a300000| Complete 
| 110|0x000000008a400000, 0x000000008a500000, 0x000000008a500000|100%| E|CS|TAMS 0x000000008a400000, 0x000000008a400000| Complete 
| 111|0x000000008a500000, 0x000000008a600000, 0x000000008a600000|100%| E|CS|TAMS 0x000000008a500000, 0x000000008a500000| Complete 
| 112|0x000000008a600000, 0x000000008a700000, 0x000000008a700000|100%| E|CS|TAMS 0x000000008a600000, 0x000000008a600000| Complete 
| 113|0x000000008a700000, 0x000000008a800000, 0x000000008a800000|100%| E|CS|TAMS 0x000000008a700000, 0x000000008a700000| Complete 
| 114|0x000000008a800000, 0x000000008a900000, 0x000000008a900000|100%| E|CS|TAMS 0x000000008a800000, 0x000000008a800000| Complete 
| 115|0x000000008a900000, 0x000000008aa00000, 0x000000008aa00000|100%| E|CS|TAMS 0x000000008a900000, 0x000000008a900000| Complete 
| 116|0x000000008aa00000, 0x000000008ab00000, 0x000000008ab00000|100%| E|CS|TAMS 0x000000008aa00000, 0x000000008aa00000| Complete 
| 117|0x000000008ab00000, 0x000000008ac00000, 0x000000008ac00000|100%| E|CS|TAMS 0x000000008ab00000, 0x000000008ab00000| Complete 
| 118|0x000000008ac00000, 0x000000008ad00000, 0x000000008ad00000|100%| E|  |TAMS 0x000000008ac00000, 0x000000008ac00000| Complete 
| 119|0x000000008ad00000, 0x000000008ae00000, 0x000000008ae00000|100%| E|CS|TAMS 0x000000008ad00000, 0x000000008ad00000| Complete 
| 120|0x000000008ae00000, 0x000000008af00000, 0x000000008af00000|100%| E|CS|TAMS 0x000000008ae00000, 0x000000008ae00000| Complete 
| 121|0x000000008af00000, 0x000000008b000000, 0x000000008b000000|100%| E|CS|TAMS 0x000000008af00000, 0x000000008af00000| Complete 
| 122|0x000000008b000000, 0x000000008b100000, 0x000000008b100000|100%| E|CS|TAMS 0x000000008b000000, 0x000000008b000000| Complete 
| 123|0x000000008b100000, 0x000000008b200000, 0x000000008b200000|100%| E|CS|TAMS 0x000000008b100000, 0x000000008b100000| Complete 
| 124|0x000000008b200000, 0x000000008b300000, 0x000000008b300000|100%| E|CS|TAMS 0x000000008b200000, 0x000000008b200000| Complete 
| 125|0x000000008b300000, 0x000000008b400000, 0x000000008b400000|100%| E|CS|TAMS 0x000000008b300000, 0x000000008b300000| Complete 

Card table byte_map: [0x00000251e13c0000,0x00000251e17b0000] _byte_map_base: 0x00000251e0fa5000

Marking Bits (Prev, Next): (CMBitMap*) 0x00000251ca7899b0, (CMBitMap*) 0x00000251ca7899f0
 Prev Bits: [0x00000251e1ba0000, 0x00000251e3ac8000)
 Next Bits: [0x00000251e3ad0000, 0x00000251e59f8000)

Polling page: 0x00000251c85d0000

Metaspace:

Usage:
  Non-class:     11.46 MB used.
      Class:      1.79 MB used.
       Both:     13.25 MB used.

Virtual space:
  Non-class space:       64.00 MB reserved,      11.56 MB ( 18%) committed,  1 nodes.
      Class space:        1.00 GB reserved,       1.88 MB ( <1%) committed,  1 nodes.
             Both:        1.06 GB reserved,      13.44 MB (  1%) committed. 

Chunk freelists:
   Non-Class:  4.33 MB
       Class:  13.95 MB
        Both:  18.28 MB

MaxMetaspaceSize: unlimited
CompressedClassSpaceSize: 1.00 GB
Initial GC threshold: 21.00 MB
Current GC threshold: 21.00 MB
CDS: on
MetaspaceReclaimPolicy: balanced
 - commit_granule_bytes: 65536.
 - commit_granule_words: 8192.
 - virtual_space_node_default_size: 8388608.
 - enlarge_chunks_in_place: 1.
 - new_chunks_are_fully_committed: 0.
 - uncommit_free_chunks: 1.
 - use_allocation_guard: 0.
 - handle_deallocations: 1.


Internal statistics:

num_allocs_failed_limit: 0.
num_arena_births: 146.
num_arena_deaths: 0.
num_vsnodes_births: 2.
num_vsnodes_deaths: 0.
num_space_committed: 215.
num_space_uncommitted: 0.
num_chunks_returned_to_freelist: 0.
num_chunks_taken_from_freelist: 531.
num_chunk_merges: 0.
num_chunk_splits: 390.
num_chunks_enlarged: 310.
num_inconsistent_stats: 0.

CodeHeap 'non-profiled nmethods': size=120000Kb used=659Kb max_used=659Kb free=119341Kb
 bounds [0x00000251d9aa0000, 0x00000251d9d10000, 0x00000251e0fd0000]
CodeHeap 'profiled nmethods': size=120000Kb used=2515Kb max_used=2515Kb free=117484Kb
 bounds [0x00000251d1fd0000, 0x00000251d2250000, 0x00000251d9500000]
CodeHeap 'non-nmethods': size=5760Kb used=1392Kb max_used=1473Kb free=4367Kb
 bounds [0x00000251d9500000, 0x00000251d9770000, 0x00000251d9aa0000]
 total_blobs=2216 nmethods=1484 adapters=644
 compilation: enabled
              stopped_count=0, restarted_count=0
 full_count=0

Compilation events (20 events):
Event: 1.949 Thread 0x00000251e7eac6c0 1476   !   4       java.util.zip.Inflater::inflate (418 bytes)
Event: 1.954 Thread 0x00000251e7eac6c0 nmethod 1476 0x00000251d9b3c610 code [0x00000251d9b3c7c0, 0x00000251d9b3ce98]
Event: 1.963 Thread 0x00000251f24d3ff0 nmethod 1465 0x00000251d9b3d510 code [0x00000251d9b3d6a0, 0x00000251d9b3dd38]
Event: 1.965 Thread 0x00000251e7eac6c0 1477   !   4       java.util.zip.InflaterInputStream::read (138 bytes)
Event: 1.971 Thread 0x00000251f24d3ff0 1478       4       java.io.BufferedInputStream::read1 (108 bytes)
Event: 1.980 Thread 0x00000251f24d3ff0 nmethod 1478 0x00000251d9b3de90 code [0x00000251d9b3e040, 0x00000251d9b3e8f8]
Event: 1.983 Thread 0x00000251f24d3ff0 1479       4       com.sun.javafx.image.impl.BaseByteToByteConverter$FourByteReorderer::doConvert (138 bytes)
Event: 1.990 Thread 0x00000251f24d3ff0 nmethod 1479 0x00000251d9b3ed10 code [0x00000251d9b3eea0, 0x00000251d9b3f2b8]
Event: 1.991 Thread 0x00000251e7f0fae0 1480       3       com.sun.javafx.css.StyleMap$$Lambda$193/0x0000025181185460::compare (12 bytes)
Event: 1.991 Thread 0x00000251f24d3ff0 1482       4       java.lang.String::equals (56 bytes)
Event: 1.991 Thread 0x00000251e7f0fae0 nmethod 1480 0x00000251d2243a90 code [0x00000251d2243c40, 0x00000251d2243f68]
Event: 1.991 Thread 0x00000251e7f0fae0 1481       3       com.sun.javafx.css.StyleMap::lambda$static$0 (31 bytes)
Event: 1.991 Thread 0x00000251e7f0fae0 nmethod 1481 0x00000251d2244090 code [0x00000251d2244280, 0x00000251d22445d8]
Event: 1.992 Thread 0x00000251f24d3ff0 nmethod 1482 0x00000251d9b3f510 code [0x00000251d9b3f680, 0x00000251d9b3f858]
Event: 1.997 Thread 0x00000251e7f0fae0 1483       3       java.lang.Class$ReflectionData::<init> (10 bytes)
Event: 1.997 Thread 0x00000251e7f0fae0 nmethod 1483 0x00000251d2244810 code [0x00000251d22449a0, 0x00000251d2244b18]
Event: 1.997 Thread 0x00000251e7f0fae0 1484       3       java.lang.Class$Atomic::casReflectionData (13 bytes)
Event: 1.997 Thread 0x00000251e7f0fae0 nmethod 1484 0x00000251d2244c10 code [0x00000251d2244da0, 0x00000251d2244ef8]
Event: 1.997 Thread 0x00000251e7f0fae0 1485       1       javafx.css.ParsedValue::getValue (5 bytes)
Event: 1.997 Thread 0x00000251e7f0fae0 nmethod 1485 0x00000251d9b3f910 code [0x00000251d9b3faa0, 0x00000251d9b3fb78]

GC Heap History (4 events):
Event: 0.799 GC heap before
{Heap before GC invocations=0 (full 0):
 garbage-first heap   total 129024K, used 12288K [0x0000000083600000, 0x0000000100000000)
  region size 1024K, 13 young (13312K), 0 survivors (0K)
 Metaspace       used 2435K, committed 2624K, reserved 1114112K
  class space    used 251K, committed 384K, reserved 1048576K
}
Event: 0.802 GC heap after
{Heap after GC invocations=1 (full 0):
 garbage-first heap   total 129024K, used 2027K [0x0000000083600000, 0x0000000100000000)
  region size 1024K, 2 young (2048K), 2 survivors (2048K)
 Metaspace       used 2435K, committed 2624K, reserved 1114112K
  class space    used 251K, committed 384K, reserved 1048576K
}
Event: 1.354 GC heap before
{Heap before GC invocations=1 (full 0):
 garbage-first heap   total 129024K, used 18411K [0x0000000083600000, 0x0000000100000000)
  region size 1024K, 19 young (19456K), 2 survivors (2048K)
 Metaspace       used 9202K, committed 9472K, reserved 1114112K
  class space    used 1134K, committed 1280K, reserved 1048576K
}
Event: 1.364 GC heap after
{Heap after GC invocations=2 (full 0):
 garbage-first heap   total 129024K, used 4888K [0x0000000083600000, 0x0000000100000000)
  region size 1024K, 3 young (3072K), 3 survivors (3072K)
 Metaspace       used 9202K, committed 9472K, reserved 1114112K
  class space    used 1134K, committed 1280K, reserved 1048576K
}

Deoptimization events (20 events):
Event: 1.963 Thread 0x00000251ec9737c0 DEOPT PACKING pc=0x00000251d223f2c3 sp=0x00000066a01fd5e0
Event: 1.963 Thread 0x00000251ec9737c0 DEOPT UNPACKING pc=0x00000251d95566e3 sp=0x00000066a01fca70 mode 0
Event: 1.963 Thread 0x00000251ec9737c0 DEOPT PACKING pc=0x00000251d223f2c3 sp=0x00000066a01fd5e0
Event: 1.963 Thread 0x00000251ec9737c0 DEOPT UNPACKING pc=0x00000251d95566e3 sp=0x00000066a01fca70 mode 0
Event: 1.963 Thread 0x00000251ec9737c0 DEOPT PACKING pc=0x00000251d223f2c3 sp=0x00000066a01fd5e0
Event: 1.963 Thread 0x00000251ec9737c0 DEOPT UNPACKING pc=0x00000251d95566e3 sp=0x00000066a01fca70 mode 0
Event: 1.963 Thread 0x00000251ec9737c0 DEOPT PACKING pc=0x00000251d223f2c3 sp=0x00000066a01fd5e0
Event: 1.963 Thread 0x00000251ec9737c0 DEOPT UNPACKING pc=0x00000251d95566e3 sp=0x00000066a01fca70 mode 0
Event: 1.963 Thread 0x00000251ec9737c0 DEOPT PACKING pc=0x00000251d223f2c3 sp=0x00000066a01fd5e0
Event: 1.963 Thread 0x00000251ec9737c0 DEOPT UNPACKING pc=0x00000251d95566e3 sp=0x00000066a01fca70 mode 0
Event: 1.983 Thread 0x00000251ec9737c0 DEOPT PACKING pc=0x00000251d21f909b sp=0x00000066a01fd760
Event: 1.983 Thread 0x00000251ec9737c0 DEOPT UNPACKING pc=0x00000251d95566e3 sp=0x00000066a01fcbf0 mode 0
Event: 1.989 Thread 0x00000251ec9737c0 Uncommon trap: trap_request=0xffffff45 fr.pc=0x00000251d9b25ae0 relative=0x00000000000014c0
Event: 1.989 Thread 0x00000251ec9737c0 Uncommon trap: reason=unstable_if action=reinterpret pc=0x00000251d9b25ae0 method=com.sun.javafx.image.impl.BaseByteToByteConverter$FourByteReorderer.doConvert([BII[BIIII)V @ 31 c2
Event: 1.989 Thread 0x00000251ec9737c0 DEOPT PACKING pc=0x00000251d9b25ae0 sp=0x00000066a01fd720
Event: 1.989 Thread 0x00000251ec9737c0 DEOPT UNPACKING pc=0x00000251d9555ba3 sp=0x00000066a01fd6f0 mode 2
Event: 1.999 Thread 0x00000251ec9737c0 Uncommon trap: trap_request=0xffffff45 fr.pc=0x00000251d9af8178 relative=0x0000000000000178
Event: 1.999 Thread 0x00000251ec9737c0 Uncommon trap: reason=unstable_if action=reinterpret pc=0x00000251d9af8178 method=java.lang.String.indexOf(II)I @ 4 c2
Event: 1.999 Thread 0x00000251ec9737c0 DEOPT PACKING pc=0x00000251d9af8178 sp=0x00000066a01fd6e0
Event: 1.999 Thread 0x00000251ec9737c0 DEOPT UNPACKING pc=0x00000251d9555ba3 sp=0x00000066a01fd610 mode 2

Classes unloaded (0 events):
No events

Classes redefined (0 events):
No events

Internal exceptions (20 events):
Event: 1.045 Thread 0x00000251ca731020 Exception <a 'java/lang/NoSuchMethodError'{0x000000008ab69300}: 'java.lang.Object java.lang.invoke.DirectMethodHandle$Holder.invokeStatic(java.lang.Object, int, java.lang.Object)'> (0x000000008ab69300) 
thrown [s\open\src\hotspot\share\interpreter\linkResolver.cpp, line 759]
Event: 1.051 Thread 0x00000251ca731020 Exception <a 'java/lang/ClassNotFoundException'{0x000000008ab8c680}: sun/util/logging/resources/spi/loggingProvider> (0x000000008ab8c680) 
thrown [s\open\src\hotspot\share\classfile\systemDictionary.cpp, line 256]
Event: 1.063 Thread 0x00000251ca731020 Exception <a 'java/lang/NoSuchMethodError'{0x000000008abaaef0}: 'java.lang.Object java.lang.invoke.DirectMethodHandle$Holder.newInvokeSpecial(java.lang.Object, java.lang.Object, java.lang.Object, java.lang.Object, java.lang.Object)'> (0x000000008abaaef0) 
thrown [s\open\src\hotspot\share\interpreter\linkResolver.cpp, line 759]
Event: 1.065 Thread 0x00000251ecad4970 Exception <a 'java/lang/NoSuchMethodError'{0x000000008abf9888}: 'void java.lang.invoke.DirectMethodHandle$Holder.invokeStatic(java.lang.Object, java.lang.Object, java.lang.Object, java.lang.Object)'> (0x000000008abf9888) 
thrown [s\open\src\hotspot\share\interpreter\linkResolver.cpp, line 759]
Event: 1.222 Thread 0x00000251ec9737c0 Exception <a 'java/lang/NoSuchMethodError'{0x000000008a4fa900}: 'java.lang.Object java.lang.invoke.DirectMethodHandle$Holder.invokeStaticInit(java.lang.Object, java.lang.Object, java.lang.Object, java.lang.Object)'> (0x000000008a4fa900) 
thrown [s\open\src\hotspot\share\interpreter\linkResolver.cpp, line 759]
Event: 1.223 Thread 0x00000251ec9737c0 Exception <a 'java/lang/NullPointerException'{0x000000008a3069c8}> (0x000000008a3069c8) 
thrown [s\open\src\hotspot\share\interpreter\linkResolver.cpp, line 1350]
Event: 1.351 Thread 0x00000251ec9737c0 Exception <a 'java/lang/ClassNotFoundException'{0x000000008a1cd918}: com/sun/glass/ui/win/themes> (0x000000008a1cd918) 
thrown [s\open\src\hotspot\share\prims\jni.cpp, line 535]
Event: 1.352 Thread 0x00000251ec9737c0 Exception <a 'java/lang/ClassNotFoundException'{0x000000008a1d5898}: com/sun/glass/ui/win/themes_es> (0x000000008a1d5898) 
thrown [s\open\src\hotspot\share\prims\jni.cpp, line 535]
Event: 1.352 Thread 0x00000251ec9737c0 Exception <a 'java/lang/ClassNotFoundException'{0x000000008a1dd8f8}: com/sun/glass/ui/win/themes_es_ES> (0x000000008a1dd8f8) 
thrown [s\open\src\hotspot\share\prims\jni.cpp, line 535]
Event: 1.470 Thread 0x00000251ec9737c0 Exception <a 'java/lang/NoSuchMethodError'{0x000000008aff46d8}: 'void java.lang.invoke.DirectMethodHandle$Holder.invokeStaticInit(java.lang.Object, java.lang.Object)'> (0x000000008aff46d8) 
thrown [s\open\src\hotspot\share\interpreter\linkResolver.cpp, line 759]
Event: 1.674 Thread 0x00000251ec9737c0 Implicit null exception at 0x00000251d9ac5458 to 0x00000251d9ac54ee
Event: 1.679 Thread 0x00000251ec9737c0 Exception <a 'java/io/FileNotFoundException'{0x000000008a86cf98}> (0x000000008a86cf98) 
thrown [s\open\src\hotspot\share\prims\jni.cpp, line 516]
Event: 1.729 Thread 0x00000251ec9737c0 Implicit null exception at 0x00000251d9b1670f to 0x00000251d9b16c48
Event: 1.856 Thread 0x00000251ec9737c0 Exception <a 'java/lang/UnsatisfiedLinkError'{0x000000008a4e3458}: 'void com.sun.glass.ui.win.WinWindow._updateViewSize(long)'> (0x000000008a4e3458) 
thrown [s\open\src\hotspot\share\prims\nativeLookup.cpp, line 543]
Event: 1.884 Thread 0x00000251ec9737c0 Exception <a 'java/lang/NoSuchMethodError'{0x000000008a2a63b0}: 'long java.lang.invoke.DirectMethodHandle$Holder.invokeStatic(java.lang.Object, java.lang.Object, java.lang.Object)'> (0x000000008a2a63b0) 
thrown [s\open\src\hotspot\share\interpreter\linkResolver.cpp, line 759]
Event: 1.886 Thread 0x00000251ec9737c0 Exception <a 'java/lang/NoSuchMethodError'{0x000000008a2a9b58}: 'long java.lang.invoke.DirectMethodHandle$Holder.invokeStaticInit(java.lang.Object, java.lang.Object, java.lang.Object)'> (0x000000008a2a9b58) 
thrown [s\open\src\hotspot\share\interpreter\linkResolver.cpp, line 759]
Event: 1.902 Thread 0x00000251ec9737c0 Exception <a 'java/lang/NoSuchMethodError'{0x000000008a2c1758}: 'java.lang.Object java.lang.invoke.DirectMethodHandle$Holder.newInvokeSpecial(java.lang.Object, java.lang.Object, long)'> (0x000000008a2c1758) 
thrown [s\open\src\hotspot\share\interpreter\linkResolver.cpp, line 759]
Event: 1.902 Thread 0x00000251ec9737c0 Exception <a 'java/lang/NoSuchMethodError'{0x000000008a2c52c8}: 'java.lang.Object java.lang.invoke.Invokers$Holder.linkToTargetMethod(java.lang.Object, long, java.lang.Object)'> (0x000000008a2c52c8) 
thrown [s\open\src\hotspot\share\interpreter\linkResolver.cpp, line 759]
Event: 1.907 Thread 0x00000251ec9737c0 Implicit null exception at 0x00000251d9b0d70a to 0x00000251d9b0dc40
Event: 1.910 Thread 0x00000251ec9737c0 Implicit null exception at 0x00000251d9af008f to 0x00000251d9af0109

VM Operations (20 events):
Event: 0.500 Executing VM operation: HandshakeAllThreads
Event: 0.500 Executing VM operation: HandshakeAllThreads done
Event: 0.777 Executing VM operation: HandshakeAllThreads
Event: 0.777 Executing VM operation: HandshakeAllThreads done
Event: 0.799 Executing VM operation: G1CollectForAllocation
Event: 0.802 Executing VM operation: G1CollectForAllocation done
Event: 0.864 Executing VM operation: HandshakeAllThreads
Event: 0.864 Executing VM operation: HandshakeAllThreads done
Event: 0.870 Executing VM operation: HandshakeAllThreads
Event: 0.870 Executing VM operation: HandshakeAllThreads done
Event: 0.889 Executing VM operation: HandshakeAllThreads
Event: 0.889 Executing VM operation: HandshakeAllThreads done
Event: 0.984 Executing VM operation: HandshakeAllThreads
Event: 0.984 Executing VM operation: HandshakeAllThreads done
Event: 1.013 Executing VM operation: HandshakeAllThreads
Event: 1.013 Executing VM operation: HandshakeAllThreads done
Event: 1.354 Executing VM operation: G1CollectForAllocation
Event: 1.364 Executing VM operation: G1CollectForAllocation done
Event: 1.703 Executing VM operation: HandshakeAllThreads
Event: 1.703 Executing VM operation: HandshakeAllThreads done

Events (20 events):
Event: 1.717 loading class java/lang/constant/PrimitiveClassDescImpl
Event: 1.717 loading class java/lang/constant/DynamicConstantDesc
Event: 1.717 loading class java/lang/constant/DynamicConstantDesc done
Event: 1.717 loading class java/lang/constant/PrimitiveClassDescImpl done
Event: 1.717 loading class java/lang/constant/DynamicConstantDesc$AnonymousDynamicConstantDesc
Event: 1.717 loading class java/lang/constant/DynamicConstantDesc$AnonymousDynamicConstantDesc done
Event: 1.717 loading class sun/security/provider/ByteArrayAccess
Event: 1.717 loading class sun/security/provider/ByteArrayAccess done
Event: 1.786 loading class java/lang/StrictMath
Event: 1.786 loading class java/lang/StrictMath done
Event: 1.854 loading class jdk/jfr/FlightRecorder
Event: 1.854 loading class jdk/jfr/FlightRecorder done
Event: 1.882 loading class java/util/concurrent/ConcurrentLinkedQueue
Event: 1.882 loading class java/util/concurrent/ConcurrentLinkedQueue done
Event: 1.882 loading class java/util/concurrent/ConcurrentLinkedQueue$Node
Event: 1.882 loading class java/util/concurrent/ConcurrentLinkedQueue$Node done
Event: 1.904 loading class java/util/WeakHashMap$EntrySet
Event: 1.904 loading class java/util/WeakHashMap$EntrySet done
Event: 1.904 loading class java/util/WeakHashMap$EntryIterator
Event: 1.904 loading class java/util/WeakHashMap$EntryIterator done


Dynamic libraries:
0x00007ff7894c0000 - 0x00007ff7894d0000 	C:\Program Files\Java\jdk-17\bin\java.exe
0x00007ffd69dd0000 - 0x00007ffd69fe7000 	C:\WINDOWS\SYSTEM32\ntdll.dll
0x00007ffd69180000 - 0x00007ffd69244000 	C:\WINDOWS\System32\KERNEL32.DLL
0x00007ffd67740000 - 0x00007ffd67af7000 	C:\WINDOWS\System32\KERNELBASE.dll
0x00007ffd67260000 - 0x00007ffd67371000 	C:\WINDOWS\System32\ucrtbase.dll
0x00007ffd5bb30000 - 0x00007ffd5bb49000 	C:\Program Files\Java\jdk-17\bin\jli.dll
0x00007ffd69880000 - 0x00007ffd69932000 	C:\WINDOWS\System32\ADVAPI32.dll
0x00007ffd69440000 - 0x00007ffd694e7000 	C:\WINDOWS\System32\msvcrt.dll
0x00007ffd69a80000 - 0x00007ffd69b28000 	C:\WINDOWS\System32\sechost.dll
0x00007ffd670e0000 - 0x00007ffd67108000 	C:\WINDOWS\System32\bcrypt.dll
0x00007ffd69060000 - 0x00007ffd69174000 	C:\WINDOWS\System32\RPCRT4.dll
0x00007ffd69b30000 - 0x00007ffd69cdf000 	C:\WINDOWS\System32\USER32.dll
0x00007ffd67230000 - 0x00007ffd67256000 	C:\WINDOWS\System32\win32u.dll
0x00007ffd699d0000 - 0x00007ffd699f9000 	C:\WINDOWS\System32\GDI32.dll
0x00007ffd67110000 - 0x00007ffd67228000 	C:\WINDOWS\System32\gdi32full.dll
0x00007ffd675e0000 - 0x00007ffd6767a000 	C:\WINDOWS\System32\msvcp_win.dll
0x00007ffd61050000 - 0x00007ffd6106b000 	C:\Program Files\Java\jdk-17\bin\VCRUNTIME140.dll
0x00007ffd45dc0000 - 0x00007ffd46053000 	C:\WINDOWS\WinSxS\amd64_microsoft.windows.common-controls_6595b64144ccf1df_6.0.22621.3672_none_2713b9d173822955\COMCTL32.dll
0x00007ffd5c180000 - 0x00007ffd5c18a000 	C:\WINDOWS\SYSTEM32\VERSION.dll
0x00007ffd68d50000 - 0x00007ffd68d81000 	C:\WINDOWS\System32\IMM32.DLL
0x00007ffd63ac0000 - 0x00007ffd63acc000 	C:\Program Files\Java\jdk-17\bin\vcruntime140_1.dll
0x00007ffd53ce0000 - 0x00007ffd53d6e000 	C:\Program Files\Java\jdk-17\bin\msvcp140.dll
0x00007ffd168f0000 - 0x00007ffd174d1000 	C:\Program Files\Java\jdk-17\bin\server\jvm.dll
0x00007ffd68d90000 - 0x00007ffd68d98000 	C:\WINDOWS\System32\PSAPI.DLL
0x00007ffd61090000 - 0x00007ffd61099000 	C:\WINDOWS\SYSTEM32\WSOCK32.dll
0x00007ffd69a00000 - 0x00007ffd69a71000 	C:\WINDOWS\System32\WS2_32.dll
0x00007ffd63b20000 - 0x00007ffd63b54000 	C:\WINDOWS\SYSTEM32\WINMM.dll
0x00007ffd66130000 - 0x00007ffd66148000 	C:\WINDOWS\SYSTEM32\kernel.appcore.dll
0x00007ffd5c8e0000 - 0x00007ffd5c8ea000 	C:\Program Files\Java\jdk-17\bin\jimage.dll
0x00007ffd647b0000 - 0x00007ffd649e2000 	C:\WINDOWS\SYSTEM32\DBGHELP.DLL
0x00007ffd68150000 - 0x00007ffd684de000 	C:\WINDOWS\System32\combase.dll
0x00007ffd68dc0000 - 0x00007ffd68e97000 	C:\WINDOWS\System32\OLEAUT32.dll
0x00007ffd63ae0000 - 0x00007ffd63b12000 	C:\WINDOWS\SYSTEM32\dbgcore.DLL
0x00007ffd67560000 - 0x00007ffd675db000 	C:\WINDOWS\System32\bcryptPrimitives.dll
0x00007ffd5bab0000 - 0x00007ffd5bad5000 	C:\Program Files\Java\jdk-17\bin\java.dll
0x00007ffd53e40000 - 0x00007ffd53f17000 	C:\Program Files\Java\jdk-17\bin\jsvml.dll
0x00007ffd684e0000 - 0x00007ffd68d49000 	C:\WINDOWS\System32\SHELL32.dll
0x00007ffd65050000 - 0x00007ffd6594f000 	C:\WINDOWS\SYSTEM32\windows.storage.dll
0x00007ffd64f10000 - 0x00007ffd6504f000 	C:\WINDOWS\SYSTEM32\wintypes.dll
0x00007ffd67b70000 - 0x00007ffd67c69000 	C:\WINDOWS\System32\SHCORE.dll
0x00007ffd694f0000 - 0x00007ffd6954e000 	C:\WINDOWS\System32\shlwapi.dll
0x00007ffd67010000 - 0x00007ffd67037000 	C:\WINDOWS\SYSTEM32\profapi.dll
0x00007ffd5bb70000 - 0x00007ffd5bb89000 	C:\Program Files\Java\jdk-17\bin\net.dll
0x00007ffd61b30000 - 0x00007ffd61c66000 	C:\WINDOWS\SYSTEM32\WINHTTP.dll
0x00007ffd66610000 - 0x00007ffd66679000 	C:\WINDOWS\system32\mswsock.dll
0x00007ffd55740000 - 0x00007ffd55756000 	C:\Program Files\Java\jdk-17\bin\nio.dll
0x00007ffd55720000 - 0x00007ffd55738000 	C:\Program Files\Java\jdk-17\bin\zip.dll
0x00000251ca640000 - 0x00000251ca643000 	C:\Program Files\Java\jdk-17\bin\api-ms-win-core-console-l1-1-0.dll
0x00000251ca650000 - 0x00000251ca653000 	C:\Program Files\Java\jdk-17\bin\api-ms-win-core-console-l1-2-0.dll
0x00000251ca660000 - 0x00000251ca663000 	C:\Program Files\Java\jdk-17\bin\api-ms-win-core-datetime-l1-1-0.dll
0x00000251ca670000 - 0x00000251ca673000 	C:\Program Files\Java\jdk-17\bin\api-ms-win-core-debug-l1-1-0.dll
0x00000251ca680000 - 0x00000251ca683000 	C:\Program Files\Java\jdk-17\bin\api-ms-win-core-errorhandling-l1-1-0.dll
0x00000251ca690000 - 0x00000251ca694000 	C:\Program Files\Java\jdk-17\bin\api-ms-win-core-file-l1-1-0.dll
0x00000251ca6a0000 - 0x00000251ca6a3000 	C:\Program Files\Java\jdk-17\bin\api-ms-win-core-file-l1-2-0.dll
0x00000251ca6b0000 - 0x00000251ca6b3000 	C:\Program Files\Java\jdk-17\bin\api-ms-win-core-file-l2-1-0.dll
0x00000251ca6c0000 - 0x00000251ca6c3000 	C:\Program Files\Java\jdk-17\bin\api-ms-win-core-handle-l1-1-0.dll
0x00000251ca6d0000 - 0x00000251ca6d3000 	C:\Program Files\Java\jdk-17\bin\api-ms-win-core-heap-l1-1-0.dll
0x00000251ca6e0000 - 0x00000251ca6e3000 	C:\Program Files\Java\jdk-17\bin\api-ms-win-core-interlocked-l1-1-0.dll
0x00000251ca6f0000 - 0x00000251ca6f3000 	C:\Program Files\Java\jdk-17\bin\api-ms-win-core-libraryloader-l1-1-0.dll
0x00000251e7f30000 - 0x00000251e7f33000 	C:\Program Files\Java\jdk-17\bin\api-ms-win-core-localization-l1-2-0.dll
0x00000251e7f40000 - 0x00000251e7f43000 	C:\Program Files\Java\jdk-17\bin\api-ms-win-core-memory-l1-1-0.dll
0x00000251e7f50000 - 0x00000251e7f53000 	C:\Program Files\Java\jdk-17\bin\api-ms-win-core-namedpipe-l1-1-0.dll
0x00000251e7f60000 - 0x00000251e7f63000 	C:\Program Files\Java\jdk-17\bin\api-ms-win-core-processenvironment-l1-1-0.dll
0x00000251e7f70000 - 0x00000251e7f73000 	C:\Program Files\Java\jdk-17\bin\api-ms-win-core-processthreads-l1-1-0.dll
0x00000251e7f80000 - 0x00000251e7f83000 	C:\Program Files\Java\jdk-17\bin\api-ms-win-core-processthreads-l1-1-1.dll
0x00000251e7f90000 - 0x00000251e7f93000 	C:\Program Files\Java\jdk-17\bin\api-ms-win-core-profile-l1-1-0.dll
0x00000251e7fa0000 - 0x00000251e7fa3000 	C:\Program Files\Java\jdk-17\bin\api-ms-win-core-rtlsupport-l1-1-0.dll
0x00000251e7fb0000 - 0x00000251e7fb3000 	C:\Program Files\Java\jdk-17\bin\api-ms-win-core-string-l1-1-0.dll
0x00000251e7fc0000 - 0x00000251e7fc3000 	C:\Program Files\Java\jdk-17\bin\api-ms-win-core-synch-l1-1-0.dll
0x00000251e7fd0000 - 0x00000251e7fd3000 	C:\Program Files\Java\jdk-17\bin\api-ms-win-core-synch-l1-2-0.dll
0x00000251e7fe0000 - 0x00000251e7fe3000 	C:\Program Files\Java\jdk-17\bin\api-ms-win-core-sysinfo-l1-1-0.dll
0x00000251e7ff0000 - 0x00000251e7ff3000 	C:\Program Files\Java\jdk-17\bin\api-ms-win-core-timezone-l1-1-0.dll
0x00000251ecd30000 - 0x00000251ecd33000 	C:\Program Files\Java\jdk-17\bin\api-ms-win-core-util-l1-1-0.dll
0x00000251ecd40000 - 0x00000251ecd43000 	C:\Program Files\Java\jdk-17\bin\api-ms-win-crt-conio-l1-1-0.dll
0x00000251ecd50000 - 0x00000251ecd54000 	C:\Program Files\Java\jdk-17\bin\api-ms-win-crt-convert-l1-1-0.dll
0x00000251ecd60000 - 0x00000251ecd63000 	C:\Program Files\Java\jdk-17\bin\api-ms-win-crt-environment-l1-1-0.dll
0x00000251ecd70000 - 0x00000251ecd73000 	C:\Program Files\Java\jdk-17\bin\api-ms-win-crt-filesystem-l1-1-0.dll
0x00000251ecd80000 - 0x00000251ecd83000 	C:\Program Files\Java\jdk-17\bin\api-ms-win-crt-heap-l1-1-0.dll
0x00000251ecd90000 - 0x00000251ecd93000 	C:\Program Files\Java\jdk-17\bin\api-ms-win-crt-locale-l1-1-0.dll
0x00000251ecda0000 - 0x00000251ecda5000 	C:\Program Files\Java\jdk-17\bin\api-ms-win-crt-math-l1-1-0.dll
0x00000251ecdb0000 - 0x00000251ecdb5000 	C:\Program Files\Java\jdk-17\bin\api-ms-win-crt-multibyte-l1-1-0.dll
0x00000251ecdc0000 - 0x00000251ecdd0000 	C:\Program Files\Java\jdk-17\bin\api-ms-win-crt-private-l1-1-0.dll
0x00000251ecdd0000 - 0x00000251ecdd3000 	C:\Program Files\Java\jdk-17\bin\api-ms-win-crt-process-l1-1-0.dll
0x00000251ecde0000 - 0x00000251ecde4000 	C:\Program Files\Java\jdk-17\bin\api-ms-win-crt-runtime-l1-1-0.dll
0x00000251ecdf0000 - 0x00000251ecdf4000 	C:\Program Files\Java\jdk-17\bin\api-ms-win-crt-stdio-l1-1-0.dll
0x00000251ece00000 - 0x00000251ece04000 	C:\Program Files\Java\jdk-17\bin\api-ms-win-crt-string-l1-1-0.dll
0x00000251ece10000 - 0x00000251ece13000 	C:\Program Files\Java\jdk-17\bin\api-ms-win-crt-time-l1-1-0.dll
0x00000251ece20000 - 0x00000251ece23000 	C:\Program Files\Java\jdk-17\bin\api-ms-win-crt-utility-l1-1-0.dll
0x00007ffd17850000 - 0x00007ffd17950000 	C:\Program Files\Java\jdk-17\bin\ucrtbase.dll
0x00007ffd5c8c0000 - 0x00007ffd5c8c9000 	C:\Windows\System32\msvcp140_1.dll
0x00007ffd1d330000 - 0x00007ffd1d371000 	C:\Windows\System32\msvcp140_2.dll
0x00007ffd2de10000 - 0x00007ffd2de33000 	C:\Program Files\Java\jre-1.8\bin\prism_d3d.dll
0x00007ffd1de50000 - 0x00007ffd1dff8000 	C:\WINDOWS\system32\d3d9.dll
0x00007ffd643e0000 - 0x00007ffd6440b000 	C:\WINDOWS\SYSTEM32\dwmapi.dll
0x00007ffd64290000 - 0x00007ffd642c7000 	C:\WINDOWS\SYSTEM32\dxcore.dll
0x00007ffd641a0000 - 0x00007ffd64251000 	C:\WINDOWS\system32\uxtheme.dll
0x00007ffd1dca0000 - 0x00007ffd1de4c000 	C:\WINDOWS\System32\DriverStore\FileRepository\iigd_dch.inf_amd64_c529b210005a7e19\igdumdim64.dll
0x00007ffd69550000 - 0x00007ffd696f5000 	C:\WINDOWS\System32\ole32.dll
0x00007ffd0d6e0000 - 0x00007ffd1133c000 	C:\WINDOWS\System32\DriverStore\FileRepository\iigd_dch.inf_amd64_c529b210005a7e19\igd9dxva64.dll
0x00007ffd67cd0000 - 0x00007ffd68144000 	C:\WINDOWS\System32\SETUPAPI.dll
0x00007ffd66dd0000 - 0x00007ffd66e1e000 	C:\WINDOWS\SYSTEM32\cfgmgr32.dll
0x00007ffd551f0000 - 0x00007ffd555e0000 	C:\WINDOWS\System32\DriverStore\FileRepository\iigd_dch.inf_amd64_c529b210005a7e19\igdgmm64.dll
0x00007ffd5a600000 - 0x00007ffd5a649000 	C:\WINDOWS\SYSTEM32\directxdatabasehelper.dll
0x00007ffd1d2e0000 - 0x00007ffd1d322000 	C:\Program Files\Java\jre-1.8\bin\glass.dll
0x00007ffd69340000 - 0x00007ffd6943f000 	C:\WINDOWS\System32\COMDLG32.dll
0x00007ffd69700000 - 0x00007ffd69860000 	C:\WINDOWS\System32\MSCTF.dll
0x00007ffd1dc70000 - 0x00007ffd1dc97000 	C:\WINDOWS\System32\DriverStore\FileRepository\iigd_dch.inf_amd64_c529b210005a7e19\igdinfo64.dll
0x00007ffd668e0000 - 0x00007ffd668fb000 	C:\WINDOWS\SYSTEM32\CRYPTSP.dll
0x00007ffd66090000 - 0x00007ffd660c5000 	C:\WINDOWS\system32\rsaenh.dll
0x00007ffd66900000 - 0x00007ffd6690c000 	C:\WINDOWS\SYSTEM32\CRYPTBASE.dll
0x00007ffd4bd80000 - 0x00007ffd503c4000 	C:\WINDOWS\System32\DriverStore\FileRepository\iigd_dch.inf_amd64_c529b210005a7e19\igc64.dll
0x00007ffd65c20000 - 0x00007ffd65d22000 	C:\WINDOWS\SYSTEM32\DNSAPI.dll
0x00007ffd65bb0000 - 0x00007ffd65bdd000 	C:\WINDOWS\SYSTEM32\IPHLPAPI.DLL
0x00007ffd67b00000 - 0x00007ffd67b09000 	C:\WINDOWS\System32\NSI.dll
0x00007ffd5c4b0000 - 0x00007ffd5c4ba000 	C:\Windows\System32\rasadhlp.dll
0x00007ffd60810000 - 0x00007ffd60893000 	C:\WINDOWS\System32\fwpuclnt.dll
0x00007ffd5bb10000 - 0x00007ffd5bb24000 	C:\Program Files\Java\jre-1.8\bin\javafx_font.dll
0x00007ffd620f0000 - 0x00007ffd62363000 	C:\WINDOWS\SYSTEM32\dwrite.dll
0x00007ffd69ce0000 - 0x00007ffd69d90000 	C:\WINDOWS\System32\clbcatq.dll
0x00007ffd63f90000 - 0x00007ffd64141000 	C:\WINDOWS\SYSTEM32\WindowsCodecs.dll
0x00007ffd3c9e0000 - 0x00007ffd3ca3e000 	C:\WINDOWS\system32\dataexchange.dll
0x00007ffd57700000 - 0x00007ffd579a2000 	C:\WINDOWS\system32\twinapi.appcore.dll
0x00007ffd19170000 - 0x00007ffd191a2000 	C:\Program Files\Common Files\Microsoft Shared\Ink\rtscom.dll

dbghelp: loaded successfully - version: 4.0.5 - missing functions: none
symbol engine: initialized successfully - sym options: 0x614 - pdb path: .;C:\Program Files\Java\jdk-17\bin;C:\WINDOWS\SYSTEM32;C:\WINDOWS\WinSxS\amd64_microsoft.windows.common-controls_6595b64144ccf1df_6.0.22621.3672_none_2713b9d173822955;C:\Program Files\Java\jdk-17\bin\server;C:\Program Files\Java\jre-1.8\bin;C:\WINDOWS\System32\DriverStore\FileRepository\iigd_dch.inf_amd64_c529b210005a7e19;C:\Program Files\Common Files\Microsoft Shared\Ink

VM Arguments:
jvm_args: -Dfile.encoding=UTF-8 --module-path=C:\Users\bemen3\Documents\javafx-sdk-22\lib --add-modules=javafx.controls,javafx.fxml --module-path=C:\Users\PauAl\Documents\Java\javafx\javafx-swt.jar;C:\Users\PauAl\Documents\Java\javafx\javafx.base.jar;C:\Users\PauAl\Documents\Java\javafx\javafx.controls.jar;C:\Users\PauAl\Documents\Java\javafx\javafx.fxml.jar;C:\Users\PauAl\Documents\Java\javafx\javafx.graphics.jar;C:\Users\PauAl\Documents\Java\javafx\javafx.media.jar;C:\Users\PauAl\Documents\Java\javafx\javafx.swing.jar;C:\Users\PauAl\Documents\Java\javafx\javafx.web.jar 
java_command: gui.Main
java_class_path (initial): C:\Users\PauAl\Documents\Java\javafx\javafx-swt.jar;C:\Users\PauAl\Documents\Java\javafx\javafx.base.jar;C:\Users\PauAl\Documents\Java\javafx\javafx.controls.jar;C:\Users\PauAl\Documents\Java\javafx\javafx.fxml.jar;C:\Users\PauAl\Documents\Java\javafx\javafx.graphics.jar;C:\Users\PauAl\Documents\Java\javafx\javafx.media.jar;C:\Users\PauAl\Documents\Java\javafx\javafx.swing.jar;C:\Users\PauAl\Documents\Java\javafx\javafx.web.jar;C:\Users\PauAl\Downloads\CASINO-6.0.0-beta\db\mysql-connector-java-8.0.29.jar;C:\Users\PauAl\Downloads\CASINO-6.0.0-beta\code\build\classes
Launcher Type: SUN_STANDARD

[Global flags]
     intx CICompilerCount                          = 3                                         {product} {ergonomic}
     uint ConcGCThreads                            = 1                                         {product} {ergonomic}
     uint G1ConcRefinementThreads                  = 4                                         {product} {ergonomic}
   size_t G1HeapRegionSize                         = 1048576                                   {product} {ergonomic}
    uintx GCDrainStackTargetSize                   = 64                                        {product} {ergonomic}
   size_t InitialHeapSize                          = 132120576                                 {product} {ergonomic}
   size_t MarkStackSize                            = 4194304                                   {product} {ergonomic}
   size_t MaxHeapSize                              = 2090860544                                {product} {ergonomic}
   size_t MaxNewSize                               = 1254096896                                {product} {ergonomic}
   size_t MinHeapDeltaBytes                        = 1048576                                   {product} {ergonomic}
   size_t MinHeapSize                              = 8388608                                   {product} {ergonomic}
    uintx NonNMethodCodeHeapSize                   = 5832780                                {pd product} {ergonomic}
    uintx NonProfiledCodeHeapSize                  = 122912730                              {pd product} {ergonomic}
    uintx ProfiledCodeHeapSize                     = 122912730                              {pd product} {ergonomic}
    uintx ReservedCodeCacheSize                    = 251658240                              {pd product} {ergonomic}
     bool SegmentedCodeCache                       = true                                      {product} {ergonomic}
   size_t SoftMaxHeapSize                          = 2090860544                             {manageable} {ergonomic}
     bool UseCompressedClassPointers               = true                           {product lp64_product} {ergonomic}
     bool UseCompressedOops                        = true                           {product lp64_product} {ergonomic}
     bool UseG1GC                                  = true                                      {product} {ergonomic}
     bool UseLargePagesIndividualAllocation        = false                                  {pd product} {ergonomic}

Logging:
Log output configuration:
 #0: stdout all=warning uptime,level,tags
 #1: stderr all=off uptime,level,tags

Environment Variables:
JAVA_HOME=C:\Program Files\Java\jre-1.8
PATH=C:\Program Files\Common Files\Oracle\Java\javapath;C:\Program Files (x86)\Common Files\Oracle\Java\javapath;C:\WINDOWS\system32;C:\WINDOWS;C:\WINDOWS\System32\Wbem;C:\WINDOWS\System32\WindowsPowerShell\v1.0\;C:\WINDOWS\System32\OpenSSH\;C:\MinGW\bin;C:\Program Files\dotnet\;C:\ProgramData\chocolatey\bin;C:\Program Files\Java\jre-1.8\bin;C:\Program Files\Git\cmd;C:\Users\PauAl\AppData\Local\Microsoft\WindowsApps;;C:\Users\PauAl\AppData\Local\Programs\Microsoft VS Code\bin;C:\Users\PauAl\.dotnet\tools
USERNAME=PauAl
OS=Windows_NT
PROCESSOR_IDENTIFIER=Intel64 Family 6 Model 140 Stepping 1, GenuineIntel



---------------  S Y S T E M  ---------------

OS:
 Windows 11 , 64 bit Build 22621 (10.0.22621.3958)
OS uptime: 2 days 23:16 hours

CPU: total 4 (initial active 4) (2 cores per cpu, 2 threads per core) family 6 model 140 stepping 1 microcode 0x86, cx8, cmov, fxsr, ht, mmx, 3dnowpref, sse, sse2, sse3, ssse3, sse4.1, sse4.2, popcnt, lzcnt, tsc, tscinvbit, avx, avx2, aes, erms, clmul, bmi1, bmi2, adx, avx512f, avx512dq, avx512cd, avx512bw, avx512vl, sha, fma, vzeroupper, avx512_vpopcntdq, avx512_vpclmulqdq, avx512_vaes, avx512_vnni, clflush, clflushopt, clwb, avx512_vbmi2, avx512_vbmi

Memory: 4k page, system-wide physical 7975M (2272M free)
TotalPageFile size 11815M (AvailPageFile size 3875M)
current process WorkingSet (physical memory assigned to process): 156M, peak: 156M
current process commit charge ("private bytes"): 276M, peak: 279M

vm_info: Java HotSpot(TM) 64-Bit Server VM (17.0.9+11-LTS-201) for windows-amd64 JRE (17.0.9+11-LTS-201), built on Oct 10 2023 23:16:06 by "mach5one" with MS VC++ 17.1 (VS2022)

END.
