#
# A fatal error has been detected by the Java Runtime Environment:
#
#  EXCEPTION_ACCESS_VIOLATION (0xc0000005) at pc=0x0000019fbc4bbac1, pid=12168, tid=11932
#
# JRE version: Java(TM) SE Runtime Environment (17.0.9+11) (build 17.0.9+11-LTS-201)
# Java VM: Java HotSpot(TM) 64-Bit Server VM (17.0.9+11-LTS-201, mixed mode, sharing, tiered, compressed oops, compressed class ptrs, g1 gc, windows-amd64)
# Problematic frame:
# j  java.lang.StringUTF16.indexOf([BII)I+0 java.base@17.0.9
#
# No core dump will be written. Minidumps are not enabled by default on client versions of Windows
#
# If you would like to submit a bug report, please visit:
#   https://bugreport.java.com/bugreport/crash.jsp
#

---------------  S U M M A R Y ------------

Command Line: -Dfile.encoding=UTF-8 --module-path=C:\Users\bemen3\Documents\javafx-sdk-22\lib --add-modules=javafx.controls,javafx.fxml --module-path=C:\Users\PauAl\Documents\Java\javafx\javafx-swt.jar;C:\Users\PauAl\Documents\Java\javafx\javafx.base.jar;C:\Users\PauAl\Documents\Java\javafx\javafx.controls.jar;C:\Users\PauAl\Documents\Java\javafx\javafx.fxml.jar;C:\Users\PauAl\Documents\Java\javafx\javafx.graphics.jar;C:\Users\PauAl\Documents\Java\javafx\javafx.media.jar;C:\Users\PauAl\Documents\Java\javafx\javafx.swing.jar;C:\Users\PauAl\Documents\Java\javafx\javafx.web.jar gui.Main

Host: 11th Gen Intel(R) Core(TM) i3-1115G4 @ 3.00GHz, 4 cores, 7G,  Windows 11 , 64 bit Build 22621 (10.0.22621.3958)
Time: Sat Oct  5 23:08:14 2024 Hora de verano romance elapsed time: 0.793141 seconds (0d 0h 0m 0s)

---------------  T H R E A D  ---------------

Current thread (0x000001a01121fd50):  JavaThread "JavaFX Application Thread" [_thread_in_Java, id=11932, stack(0x0000004512900000,0x0000004512a00000)]

Stack: [0x0000004512900000,0x0000004512a00000],  sp=0x00000045129fd238,  free space=1012k
Native frames: (J=compiled Java code, j=interpreted, Vv=VM code, C=native code)
C  0x0000019fbc4bbac1


siginfo: EXCEPTION_ACCESS_VIOLATION (0xc0000005), reading address 0x000000004f444e55


Register to memory mapping:

RIP=0x0000019fbc4bbac1 is at code_begin+1 in an Interpreter codelet
arraylength  190 arraylength  [0x0000019fbc4bbac0, 0x0000019fbc4bbae0]  32 bytes
RAX=0x000000004f444e49 is an unknown value
RBX=0x00000000000000be is an unknown value
RCX=0x0000000000000002 is an unknown value
RDX=0x0000019fcc02c0f8 is pointing into metadata
RSP=0x00000045129fd238 is pointing into the stack for thread: 0x000001a01121fd50
RBP=0x00000045129fd280 is pointing into the stack for thread: 0x000001a01121fd50
RSI=0x0000000000000148 is an unknown value
RDI=0x0000000000000001 is an unknown value
R8 =0x000000000000003b is an unknown value
R9 =0x0 is NULL
R10=0x00007ffce6230480 jvm.dll
R11=0x0000019fb4f83700 is at entry_point+32 in (nmethod*)0x0000019fb4f83510
Compiled method (c1)     836   79       3       java.lang.String::indexOf (7 bytes)
 total in heap  [0x0000019fb4f83510,0x0000019fb4f83ad0] = 1472
 relocation     [0x0000019fb4f83668,0x0000019fb4f836d0] = 104
 main code      [0x0000019fb4f836e0,0x0000019fb4f839a0] = 704
 stub code      [0x0000019fb4f839a0,0x0000019fb4f839f8] = 88
 metadata       [0x0000019fb4f839f8,0x0000019fb4f83a10] = 24
 scopes data    [0x0000019fb4f83a10,0x0000019fb4f83a58] = 72
 scopes pcs     [0x0000019fb4f83a58,0x0000019fb4f83ac8] = 112
 dependencies   [0x0000019fb4f83ac8,0x0000019fb4f83ad0] = 8
R12=0x0 is NULL
R13=0x0000019fcc600c01 is pointing into metadata
R14=0x00000045129fd2a8 is pointing into the stack for thread: 0x000001a01121fd50
R15=0x000001a01121fd50 is a thread


Registers:
RAX=0x000000004f444e49, RBX=0x00000000000000be, RCX=0x0000000000000002, RDX=0x0000019fcc02c0f8
RSP=0x00000045129fd238, RBP=0x00000045129fd280, RSI=0x0000000000000148, RDI=0x0000000000000001
R8 =0x000000000000003b, R9 =0x0000000000000000, R10=0x00007ffce6230480, R11=0x0000019fb4f83700
R12=0x0000000000000000, R13=0x0000019fcc600c01, R14=0x00000045129fd2a8, R15=0x000001a01121fd50
RIP=0x0000019fbc4bbac1, EFLAGS=0x0000000000010202

Top of Stack: (sp=0x00000045129fd238)
0x00000045129fd238:   00000045129fd238 0000019fcc600c00
0x00000045129fd248:   00000045129fd2a8 0000019fcc02c0f8
0x00000045129fd258:   000001a00d02af80 00000000837ad0a8
0x00000045129fd268:   0000019fcc02d6c8 0000000000000000
0x00000045129fd278:   00000045129fd2b0 00000045129fd388
0x00000045129fd288:   0000019fb4f838cc 0000000000000000
0x00000045129fd298:   0000000000000000 000000450000003b
0x00000045129fd2a8:   000000004f444e49 000001a00d7cfa90
0x00000045129fd2b8:   0000000000000158 000001a00d7cfa90
0x00000045129fd2c8:   0000000000000097 0000019fbc4ad2f6
0x00000045129fd2d8:   00000045129fd2d8 00000045129fd3a0
0x00000045129fd2e8:   0000019fbc4a9657 00000045129fd388
0x00000045129fd2f8:   0000019fbc4b9e0c 000000008a01ec60
0x00000045129fd308:   00000000000000b6 00000045129fd388
0x00000045129fd318:   0000019fbc4a9612 00000045129fd388
0x00000045129fd328:   0000019fbc4a9612 000000000000003b 

Instructions: (pc=0x0000019fbc4bbac1)
0x0000019fbc4bb9c1:   00 00 00 e9 ad 00 00 00 4c 8b c8 48 8d 44 24 08
0x0000019fbc4bb9d1:   4c 89 6d c0 49 8b cf c5 f8 77 49 89 af a0 02 00
0x0000019fbc4bb9e1:   00 49 89 87 90 02 00 00 48 83 ec 20 f7 c4 0f 00
0x0000019fbc4bb9f1:   00 00 0f 84 1a 00 00 00 48 83 ec 08 49 ba c0 e2
0x0000019fbc4bba01:   a7 e5 fc 7f 00 00 41 ff d2 48 83 c4 08 e9 0d 00
0x0000019fbc4bba11:   00 00 49 ba c0 e2 a7 e5 fc 7f 00 00 41 ff d2 48
0x0000019fbc4bba21:   83 c4 20 49 c7 87 90 02 00 00 00 00 00 00 49 c7
0x0000019fbc4bba31:   87 a0 02 00 00 00 00 00 00 49 c7 87 98 02 00 00
0x0000019fbc4bba41:   00 00 00 00 c5 f8 77 49 81 7f 08 00 00 00 00 0f
0x0000019fbc4bba51:   84 05 00 00 00 e9 a5 54 fe ff 49 8b 87 e8 02 00
0x0000019fbc4bba61:   00 49 c7 87 e8 02 00 00 00 00 00 00 4c 8b 6d c0
0x0000019fbc4bba71:   4c 8b 75 c8 c3 41 0f b6 5d 03 49 83 c5 03 49 ba
0x0000019fbc4bba81:   80 04 23 e6 fc 7f 00 00 41 ff 24 da 66 66 90 00
0x0000019fbc4bba91:   00 00 00 00 00 00 00 00 00 00 00 00 00 00 00 40
0x0000019fbc4bbaa1:   00 00 00 00 00 00 00 28 48 fc e5 fc 7f 00 00 be
0x0000019fbc4bbab1:   00 00 00 00 00 00 00 00 00 00 00 00 00 00 00 58
0x0000019fbc4bbac1:   8b 40 0c 41 0f b6 5d 01 49 ff c5 49 ba 80 e4 22
0x0000019fbc4bbad1:   e6 fc 7f 00 00 41 ff 24 da 66 0f 1f 44 00 00 40
0x0000019fbc4bbae1:   00 00 00 00 00 00 00 34 48 fc e5 fc 7f 00 00 bf
0x0000019fbc4bbaf1:   00 00 00 00 00 00 00 00 00 00 00 00 00 00 00 58
0x0000019fbc4bbb01:   48 3b 00 e9 4a f9 fe ff 0f 1f 80 00 00 00 00 00
0x0000019fbc4bbb11:   00 00 00 00 00 00 00 00 00 00 00 00 00 00 00 60
0x0000019fbc4bbb21:   02 00 00 00 00 00 00 40 48 fc e5 fc 7f 00 00 c0
0x0000019fbc4bbb31:   00 00 00 00 00 00 00 00 00 00 00 00 00 00 00 58
0x0000019fbc4bbb41:   48 85 c0 0f 84 fc 01 00 00 48 8b 4d e8 48 8b 49
0x0000019fbc4bbb51:   08 48 8b 49 08 48 8b 51 08 41 0f b7 5d 01 0f cb
0x0000019fbc4bbb61:   c1 eb 10 80 7c 1a 04 07 0f 84 b8 00 00 00 50 e8
0x0000019fbc4bbb71:   05 00 00 00 e9 98 00 00 00 48 8d 44 24 08 4c 89
0x0000019fbc4bbb81:   6d c0 49 8b cf c5 f8 77 49 89 af a0 02 00 00 49
0x0000019fbc4bbb91:   89 87 90 02 00 00 48 83 ec 20 f7 c4 0f 00 00 00
0x0000019fbc4bbba1:   0f 84 1a 00 00 00 48 83 ec 08 49 ba d0 10 a8 e5
0x0000019fbc4bbbb1:   fc 7f 00 00 41 ff d2 48 83 c4 08 e9 0d 00 00 00 


Stack slot to memory mapping:
stack at sp + 0 slots: 0x00000045129fd238 is pointing into the stack for thread: 0x000001a01121fd50
stack at sp + 1 slots: 0x0000019fcc600c00 is pointing into metadata
stack at sp + 2 slots: 0x00000045129fd2a8 is pointing into the stack for thread: 0x000001a01121fd50
stack at sp + 3 slots: 0x0000019fcc02c0f8 is pointing into metadata
stack at sp + 4 slots: 0x000001a00d02af80 is pointing into metadata
stack at sp + 5 slots: 0x00000000837ad0a8 is an oop: java.lang.Class 
{0x00000000837ad0a8} - klass: 'java/lang/Class'
 - ---- fields (total size 16 words):
 - private volatile transient 'classRedefinedCount' 'I' @12  0
 - private volatile transient 'cachedConstructor' 'Ljava/lang/reflect/Constructor;' @40  NULL (0)
 - private transient 'name' 'Ljava/lang/String;' @44  NULL (0)
 - private transient 'module' 'Ljava/lang/Module;' @48  a 'java/lang/Module'{0x0000000083608a58} (83608a58)
 - private final 'classLoader' 'Ljava/lang/ClassLoader;' @52  NULL (0)
 - private transient 'classData' 'Ljava/lang/Object;' @56  NULL (0)
 - private transient 'packageName' 'Ljava/lang/String;' @60  NULL (0)
 - private final 'componentType' 'Ljava/lang/Class;' @64  NULL (0)
 - private volatile transient 'reflectionData' 'Ljava/lang/ref/SoftReference;' @68  NULL (0)
 - private volatile transient 'genericInfo' 'Lsun/reflect/generics/repository/ClassRepository;' @72  NULL (0)
 - private volatile transient 'enumConstants' '[Ljava/lang/Object;' @76  NULL (0)
 - private volatile transient 'enumConstantDirectory' 'Ljava/util/Map;' @80  NULL (0)
 - private volatile transient 'annotationData' 'Ljava/lang/Class$AnnotationData;' @84  NULL (0)
 - private volatile transient 'annotationType' 'Lsun/reflect/annotation/AnnotationType;' @88  NULL (0)
 - transient 'classValueMap' 'Ljava/lang/ClassValue$ClassValueMap;' @92  NULL (0)
 - signature: Ljava/lang/StringUTF16;
 - fake entry for mirror: 'java/lang/StringUTF16'
 - fake entry for array: NULL
 - fake entry for oop_size: 16
 - fake entry for static_oop_field_count: 0
 - static final 'HI_BYTE_SHIFT' 'I' @112  0
 - static final 'LO_BYTE_SHIFT' 'I' @116  8
 - static final 'MAX_LENGTH' 'I' @120  1073741823 (3fffffff)
 - static final synthetic '$assertionsDisabled' 'Z' @124  true
stack at sp + 6 slots: {method} {0x0000019fcc02d6d0} 'indexOf' '([BII)I' in 'java/lang/StringUTF16'
stack at sp + 7 slots: 0x0 is NULL

arraylength  190 arraylength  [0x0000019fbc4bbac0, 0x0000019fbc4bbae0]  32 bytes
[MachCode]
  0x0000019fbc4bbac0: 588b 400c | 410f b65d | 0149 ffc5 | 49ba 80e4 | 22e6 fc7f | 0000 41ff | 24da 660f | 1f44 0000 
[/MachCode]

---------------  P R O C E S S  ---------------

Threads class SMR info:
_java_thread_list=0x000001a011442f00, length=18, elements={
0x0000019fabef11b0, 0x0000019fcb5af4a0, 0x0000019fcb5b0060, 0x0000019fcb5c3240,
0x0000019fcb5c3e00, 0x0000019fcb5c79e0, 0x0000019fcb5cab50, 0x0000019fcb5cb8f0,
0x0000019fcb5cda60, 0x0000019fcb5cfa50, 0x0000019fcb81c860, 0x0000019fcb82ad00,
0x0000019fcb8279d0, 0x0000019fcbaa08f0, 0x000001a011560a80, 0x000001a01121fd50,
0x000001a0115e3010, 0x000001a011612170
}

Java Threads: ( => current thread )
  0x0000019fabef11b0 JavaThread "main" [_thread_blocked, id=2584, stack(0x0000004511200000,0x0000004511300000)]
  0x0000019fcb5af4a0 JavaThread "Reference Handler" daemon [_thread_blocked, id=13660, stack(0x0000004511900000,0x0000004511a00000)]
  0x0000019fcb5b0060 JavaThread "Finalizer" daemon [_thread_blocked, id=5908, stack(0x0000004511a00000,0x0000004511b00000)]
  0x0000019fcb5c3240 JavaThread "Signal Dispatcher" daemon [_thread_blocked, id=11208, stack(0x0000004511c00000,0x0000004511d00000)]
  0x0000019fcb5c3e00 JavaThread "Attach Listener" daemon [_thread_blocked, id=2868, stack(0x0000004511d00000,0x0000004511e00000)]
  0x0000019fcb5c79e0 JavaThread "Service Thread" daemon [_thread_blocked, id=1388, stack(0x0000004511e00000,0x0000004511f00000)]
  0x0000019fcb5cab50 JavaThread "Monitor Deflation Thread" daemon [_thread_blocked, id=5884, stack(0x0000004511f00000,0x0000004512000000)]
  0x0000019fcb5cb8f0 JavaThread "C2 CompilerThread0" daemon [_thread_blocked, id=3636, stack(0x0000004512000000,0x0000004512100000)]
  0x0000019fcb5cda60 JavaThread "C1 CompilerThread0" daemon [_thread_blocked, id=11540, stack(0x0000004512100000,0x0000004512200000)]
  0x0000019fcb5cfa50 JavaThread "Sweeper thread" daemon [_thread_blocked, id=7924, stack(0x0000004512200000,0x0000004512300000)]
  0x0000019fcb81c860 JavaThread "Common-Cleaner" daemon [_thread_blocked, id=6092, stack(0x0000004512300000,0x0000004512400000)]
  0x0000019fcb82ad00 JavaThread "C2 CompilerThread1" daemon [_thread_blocked, id=8068, stack(0x0000004512400000,0x0000004512500000)]
  0x0000019fcb8279d0 JavaThread "Notification Thread" daemon [_thread_blocked, id=1796, stack(0x0000004512500000,0x0000004512600000)]
  0x0000019fcbaa08f0 JavaThread "QuantumRenderer-0" daemon [_thread_blocked, id=8472, stack(0x0000004512700000,0x0000004512800000)]
  0x000001a011560a80 JavaThread "InvokeLaterDispatcher" daemon [_thread_blocked, id=2240, stack(0x0000004512800000,0x0000004512900000)]
=>0x000001a01121fd50 JavaThread "JavaFX Application Thread" [_thread_in_Java, id=11932, stack(0x0000004512900000,0x0000004512a00000)]
  0x000001a0115e3010 JavaThread "JavaFX-Launcher" [_thread_blocked, id=13424, stack(0x0000004513100000,0x0000004513200000)]
  0x000001a011612170 JavaThread "Thread-2" daemon [_thread_in_native, id=4168, stack(0x0000004513000000,0x0000004513100000)]

Other Threads:
  0x0000019fcb5ab260 VMThread "VM Thread" [stack: 0x0000004511800000,0x0000004511900000] [id=672]
  0x0000019fcb9903a0 WatcherThread [stack: 0x0000004512600000,0x0000004512700000] [id=9968]
  0x0000019fabf49540 GCTaskThread "GC Thread#0" [stack: 0x0000004511300000,0x0000004511400000] [id=2044]
  0x000001a01121f9d0 GCTaskThread "GC Thread#1" [stack: 0x0000004512a00000,0x0000004512b00000] [id=3976]
  0x000001a01122b970 GCTaskThread "GC Thread#2" [stack: 0x0000004512b00000,0x0000004512c00000] [id=14208]
  0x000001a01122bc30 GCTaskThread "GC Thread#3" [stack: 0x0000004512c00000,0x0000004512d00000] [id=12780]
  0x0000019fabf59dd0 ConcurrentGCThread "G1 Main Marker" [stack: 0x0000004511400000,0x0000004511500000] [id=13896]
  0x0000019fabf5a7e0 ConcurrentGCThread "G1 Conc#0" [stack: 0x0000004511500000,0x0000004511600000] [id=7668]
  0x0000019fabfb3a70 ConcurrentGCThread "G1 Refine#0" [stack: 0x0000004511600000,0x0000004511700000] [id=5444]
  0x0000019fabfb44a0 ConcurrentGCThread "G1 Service" [stack: 0x0000004511700000,0x0000004511800000] [id=13160]

Threads with active compile tasks:

VM state: not at safepoint (normal execution)

VM Mutex/Monitor currently owned by a thread: None

Heap address: 0x0000000083600000, size: 1994 MB, Compressed Oops mode: 32-bit

CDS archive(s) mapped at: [0x0000019fcc000000-0x0000019fccbd0000-0x0000019fccbd0000), size 12386304, SharedBaseAddress: 0x0000019fcc000000, ArchiveRelocationMode: 1.
Compressed class space mapped at: 0x0000019fcd000000-0x000001a00d000000, reserved size: 1073741824
Narrow klass base: 0x0000019fcc000000, Narrow klass shift: 0, Narrow klass range: 0x100000000

GC Precious Log:
 CPUs: 4 total, 4 available
 Memory: 7975M
 Large Page Support: Disabled
 NUMA Support: Disabled
 Compressed Oops: Enabled (32-bit)
 Heap Region Size: 1M
 Heap Min Capacity: 8M
 Heap Initial Capacity: 126M
 Heap Max Capacity: 1994M
 Pre-touch: Disabled
 Parallel Workers: 4
 Concurrent Workers: 1
 Concurrent Refinement Workers: 4
 Periodic GC: Disabled

Heap:
 garbage-first heap   total 129024K, used 14032K [0x0000000083600000, 0x0000000100000000)
  region size 1024K, 13 young (13312K), 3 survivors (3072K)
 Metaspace       used 10530K, committed 10688K, reserved 1114112K
  class space    used 1463K, committed 1536K, reserved 1048576K

Heap Regions: E=young(eden), S=young(survivor), O=old, HS=humongous(starts), HC=humongous(continues), CS=collection set, F=free, OA=open archive, CA=closed archive, TAMS=top-at-mark-start (previous, next)
|   0|0x0000000083600000, 0x0000000083700000, 0x0000000083700000|100%| O|  |TAMS 0x0000000083600000, 0x0000000083600000| Untracked 
|   1|0x0000000083700000, 0x00000000837cf600, 0x0000000083800000| 81%| O|  |TAMS 0x0000000083700000, 0x0000000083700000| Untracked 
|   2|0x0000000083800000, 0x0000000083800000, 0x0000000083900000|  0%| F|  |TAMS 0x0000000083800000, 0x0000000083800000| Untracked 
|   3|0x0000000083900000, 0x0000000083900000, 0x0000000083a00000|  0%| F|  |TAMS 0x0000000083900000, 0x0000000083900000| Untracked 
|   4|0x0000000083a00000, 0x0000000083a00000, 0x0000000083b00000|  0%| F|  |TAMS 0x0000000083a00000, 0x0000000083a00000| Untracked 
|   5|0x0000000083b00000, 0x0000000083b00000, 0x0000000083c00000|  0%| F|  |TAMS 0x0000000083b00000, 0x0000000083b00000| Untracked 
|   6|0x0000000083c00000, 0x0000000083c00000, 0x0000000083d00000|  0%| F|  |TAMS 0x0000000083c00000, 0x0000000083c00000| Untracked 
|   7|0x0000000083d00000, 0x0000000083d00000, 0x0000000083e00000|  0%| F|  |TAMS 0x0000000083d00000, 0x0000000083d00000| Untracked 
|   8|0x0000000083e00000, 0x0000000083e00000, 0x0000000083f00000|  0%| F|  |TAMS 0x0000000083e00000, 0x0000000083e00000| Untracked 
|   9|0x0000000083f00000, 0x0000000083f00000, 0x0000000084000000|  0%| F|  |TAMS 0x0000000083f00000, 0x0000000083f00000| Untracked 
|  10|0x0000000084000000, 0x0000000084000000, 0x0000000084100000|  0%| F|  |TAMS 0x0000000084000000, 0x0000000084000000| Untracked 
|  11|0x0000000084100000, 0x0000000084100000, 0x0000000084200000|  0%| F|  |TAMS 0x0000000084100000, 0x0000000084100000| Untracked 
|  12|0x0000000084200000, 0x0000000084200000, 0x0000000084300000|  0%| F|  |TAMS 0x0000000084200000, 0x0000000084200000| Untracked 
|  13|0x0000000084300000, 0x0000000084300000, 0x0000000084400000|  0%| F|  |TAMS 0x0000000084300000, 0x0000000084300000| Untracked 
|  14|0x0000000084400000, 0x0000000084400000, 0x0000000084500000|  0%| F|  |TAMS 0x0000000084400000, 0x0000000084400000| Untracked 
|  15|0x0000000084500000, 0x0000000084500000, 0x0000000084600000|  0%| F|  |TAMS 0x0000000084500000, 0x0000000084500000| Untracked 
|  16|0x0000000084600000, 0x0000000084600000, 0x0000000084700000|  0%| F|  |TAMS 0x0000000084600000, 0x0000000084600000| Untracked 
|  17|0x0000000084700000, 0x0000000084700000, 0x0000000084800000|  0%| F|  |TAMS 0x0000000084700000, 0x0000000084700000| Untracked 
|  18|0x0000000084800000, 0x0000000084800000, 0x0000000084900000|  0%| F|  |TAMS 0x0000000084800000, 0x0000000084800000| Untracked 
|  19|0x0000000084900000, 0x0000000084900000, 0x0000000084a00000|  0%| F|  |TAMS 0x0000000084900000, 0x0000000084900000| Untracked 
|  20|0x0000000084a00000, 0x0000000084a00000, 0x0000000084b00000|  0%| F|  |TAMS 0x0000000084a00000, 0x0000000084a00000| Untracked 
|  21|0x0000000084b00000, 0x0000000084b00000, 0x0000000084c00000|  0%| F|  |TAMS 0x0000000084b00000, 0x0000000084b00000| Untracked 
|  22|0x0000000084c00000, 0x0000000084c00000, 0x0000000084d00000|  0%| F|  |TAMS 0x0000000084c00000, 0x0000000084c00000| Untracked 
|  23|0x0000000084d00000, 0x0000000084d00000, 0x0000000084e00000|  0%| F|  |TAMS 0x0000000084d00000, 0x0000000084d00000| Untracked 
|  24|0x0000000084e00000, 0x0000000084e00000, 0x0000000084f00000|  0%| F|  |TAMS 0x0000000084e00000, 0x0000000084e00000| Untracked 
|  25|0x0000000084f00000, 0x0000000084f00000, 0x0000000085000000|  0%| F|  |TAMS 0x0000000084f00000, 0x0000000084f00000| Untracked 
|  26|0x0000000085000000, 0x0000000085000000, 0x0000000085100000|  0%| F|  |TAMS 0x0000000085000000, 0x0000000085000000| Untracked 
|  27|0x0000000085100000, 0x0000000085100000, 0x0000000085200000|  0%| F|  |TAMS 0x0000000085100000, 0x0000000085100000| Untracked 
|  28|0x0000000085200000, 0x0000000085200000, 0x0000000085300000|  0%| F|  |TAMS 0x0000000085200000, 0x0000000085200000| Untracked 
|  29|0x0000000085300000, 0x0000000085300000, 0x0000000085400000|  0%| F|  |TAMS 0x0000000085300000, 0x0000000085300000| Untracked 
|  30|0x0000000085400000, 0x0000000085400000, 0x0000000085500000|  0%| F|  |TAMS 0x0000000085400000, 0x0000000085400000| Untracked 
|  31|0x0000000085500000, 0x0000000085500000, 0x0000000085600000|  0%| F|  |TAMS 0x0000000085500000, 0x0000000085500000| Untracked 
|  32|0x0000000085600000, 0x0000000085600000, 0x0000000085700000|  0%| F|  |TAMS 0x0000000085600000, 0x0000000085600000| Untracked 
|  33|0x0000000085700000, 0x0000000085700000, 0x0000000085800000|  0%| F|  |TAMS 0x0000000085700000, 0x0000000085700000| Untracked 
|  34|0x0000000085800000, 0x0000000085800000, 0x0000000085900000|  0%| F|  |TAMS 0x0000000085800000, 0x0000000085800000| Untracked 
|  35|0x0000000085900000, 0x0000000085900000, 0x0000000085a00000|  0%| F|  |TAMS 0x0000000085900000, 0x0000000085900000| Untracked 
|  36|0x0000000085a00000, 0x0000000085a00000, 0x0000000085b00000|  0%| F|  |TAMS 0x0000000085a00000, 0x0000000085a00000| Untracked 
|  37|0x0000000085b00000, 0x0000000085b00000, 0x0000000085c00000|  0%| F|  |TAMS 0x0000000085b00000, 0x0000000085b00000| Untracked 
|  38|0x0000000085c00000, 0x0000000085c00000, 0x0000000085d00000|  0%| F|  |TAMS 0x0000000085c00000, 0x0000000085c00000| Untracked 
|  39|0x0000000085d00000, 0x0000000085d00000, 0x0000000085e00000|  0%| F|  |TAMS 0x0000000085d00000, 0x0000000085d00000| Untracked 
|  40|0x0000000085e00000, 0x0000000085e00000, 0x0000000085f00000|  0%| F|  |TAMS 0x0000000085e00000, 0x0000000085e00000| Untracked 
|  41|0x0000000085f00000, 0x0000000085f00000, 0x0000000086000000|  0%| F|  |TAMS 0x0000000085f00000, 0x0000000085f00000| Untracked 
|  42|0x0000000086000000, 0x0000000086000000, 0x0000000086100000|  0%| F|  |TAMS 0x0000000086000000, 0x0000000086000000| Untracked 
|  43|0x0000000086100000, 0x0000000086100000, 0x0000000086200000|  0%| F|  |TAMS 0x0000000086100000, 0x0000000086100000| Untracked 
|  44|0x0000000086200000, 0x0000000086200000, 0x0000000086300000|  0%| F|  |TAMS 0x0000000086200000, 0x0000000086200000| Untracked 
|  45|0x0000000086300000, 0x0000000086300000, 0x0000000086400000|  0%| F|  |TAMS 0x0000000086300000, 0x0000000086300000| Untracked 
|  46|0x0000000086400000, 0x0000000086400000, 0x0000000086500000|  0%| F|  |TAMS 0x0000000086400000, 0x0000000086400000| Untracked 
|  47|0x0000000086500000, 0x0000000086500000, 0x0000000086600000|  0%| F|  |TAMS 0x0000000086500000, 0x0000000086500000| Untracked 
|  48|0x0000000086600000, 0x0000000086600000, 0x0000000086700000|  0%| F|  |TAMS 0x0000000086600000, 0x0000000086600000| Untracked 
|  49|0x0000000086700000, 0x0000000086700000, 0x0000000086800000|  0%| F|  |TAMS 0x0000000086700000, 0x0000000086700000| Untracked 
|  50|0x0000000086800000, 0x0000000086800000, 0x0000000086900000|  0%| F|  |TAMS 0x0000000086800000, 0x0000000086800000| Untracked 
|  51|0x0000000086900000, 0x0000000086900000, 0x0000000086a00000|  0%| F|  |TAMS 0x0000000086900000, 0x0000000086900000| Untracked 
|  52|0x0000000086a00000, 0x0000000086a00000, 0x0000000086b00000|  0%| F|  |TAMS 0x0000000086a00000, 0x0000000086a00000| Untracked 
|  53|0x0000000086b00000, 0x0000000086b00000, 0x0000000086c00000|  0%| F|  |TAMS 0x0000000086b00000, 0x0000000086b00000| Untracked 
|  54|0x0000000086c00000, 0x0000000086c00000, 0x0000000086d00000|  0%| F|  |TAMS 0x0000000086c00000, 0x0000000086c00000| Untracked 
|  55|0x0000000086d00000, 0x0000000086d00000, 0x0000000086e00000|  0%| F|  |TAMS 0x0000000086d00000, 0x0000000086d00000| Untracked 
|  56|0x0000000086e00000, 0x0000000086e00000, 0x0000000086f00000|  0%| F|  |TAMS 0x0000000086e00000, 0x0000000086e00000| Untracked 
|  57|0x0000000086f00000, 0x0000000086f00000, 0x0000000087000000|  0%| F|  |TAMS 0x0000000086f00000, 0x0000000086f00000| Untracked 
|  58|0x0000000087000000, 0x0000000087000000, 0x0000000087100000|  0%| F|  |TAMS 0x0000000087000000, 0x0000000087000000| Untracked 
|  59|0x0000000087100000, 0x0000000087100000, 0x0000000087200000|  0%| F|  |TAMS 0x0000000087100000, 0x0000000087100000| Untracked 
|  60|0x0000000087200000, 0x0000000087200000, 0x0000000087300000|  0%| F|  |TAMS 0x0000000087200000, 0x0000000087200000| Untracked 
|  61|0x0000000087300000, 0x0000000087300000, 0x0000000087400000|  0%| F|  |TAMS 0x0000000087300000, 0x0000000087300000| Untracked 
|  62|0x0000000087400000, 0x0000000087400000, 0x0000000087500000|  0%| F|  |TAMS 0x0000000087400000, 0x0000000087400000| Untracked 
|  63|0x0000000087500000, 0x0000000087500000, 0x0000000087600000|  0%| F|  |TAMS 0x0000000087500000, 0x0000000087500000| Untracked 
|  64|0x0000000087600000, 0x0000000087600000, 0x0000000087700000|  0%| F|  |TAMS 0x0000000087600000, 0x0000000087600000| Untracked 
|  65|0x0000000087700000, 0x0000000087700000, 0x0000000087800000|  0%| F|  |TAMS 0x0000000087700000, 0x0000000087700000| Untracked 
|  66|0x0000000087800000, 0x0000000087800000, 0x0000000087900000|  0%| F|  |TAMS 0x0000000087800000, 0x0000000087800000| Untracked 
|  67|0x0000000087900000, 0x0000000087900000, 0x0000000087a00000|  0%| F|  |TAMS 0x0000000087900000, 0x0000000087900000| Untracked 
|  68|0x0000000087a00000, 0x0000000087a00000, 0x0000000087b00000|  0%| F|  |TAMS 0x0000000087a00000, 0x0000000087a00000| Untracked 
|  69|0x0000000087b00000, 0x0000000087b00000, 0x0000000087c00000|  0%| F|  |TAMS 0x0000000087b00000, 0x0000000087b00000| Untracked 
|  70|0x0000000087c00000, 0x0000000087c00000, 0x0000000087d00000|  0%| F|  |TAMS 0x0000000087c00000, 0x0000000087c00000| Untracked 
|  71|0x0000000087d00000, 0x0000000087d00000, 0x0000000087e00000|  0%| F|  |TAMS 0x0000000087d00000, 0x0000000087d00000| Untracked 
|  72|0x0000000087e00000, 0x0000000087e00000, 0x0000000087f00000|  0%| F|  |TAMS 0x0000000087e00000, 0x0000000087e00000| Untracked 
|  73|0x0000000087f00000, 0x0000000087f00000, 0x0000000088000000|  0%| F|  |TAMS 0x0000000087f00000, 0x0000000087f00000| Untracked 
|  74|0x0000000088000000, 0x0000000088000000, 0x0000000088100000|  0%| F|  |TAMS 0x0000000088000000, 0x0000000088000000| Untracked 
|  75|0x0000000088100000, 0x0000000088100000, 0x0000000088200000|  0%| F|  |TAMS 0x0000000088100000, 0x0000000088100000| Untracked 
|  76|0x0000000088200000, 0x0000000088200000, 0x0000000088300000|  0%| F|  |TAMS 0x0000000088200000, 0x0000000088200000| Untracked 
|  77|0x0000000088300000, 0x0000000088300000, 0x0000000088400000|  0%| F|  |TAMS 0x0000000088300000, 0x0000000088300000| Untracked 
|  78|0x0000000088400000, 0x0000000088400000, 0x0000000088500000|  0%| F|  |TAMS 0x0000000088400000, 0x0000000088400000| Untracked 
|  79|0x0000000088500000, 0x0000000088500000, 0x0000000088600000|  0%| F|  |TAMS 0x0000000088500000, 0x0000000088500000| Untracked 
|  80|0x0000000088600000, 0x0000000088600000, 0x0000000088700000|  0%| F|  |TAMS 0x0000000088600000, 0x0000000088600000| Untracked 
|  81|0x0000000088700000, 0x0000000088700000, 0x0000000088800000|  0%| F|  |TAMS 0x0000000088700000, 0x0000000088700000| Untracked 
|  82|0x0000000088800000, 0x0000000088800000, 0x0000000088900000|  0%| F|  |TAMS 0x0000000088800000, 0x0000000088800000| Untracked 
|  83|0x0000000088900000, 0x0000000088900000, 0x0000000088a00000|  0%| F|  |TAMS 0x0000000088900000, 0x0000000088900000| Untracked 
|  84|0x0000000088a00000, 0x0000000088a00000, 0x0000000088b00000|  0%| F|  |TAMS 0x0000000088a00000, 0x0000000088a00000| Untracked 
|  85|0x0000000088b00000, 0x0000000088b00000, 0x0000000088c00000|  0%| F|  |TAMS 0x0000000088b00000, 0x0000000088b00000| Untracked 
|  86|0x0000000088c00000, 0x0000000088c00000, 0x0000000088d00000|  0%| F|  |TAMS 0x0000000088c00000, 0x0000000088c00000| Untracked 
|  87|0x0000000088d00000, 0x0000000088d00000, 0x0000000088e00000|  0%| F|  |TAMS 0x0000000088d00000, 0x0000000088d00000| Untracked 
|  88|0x0000000088e00000, 0x0000000088e00000, 0x0000000088f00000|  0%| F|  |TAMS 0x0000000088e00000, 0x0000000088e00000| Untracked 
|  89|0x0000000088f00000, 0x0000000088f00000, 0x0000000089000000|  0%| F|  |TAMS 0x0000000088f00000, 0x0000000088f00000| Untracked 
|  90|0x0000000089000000, 0x0000000089000000, 0x0000000089100000|  0%| F|  |TAMS 0x0000000089000000, 0x0000000089000000| Untracked 
|  91|0x0000000089100000, 0x0000000089100000, 0x0000000089200000|  0%| F|  |TAMS 0x0000000089100000, 0x0000000089100000| Untracked 
|  92|0x0000000089200000, 0x0000000089200000, 0x0000000089300000|  0%| F|  |TAMS 0x0000000089200000, 0x0000000089200000| Untracked 
|  93|0x0000000089300000, 0x0000000089300000, 0x0000000089400000|  0%| F|  |TAMS 0x0000000089300000, 0x0000000089300000| Untracked 
|  94|0x0000000089400000, 0x0000000089400000, 0x0000000089500000|  0%| F|  |TAMS 0x0000000089400000, 0x0000000089400000| Untracked 
|  95|0x0000000089500000, 0x0000000089500000, 0x0000000089600000|  0%| F|  |TAMS 0x0000000089500000, 0x0000000089500000| Untracked 
|  96|0x0000000089600000, 0x0000000089600000, 0x0000000089700000|  0%| F|  |TAMS 0x0000000089600000, 0x0000000089600000| Untracked 
|  97|0x0000000089700000, 0x0000000089700000, 0x0000000089800000|  0%| F|  |TAMS 0x0000000089700000, 0x0000000089700000| Untracked 
|  98|0x0000000089800000, 0x0000000089800000, 0x0000000089900000|  0%| F|  |TAMS 0x0000000089800000, 0x0000000089800000| Untracked 
|  99|0x0000000089900000, 0x0000000089900000, 0x0000000089a00000|  0%| F|  |TAMS 0x0000000089900000, 0x0000000089900000| Untracked 
| 100|0x0000000089a00000, 0x0000000089a00000, 0x0000000089b00000|  0%| F|  |TAMS 0x0000000089a00000, 0x0000000089a00000| Untracked 
| 101|0x0000000089b00000, 0x0000000089b00000, 0x0000000089c00000|  0%| F|  |TAMS 0x0000000089b00000, 0x0000000089b00000| Untracked 
| 102|0x0000000089c00000, 0x0000000089c00000, 0x0000000089d00000|  0%| F|  |TAMS 0x0000000089c00000, 0x0000000089c00000| Untracked 
| 103|0x0000000089d00000, 0x0000000089d00000, 0x0000000089e00000|  0%| F|  |TAMS 0x0000000089d00000, 0x0000000089d00000| Untracked 
| 104|0x0000000089e00000, 0x0000000089ee4b80, 0x0000000089f00000| 89%| S|CS|TAMS 0x0000000089e00000, 0x0000000089e00000| Complete 
| 105|0x0000000089f00000, 0x000000008a000000, 0x000000008a000000|100%| S|CS|TAMS 0x0000000089f00000, 0x0000000089f00000| Complete 
| 106|0x000000008a000000, 0x000000008a100000, 0x000000008a100000|100%| S|CS|TAMS 0x000000008a000000, 0x000000008a000000| Complete 
| 107|0x000000008a100000, 0x000000008a100000, 0x000000008a200000|  0%| F|  |TAMS 0x000000008a100000, 0x000000008a100000| Untracked 
| 108|0x000000008a200000, 0x000000008a200000, 0x000000008a300000|  0%| F|  |TAMS 0x000000008a200000, 0x000000008a200000| Untracked 
| 109|0x000000008a300000, 0x000000008a300000, 0x000000008a400000|  0%| F|  |TAMS 0x000000008a300000, 0x000000008a300000| Untracked 
| 110|0x000000008a400000, 0x000000008a400000, 0x000000008a500000|  0%| F|  |TAMS 0x000000008a400000, 0x000000008a400000| Untracked 
| 111|0x000000008a500000, 0x000000008a500000, 0x000000008a600000|  0%| F|  |TAMS 0x000000008a500000, 0x000000008a500000| Untracked 
| 112|0x000000008a600000, 0x000000008a600000, 0x000000008a700000|  0%| F|  |TAMS 0x000000008a600000, 0x000000008a600000| Untracked 
| 113|0x000000008a700000, 0x000000008a700000, 0x000000008a800000|  0%| F|  |TAMS 0x000000008a700000, 0x000000008a700000| Untracked 
| 114|0x000000008a800000, 0x000000008a800000, 0x000000008a900000|  0%| F|  |TAMS 0x000000008a800000, 0x000000008a800000| Untracked 
| 115|0x000000008a900000, 0x000000008a900000, 0x000000008aa00000|  0%| F|  |TAMS 0x000000008a900000, 0x000000008a900000| Untracked 
| 116|0x000000008aa00000, 0x000000008aa80800, 0x000000008ab00000| 50%| E|  |TAMS 0x000000008aa00000, 0x000000008aa00000| Complete 
| 117|0x000000008ab00000, 0x000000008ac00000, 0x000000008ac00000|100%| E|CS|TAMS 0x000000008ab00000, 0x000000008ab00000| Complete 
| 118|0x000000008ac00000, 0x000000008ad00000, 0x000000008ad00000|100%| E|CS|TAMS 0x000000008ac00000, 0x000000008ac00000| Complete 
| 119|0x000000008ad00000, 0x000000008ae00000, 0x000000008ae00000|100%| E|CS|TAMS 0x000000008ad00000, 0x000000008ad00000| Complete 
| 120|0x000000008ae00000, 0x000000008af00000, 0x000000008af00000|100%| E|CS|TAMS 0x000000008ae00000, 0x000000008ae00000| Complete 
| 121|0x000000008af00000, 0x000000008b000000, 0x000000008b000000|100%| E|CS|TAMS 0x000000008af00000, 0x000000008af00000| Complete 
| 122|0x000000008b000000, 0x000000008b100000, 0x000000008b100000|100%| E|CS|TAMS 0x000000008b000000, 0x000000008b000000| Complete 
| 123|0x000000008b100000, 0x000000008b200000, 0x000000008b200000|100%| E|CS|TAMS 0x000000008b100000, 0x000000008b100000| Complete 
| 124|0x000000008b200000, 0x000000008b300000, 0x000000008b300000|100%| E|CS|TAMS 0x000000008b200000, 0x000000008b200000| Complete 
| 125|0x000000008b300000, 0x000000008b400000, 0x000000008b400000|100%| E|CS|TAMS 0x000000008b300000, 0x000000008b300000| Complete 

Card table byte_map: [0x0000019fc4980000,0x0000019fc4d70000] _byte_map_base: 0x0000019fc4565000

Marking Bits (Prev, Next): (CMBitMap*) 0x0000019fabf49b60, (CMBitMap*) 0x0000019fabf49ba0
 Prev Bits: [0x0000019fc5160000, 0x0000019fc7088000)
 Next Bits: [0x0000019fc7090000, 0x0000019fc8fb8000)

Polling page: 0x0000019fabfc0000

Metaspace:

Usage:
  Non-class:      8.85 MB used.
      Class:      1.43 MB used.
       Both:     10.28 MB used.

Virtual space:
  Non-class space:       64.00 MB reserved,       8.94 MB ( 14%) committed,  1 nodes.
      Class space:        1.00 GB reserved,       1.50 MB ( <1%) committed,  1 nodes.
             Both:        1.06 GB reserved,      10.44 MB ( <1%) committed. 

Chunk freelists:
   Non-Class:  6.02 MB
       Class:  14.45 MB
        Both:  20.47 MB

MaxMetaspaceSize: unlimited
CompressedClassSpaceSize: 1.00 GB
Initial GC threshold: 21.00 MB
Current GC threshold: 21.00 MB
CDS: on
MetaspaceReclaimPolicy: balanced
 - commit_granule_bytes: 65536.
 - commit_granule_words: 8192.
 - virtual_space_node_default_size: 8388608.
 - enlarge_chunks_in_place: 1.
 - new_chunks_are_fully_committed: 0.
 - uncommit_free_chunks: 1.
 - use_allocation_guard: 0.
 - handle_deallocations: 1.


Internal statistics:

num_allocs_failed_limit: 0.
num_arena_births: 132.
num_arena_deaths: 0.
num_vsnodes_births: 2.
num_vsnodes_deaths: 0.
num_space_committed: 167.
num_space_uncommitted: 0.
num_chunks_returned_to_freelist: 0.
num_chunks_taken_from_freelist: 459.
num_chunk_merges: 0.
num_chunk_splits: 314.
num_chunks_enlarged: 249.
num_inconsistent_stats: 0.

CodeHeap 'non-profiled nmethods': size=120000Kb used=522Kb max_used=522Kb free=119477Kb
 bounds [0x0000019fbca40000, 0x0000019fbccb0000, 0x0000019fc3f70000]
CodeHeap 'profiled nmethods': size=120000Kb used=2119Kb max_used=2119Kb free=117880Kb
 bounds [0x0000019fb4f70000, 0x0000019fb51e0000, 0x0000019fbc4a0000]
CodeHeap 'non-nmethods': size=5760Kb used=1345Kb max_used=1416Kb free=4414Kb
 bounds [0x0000019fbc4a0000, 0x0000019fbc710000, 0x0000019fbca40000]
 total_blobs=1976 nmethods=1305 adapters=583
 compilation: enabled
              stopped_count=0, restarted_count=0
 full_count=0

Compilation events (20 events):
Event: 0.784 Thread 0x0000019fcb5cda60 nmethod 1294 0x0000019fb517e210 code [0x0000019fb517e3c0, 0x0000019fb517e6e8]
Event: 0.785 Thread 0x0000019fcb5cda60 1296       3       jdk.internal.jimage.BasicImageReader::getLocationIndex (52 bytes)
Event: 0.785 Thread 0x0000019fcb5cda60 nmethod 1296 0x0000019fb517e810 code [0x0000019fb517ea00, 0x0000019fb517ee98]
Event: 0.785 Thread 0x0000019fcb5cda60 1297       3       jdk.internal.jimage.ImageStringsReader::hashCode (8 bytes)
Event: 0.785 Thread 0x0000019fcb5cda60 nmethod 1297 0x0000019fb517f110 code [0x0000019fb517f2c0, 0x0000019fb517f478]
Event: 0.785 Thread 0x0000019fcb5cda60 1298       3       jdk.internal.module.SystemModuleFinders$SystemModuleReader::find (59 bytes)
Event: 0.786 Thread 0x0000019fcb5cda60 nmethod 1298 0x0000019fb517f590 code [0x0000019fb517f840, 0x0000019fb5180468]
Event: 0.787 Thread 0x0000019fcb5cda60 1299       3       java.lang.String::compareTo (63 bytes)
Event: 0.787 Thread 0x0000019fcb82ad00 1301       4       java.lang.String::equals (56 bytes)
Event: 0.787 Thread 0x0000019fcb5cda60 nmethod 1299 0x0000019fb5180910 code [0x0000019fb5180b20, 0x0000019fb5180fb8]
Event: 0.787 Thread 0x0000019fcb5cda60 1300       3       java.lang.StringLatin1::compareTo (14 bytes)
Event: 0.787 Thread 0x0000019fcb5cda60 nmethod 1300 0x0000019fb5181190 code [0x0000019fb5181340, 0x0000019fb5181468]
Event: 0.788 Thread 0x0000019fcb82ad00 nmethod 1301 0x0000019fbcaadc10 code [0x0000019fbcaadd80, 0x0000019fbcaadf58]
Event: 0.789 Thread 0x0000019fcb5cda60 1302       1       javafx.css.ParsedValue::getValue (5 bytes)
Event: 0.789 Thread 0x0000019fcb5cda60 nmethod 1302 0x0000019fbcaae010 code [0x0000019fbcaae1a0, 0x0000019fbcaae278]
Event: 0.789 Thread 0x0000019fcb82ad00 1303       4       jdk.internal.jimage.ImageStringsReader::unmaskedHashCode (166 bytes)
Event: 0.789 Thread 0x0000019fcb5cda60 1304       3       jdk.internal.jimage.ImageStringsReader::match (11 bytes)
Event: 0.789 Thread 0x0000019fcb5cda60 nmethod 1304 0x0000019fb5181590 code [0x0000019fb5181740, 0x0000019fb5181908]
Event: 0.789 Thread 0x0000019fcb5cda60 1305       3       jdk.internal.jimage.BasicImageReader::match (37 bytes)
Event: 0.790 Thread 0x0000019fcb5cda60 nmethod 1305 0x0000019fb5181a10 code [0x0000019fb5181be0, 0x0000019fb5181e78]

GC Heap History (4 events):
Event: 0.347 GC heap before
{Heap before GC invocations=0 (full 0):
 garbage-first heap   total 129024K, used 13312K [0x0000000083600000, 0x0000000100000000)
  region size 1024K, 13 young (13312K), 0 survivors (0K)
 Metaspace       used 2363K, committed 2560K, reserved 1114112K
  class space    used 247K, committed 384K, reserved 1048576K
}
Event: 0.350 GC heap after
{Heap after GC invocations=1 (full 0):
 garbage-first heap   total 129024K, used 1884K [0x0000000083600000, 0x0000000100000000)
  region size 1024K, 2 young (2048K), 2 survivors (2048K)
 Metaspace       used 2363K, committed 2560K, reserved 1114112K
  class space    used 247K, committed 384K, reserved 1048576K
}
Event: 0.591 GC heap before
{Heap before GC invocations=1 (full 0):
 garbage-first heap   total 129024K, used 18268K [0x0000000083600000, 0x0000000100000000)
  region size 1024K, 19 young (19456K), 2 survivors (2048K)
 Metaspace       used 7898K, committed 8064K, reserved 1114112K
  class space    used 1029K, committed 1088K, reserved 1048576K
}
Event: 0.597 GC heap after
{Heap after GC invocations=2 (full 0):
 garbage-first heap   total 129024K, used 4816K [0x0000000083600000, 0x0000000100000000)
  region size 1024K, 3 young (3072K), 3 survivors (3072K)
 Metaspace       used 7898K, committed 8064K, reserved 1114112K
  class space    used 1029K, committed 1088K, reserved 1048576K
}

Deoptimization events (20 events):
Event: 0.781 Thread 0x000001a01121fd50 DEOPT PACKING pc=0x0000019fbca5f298 sp=0x00000045129fd980
Event: 0.781 Thread 0x000001a01121fd50 DEOPT UNPACKING pc=0x0000019fbc4f5ba3 sp=0x00000045129fd918 mode 2
Event: 0.781 Thread 0x000001a01121fd50 DEOPT PACKING pc=0x0000019fb5164d62 sp=0x00000045129fd8c0
Event: 0.781 Thread 0x000001a01121fd50 DEOPT UNPACKING pc=0x0000019fbc4f66e3 sp=0x00000045129fcd40 mode 0
Event: 0.784 Thread 0x000001a01121fd50 Uncommon trap: trap_request=0xffffffde fr.pc=0x0000019fbca52424 relative=0x00000000000001a4
Event: 0.784 Thread 0x000001a01121fd50 Uncommon trap: reason=class_check action=maybe_recompile pc=0x0000019fbca52424 method=java.lang.String.equals(Ljava/lang/Object;)Z @ 8 c2
Event: 0.784 Thread 0x000001a01121fd50 DEOPT PACKING pc=0x0000019fbca52424 sp=0x00000045129fdb30
Event: 0.784 Thread 0x000001a01121fd50 DEOPT UNPACKING pc=0x0000019fbc4f5ba3 sp=0x00000045129fdad8 mode 2
Event: 0.785 Thread 0x000001a01121fd50 Uncommon trap: trap_request=0xffffffde fr.pc=0x0000019fbca52424 relative=0x00000000000001a4
Event: 0.785 Thread 0x000001a01121fd50 Uncommon trap: reason=class_check action=maybe_recompile pc=0x0000019fbca52424 method=java.lang.String.equals(Ljava/lang/Object;)Z @ 8 c2
Event: 0.785 Thread 0x000001a01121fd50 DEOPT PACKING pc=0x0000019fbca52424 sp=0x00000045129fda40
Event: 0.785 Thread 0x000001a01121fd50 DEOPT UNPACKING pc=0x0000019fbc4f5ba3 sp=0x00000045129fd9e8 mode 2
Event: 0.785 Thread 0x000001a01121fd50 Uncommon trap: trap_request=0xffffffde fr.pc=0x0000019fbca52424 relative=0x00000000000001a4
Event: 0.785 Thread 0x000001a01121fd50 Uncommon trap: reason=class_check action=maybe_recompile pc=0x0000019fbca52424 method=java.lang.String.equals(Ljava/lang/Object;)Z @ 8 c2
Event: 0.785 Thread 0x000001a01121fd50 DEOPT PACKING pc=0x0000019fbca52424 sp=0x00000045129fda40
Event: 0.785 Thread 0x000001a01121fd50 DEOPT UNPACKING pc=0x0000019fbc4f5ba3 sp=0x00000045129fd9e8 mode 2
Event: 0.785 Thread 0x000001a01121fd50 Uncommon trap: trap_request=0xffffffde fr.pc=0x0000019fbca52424 relative=0x00000000000001a4
Event: 0.785 Thread 0x000001a01121fd50 Uncommon trap: reason=class_check action=maybe_recompile pc=0x0000019fbca52424 method=java.lang.String.equals(Ljava/lang/Object;)Z @ 8 c2
Event: 0.785 Thread 0x000001a01121fd50 DEOPT PACKING pc=0x0000019fbca52424 sp=0x00000045129fdb30
Event: 0.785 Thread 0x000001a01121fd50 DEOPT UNPACKING pc=0x0000019fbc4f5ba3 sp=0x00000045129fdad8 mode 2

Classes unloaded (0 events):
No events

Classes redefined (0 events):
No events

Internal exceptions (20 events):
Event: 0.321 Thread 0x0000019fabef11b0 Exception <a 'java/lang/NoSuchMethodError'{0x000000008a89d0f8}: 'int java.lang.invoke.DirectMethodHandle$Holder.invokeStaticInit(java.lang.Object, java.lang.Object, java.lang.Object)'> (0x000000008a89d0f8) 
thrown [s\open\src\hotspot\share\interpreter\linkResolver.cpp, line 759]
Event: 0.338 Thread 0x0000019fabef11b0 Exception <a 'java/lang/NoSuchMethodError'{0x000000008a7577f0}: 'java.lang.Object java.lang.invoke.DirectMethodHandle$Holder.newInvokeSpecial(java.lang.Object, java.lang.Object, int, java.lang.Object)'> (0x000000008a7577f0) 
thrown [s\open\src\hotspot\share\interpreter\linkResolver.cpp, line 759]
Event: 0.338 Thread 0x0000019fabef11b0 Exception <a 'java/lang/NoSuchMethodError'{0x000000008a79e720}: 'java.lang.Object java.lang.invoke.DirectMethodHandle$Holder.invokeSpecial(java.lang.Object, java.lang.Object, java.lang.Object, int, java.lang.Object)'> (0x000000008a79e720) 
thrown [s\open\src\hotspot\share\interpreter\linkResolver.cpp, line 759]
Event: 0.380 Thread 0x000001a01121fd50 Exception <a 'java/lang/NoSuchMethodError'{0x000000008b2f41e8}: 'void java.lang.invoke.DirectMethodHandle$Holder.invokeStaticInit(java.lang.Object)'> (0x000000008b2f41e8) 
thrown [s\open\src\hotspot\share\interpreter\linkResolver.cpp, line 759]
Event: 0.383 Thread 0x0000019fabef11b0 Exception <a 'java/lang/NoSuchMethodError'{0x000000008b134038}: 'java.lang.Object java.lang.invoke.DirectMethodHandle$Holder.newInvokeSpecial(java.lang.Object, java.lang.Object, java.lang.Object, java.lang.Object, java.lang.Object, java.lang.Object)'> (0x000000008b134038) 
thrown [s\open\src\hotspot\share\interpreter\linkResolver.cpp, line 759]
Event: 0.388 Thread 0x0000019fabef11b0 Exception <a 'java/lang/NoSuchMethodError'{0x000000008b166e60}: 'java.lang.Object java.lang.invoke.DirectMethodHandle$Holder.newInvokeSpecial(java.lang.Object, java.lang.Object, java.lang.Object, java.lang.Object, java.lang.Object)'> (0x000000008b166e60) 
thrown [s\open\src\hotspot\share\interpreter\linkResolver.cpp, line 759]
Event: 0.389 Thread 0x000001a0115e3010 Exception <a 'java/lang/NoSuchMethodError'{0x000000008b1dcb98}: 'void java.lang.invoke.DirectMethodHandle$Holder.invokeStatic(java.lang.Object, java.lang.Object, java.lang.Object, java.lang.Object)'> (0x000000008b1dcb98) 
thrown [s\open\src\hotspot\share\interpreter\linkResolver.cpp, line 759]
Event: 0.454 Thread 0x000001a01121fd50 Exception <a 'java/lang/NoSuchMethodError'{0x000000008acc4888}: 'java.lang.Object java.lang.invoke.DirectMethodHandle$Holder.invokeStaticInit(java.lang.Object, java.lang.Object, java.lang.Object, java.lang.Object)'> (0x000000008acc4888) 
thrown [s\open\src\hotspot\share\interpreter\linkResolver.cpp, line 759]
Event: 0.455 Thread 0x000001a01121fd50 Exception <a 'java/lang/NullPointerException'{0x000000008acd0728}> (0x000000008acd0728) 
thrown [s\open\src\hotspot\share\interpreter\linkResolver.cpp, line 1350]
Event: 0.490 Thread 0x000001a01121fd50 Exception <a 'java/lang/ClassNotFoundException'{0x000000008a9a8c20}: com/sun/glass/ui/win/themes> (0x000000008a9a8c20) 
thrown [s\open\src\hotspot\share\prims\jni.cpp, line 535]
Event: 0.491 Thread 0x000001a01121fd50 Exception <a 'java/lang/ClassNotFoundException'{0x000000008a9b0ec0}: com/sun/glass/ui/win/themes_es> (0x000000008a9b0ec0) 
thrown [s\open\src\hotspot\share\prims\jni.cpp, line 535]
Event: 0.491 Thread 0x000001a01121fd50 Exception <a 'java/lang/ClassNotFoundException'{0x000000008a9bd568}: com/sun/glass/ui/win/themes_es_ES> (0x000000008a9bd568) 
thrown [s\open\src\hotspot\share\prims\jni.cpp, line 535]
Event: 0.559 Thread 0x000001a01121fd50 Exception <a 'java/lang/NoSuchMethodError'{0x000000008a2d71e0}: 'void java.lang.invoke.DirectMethodHandle$Holder.invokeStaticInit(java.lang.Object, java.lang.Object)'> (0x000000008a2d71e0) 
thrown [s\open\src\hotspot\share\interpreter\linkResolver.cpp, line 759]
Event: 0.614 Thread 0x000001a01121fd50 Exception <a 'java/io/FileNotFoundException'{0x000000008b3dfa40}> (0x000000008b3dfa40) 
thrown [s\open\src\hotspot\share\prims\jni.cpp, line 516]
Event: 0.654 Thread 0x000001a01121fd50 Implicit null exception at 0x0000019fbca642d8 to 0x0000019fbca6436e
Event: 0.659 Thread 0x000001a01121fd50 Exception <a 'java/io/FileNotFoundException'{0x000000008af233f8}> (0x000000008af233f8) 
thrown [s\open\src\hotspot\share\prims\jni.cpp, line 516]
Event: 0.717 Thread 0x000001a01121fd50 Implicit null exception at 0x0000019fbca9928c to 0x0000019fbca996b8
Event: 0.775 Thread 0x000001a01121fd50 Exception <a 'java/lang/UnsatisfiedLinkError'{0x000000008ab3a178}: 'void com.sun.glass.ui.win.WinWindow._updateViewSize(long)'> (0x000000008ab3a178) 
thrown [s\open\src\hotspot\share\prims\nativeLookup.cpp, line 543]
Event: 0.779 Thread 0x000001a01121fd50 Implicit null exception at 0x0000019fbca9390e to 0x0000019fbca93d00
Event: 0.781 Thread 0x000001a01121fd50 Implicit null exception at 0x0000019fbca5f20f to 0x0000019fbca5f289

VM Operations (18 events):
Event: 0.074 Executing VM operation: HandshakeAllThreads
Event: 0.074 Executing VM operation: HandshakeAllThreads done
Event: 0.131 Executing VM operation: HandshakeAllThreads
Event: 0.131 Executing VM operation: HandshakeAllThreads done
Event: 0.330 Executing VM operation: HandshakeAllThreads
Event: 0.330 Executing VM operation: HandshakeAllThreads done
Event: 0.347 Executing VM operation: G1CollectForAllocation
Event: 0.350 Executing VM operation: G1CollectForAllocation done
Event: 0.413 Executing VM operation: HandshakeAllThreads
Event: 0.413 Executing VM operation: HandshakeAllThreads done
Event: 0.508 Executing VM operation: HandshakeAllThreads
Event: 0.508 Executing VM operation: HandshakeAllThreads done
Event: 0.568 Executing VM operation: ICBufferFull
Event: 0.568 Executing VM operation: ICBufferFull done
Event: 0.591 Executing VM operation: G1CollectForAllocation
Event: 0.597 Executing VM operation: G1CollectForAllocation done
Event: 0.685 Executing VM operation: HandshakeAllThreads
Event: 0.685 Executing VM operation: HandshakeAllThreads done

Events (20 events):
Event: 0.703 loading class java/lang/constant/DirectMethodHandleDesc$1
Event: 0.703 loading class java/lang/constant/DirectMethodHandleDesc$1 done
Event: 0.703 loading class java/lang/constant/PrimitiveClassDescImpl
Event: 0.703 loading class java/lang/constant/DynamicConstantDesc
Event: 0.703 loading class java/lang/constant/DynamicConstantDesc done
Event: 0.703 loading class java/lang/constant/PrimitiveClassDescImpl done
Event: 0.703 loading class java/lang/constant/DynamicConstantDesc$AnonymousDynamicConstantDesc
Event: 0.704 loading class java/lang/constant/DynamicConstantDesc$AnonymousDynamicConstantDesc done
Event: 0.704 loading class sun/security/provider/ByteArrayAccess
Event: 0.704 loading class sun/security/provider/ByteArrayAccess done
Event: 0.728 loading class java/util/ResourceBundle$3
Event: 0.728 loading class java/util/ResourceBundle$3 done
Event: 0.751 loading class java/lang/StrictMath
Event: 0.752 loading class java/lang/StrictMath done
Event: 0.773 loading class jdk/jfr/FlightRecorder
Event: 0.773 loading class jdk/jfr/FlightRecorder done
Event: 0.775 loading class java/util/WeakHashMap$EntrySet
Event: 0.776 loading class java/util/WeakHashMap$EntrySet done
Event: 0.776 loading class java/util/WeakHashMap$EntryIterator
Event: 0.776 loading class java/util/WeakHashMap$EntryIterator done


Dynamic libraries:
0x00007ff7ac200000 - 0x00007ff7ac210000 	C:\Program Files\Java\jdk-17\bin\java.exe
0x00007ffd53fd0000 - 0x00007ffd541e7000 	C:\WINDOWS\SYSTEM32\ntdll.dll
0x00007ffd52900000 - 0x00007ffd529c4000 	C:\WINDOWS\System32\KERNEL32.DLL
0x00007ffd51410000 - 0x00007ffd517bd000 	C:\WINDOWS\System32\KERNELBASE.dll
0x00007ffd517c0000 - 0x00007ffd518d1000 	C:\WINDOWS\System32\ucrtbase.dll
0x00007ffd42060000 - 0x00007ffd42079000 	C:\Program Files\Java\jdk-17\bin\jli.dll
0x00007ffd527b0000 - 0x00007ffd52862000 	C:\WINDOWS\System32\ADVAPI32.dll
0x00007ffd53860000 - 0x00007ffd53907000 	C:\WINDOWS\System32\msvcrt.dll
0x00007ffd524e0000 - 0x00007ffd52589000 	C:\WINDOWS\System32\sechost.dll
0x00007ffd513e0000 - 0x00007ffd51408000 	C:\WINDOWS\System32\bcrypt.dll
0x00007ffd53b50000 - 0x00007ffd53c64000 	C:\WINDOWS\System32\RPCRT4.dll
0x00007ffd52330000 - 0x00007ffd524de000 	C:\WINDOWS\System32\USER32.dll
0x00007ffd513b0000 - 0x00007ffd513d6000 	C:\WINDOWS\System32\win32u.dll
0x00007ffd51d80000 - 0x00007ffd51da9000 	C:\WINDOWS\System32\GDI32.dll
0x00007ffd51a00000 - 0x00007ffd51b19000 	C:\WINDOWS\System32\gdi32full.dll
0x00007ffd518e0000 - 0x00007ffd5197a000 	C:\WINDOWS\System32\msvcp_win.dll
0x00007ffd3fa30000 - 0x00007ffd3fa4b000 	C:\Program Files\Java\jdk-17\bin\VCRUNTIME140.dll
0x00007ffd3f160000 - 0x00007ffd3f3f3000 	C:\WINDOWS\WinSxS\amd64_microsoft.windows.common-controls_6595b64144ccf1df_6.0.22621.3672_none_2713b9d173822955\COMCTL32.dll
0x00007ffd43e60000 - 0x00007ffd43e6a000 	C:\WINDOWS\SYSTEM32\VERSION.dll
0x00007ffd52b30000 - 0x00007ffd52b61000 	C:\WINDOWS\System32\IMM32.DLL
0x00007ffd3ed10000 - 0x00007ffd3ed1c000 	C:\Program Files\Java\jdk-17\bin\vcruntime140_1.dll
0x00007ffcff170000 - 0x00007ffcff1fe000 	C:\Program Files\Java\jdk-17\bin\msvcp140.dll
0x00007ffce5700000 - 0x00007ffce62e1000 	C:\Program Files\Java\jdk-17\bin\server\jvm.dll
0x00007ffd529e0000 - 0x00007ffd529e8000 	C:\WINDOWS\System32\PSAPI.DLL
0x00007ffd43e40000 - 0x00007ffd43e49000 	C:\WINDOWS\SYSTEM32\WSOCK32.dll
0x00007ffd52aa0000 - 0x00007ffd52b11000 	C:\WINDOWS\System32\WS2_32.dll
0x00007ffd4d930000 - 0x00007ffd4d964000 	C:\WINDOWS\SYSTEM32\WINMM.dll
0x00007ffd50430000 - 0x00007ffd50448000 	C:\WINDOWS\SYSTEM32\kernel.appcore.dll
0x00007ffd3eba0000 - 0x00007ffd3ebaa000 	C:\Program Files\Java\jdk-17\bin\jimage.dll
0x00007ffd4eb70000 - 0x00007ffd4eda2000 	C:\WINDOWS\SYSTEM32\DBGHELP.DLL
0x00007ffd51fa0000 - 0x00007ffd5232e000 	C:\WINDOWS\System32\combase.dll
0x00007ffd53a70000 - 0x00007ffd53b47000 	C:\WINDOWS\System32\OLEAUT32.dll
0x00007ffd4d8f0000 - 0x00007ffd4d922000 	C:\WINDOWS\SYSTEM32\dbgcore.DLL
0x00007ffd51980000 - 0x00007ffd519fb000 	C:\WINDOWS\System32\bcryptPrimitives.dll
0x00007ffd3dc90000 - 0x00007ffd3dcb5000 	C:\Program Files\Java\jdk-17\bin\java.dll
0x00007ffcfa690000 - 0x00007ffcfa767000 	C:\Program Files\Java\jdk-17\bin\jsvml.dll
0x00007ffd52ff0000 - 0x00007ffd53857000 	C:\WINDOWS\System32\SHELL32.dll
0x00007ffd4f270000 - 0x00007ffd4fb6f000 	C:\WINDOWS\SYSTEM32\windows.storage.dll
0x00007ffd4f130000 - 0x00007ffd4f26f000 	C:\WINDOWS\SYSTEM32\wintypes.dll
0x00007ffd53e90000 - 0x00007ffd53f89000 	C:\WINDOWS\System32\SHCORE.dll
0x00007ffd52750000 - 0x00007ffd527ae000 	C:\WINDOWS\System32\shlwapi.dll
0x00007ffd51220000 - 0x00007ffd51247000 	C:\WINDOWS\SYSTEM32\profapi.dll
0x00007ffd3e4d0000 - 0x00007ffd3e4e9000 	C:\Program Files\Java\jdk-17\bin\net.dll
0x00007ffd4d700000 - 0x00007ffd4d836000 	C:\WINDOWS\SYSTEM32\WINHTTP.dll
0x00007ffd508a0000 - 0x00007ffd50909000 	C:\WINDOWS\system32\mswsock.dll
0x00007ffd3de10000 - 0x00007ffd3de26000 	C:\Program Files\Java\jdk-17\bin\nio.dll
0x00007ffd3db90000 - 0x00007ffd3dba8000 	C:\Program Files\Java\jdk-17\bin\zip.dll
0x0000019fcbb90000 - 0x0000019fcbb93000 	C:\Program Files\Java\jdk-17\bin\api-ms-win-core-console-l1-1-0.dll
0x0000019fcbba0000 - 0x0000019fcbba3000 	C:\Program Files\Java\jdk-17\bin\api-ms-win-core-console-l1-2-0.dll
0x0000019fcbbb0000 - 0x0000019fcbbb3000 	C:\Program Files\Java\jdk-17\bin\api-ms-win-core-datetime-l1-1-0.dll
0x0000019fcbbc0000 - 0x0000019fcbbc3000 	C:\Program Files\Java\jdk-17\bin\api-ms-win-core-debug-l1-1-0.dll
0x0000019fcbbd0000 - 0x0000019fcbbd3000 	C:\Program Files\Java\jdk-17\bin\api-ms-win-core-errorhandling-l1-1-0.dll
0x0000019fcbbe0000 - 0x0000019fcbbe4000 	C:\Program Files\Java\jdk-17\bin\api-ms-win-core-file-l1-1-0.dll
0x0000019fcbbf0000 - 0x0000019fcbbf3000 	C:\Program Files\Java\jdk-17\bin\api-ms-win-core-file-l1-2-0.dll
0x0000019fcbc00000 - 0x0000019fcbc03000 	C:\Program Files\Java\jdk-17\bin\api-ms-win-core-file-l2-1-0.dll
0x0000019fcbc10000 - 0x0000019fcbc13000 	C:\Program Files\Java\jdk-17\bin\api-ms-win-core-handle-l1-1-0.dll
0x0000019fcbc20000 - 0x0000019fcbc23000 	C:\Program Files\Java\jdk-17\bin\api-ms-win-core-heap-l1-1-0.dll
0x0000019fcbc30000 - 0x0000019fcbc33000 	C:\Program Files\Java\jdk-17\bin\api-ms-win-core-interlocked-l1-1-0.dll
0x0000019fcbc40000 - 0x0000019fcbc43000 	C:\Program Files\Java\jdk-17\bin\api-ms-win-core-libraryloader-l1-1-0.dll
0x0000019fcbc50000 - 0x0000019fcbc53000 	C:\Program Files\Java\jdk-17\bin\api-ms-win-core-localization-l1-2-0.dll
0x0000019fcbc60000 - 0x0000019fcbc63000 	C:\Program Files\Java\jdk-17\bin\api-ms-win-core-memory-l1-1-0.dll
0x0000019fcbc70000 - 0x0000019fcbc73000 	C:\Program Files\Java\jdk-17\bin\api-ms-win-core-namedpipe-l1-1-0.dll
0x0000019fcbc80000 - 0x0000019fcbc83000 	C:\Program Files\Java\jdk-17\bin\api-ms-win-core-processenvironment-l1-1-0.dll
0x0000019fcbc90000 - 0x0000019fcbc93000 	C:\Program Files\Java\jdk-17\bin\api-ms-win-core-processthreads-l1-1-0.dll
0x0000019fcbca0000 - 0x0000019fcbca3000 	C:\Program Files\Java\jdk-17\bin\api-ms-win-core-processthreads-l1-1-1.dll
0x0000019fcbcb0000 - 0x0000019fcbcb3000 	C:\Program Files\Java\jdk-17\bin\api-ms-win-core-profile-l1-1-0.dll
0x0000019fcbcc0000 - 0x0000019fcbcc3000 	C:\Program Files\Java\jdk-17\bin\api-ms-win-core-rtlsupport-l1-1-0.dll
0x0000019fcbcd0000 - 0x0000019fcbcd3000 	C:\Program Files\Java\jdk-17\bin\api-ms-win-core-string-l1-1-0.dll
0x0000019fcbce0000 - 0x0000019fcbce3000 	C:\Program Files\Java\jdk-17\bin\api-ms-win-core-synch-l1-1-0.dll
0x0000019fcbcf0000 - 0x0000019fcbcf3000 	C:\Program Files\Java\jdk-17\bin\api-ms-win-core-synch-l1-2-0.dll
0x0000019fcbd00000 - 0x0000019fcbd03000 	C:\Program Files\Java\jdk-17\bin\api-ms-win-core-sysinfo-l1-1-0.dll
0x0000019fcbd10000 - 0x0000019fcbd13000 	C:\Program Files\Java\jdk-17\bin\api-ms-win-core-timezone-l1-1-0.dll
0x0000019fcbd20000 - 0x0000019fcbd23000 	C:\Program Files\Java\jdk-17\bin\api-ms-win-core-util-l1-1-0.dll
0x0000019fcbd30000 - 0x0000019fcbd33000 	C:\Program Files\Java\jdk-17\bin\api-ms-win-crt-conio-l1-1-0.dll
0x0000019fcbd40000 - 0x0000019fcbd44000 	C:\Program Files\Java\jdk-17\bin\api-ms-win-crt-convert-l1-1-0.dll
0x0000019fcbd50000 - 0x0000019fcbd53000 	C:\Program Files\Java\jdk-17\bin\api-ms-win-crt-environment-l1-1-0.dll
0x0000019fcbd60000 - 0x0000019fcbd63000 	C:\Program Files\Java\jdk-17\bin\api-ms-win-crt-filesystem-l1-1-0.dll
0x0000019fcbd70000 - 0x0000019fcbd73000 	C:\Program Files\Java\jdk-17\bin\api-ms-win-crt-heap-l1-1-0.dll
0x0000019fcbd80000 - 0x0000019fcbd83000 	C:\Program Files\Java\jdk-17\bin\api-ms-win-crt-locale-l1-1-0.dll
0x0000019fcbd90000 - 0x0000019fcbd95000 	C:\Program Files\Java\jdk-17\bin\api-ms-win-crt-math-l1-1-0.dll
0x0000019fcbda0000 - 0x0000019fcbda5000 	C:\Program Files\Java\jdk-17\bin\api-ms-win-crt-multibyte-l1-1-0.dll
0x0000019fcbdb0000 - 0x0000019fcbdc0000 	C:\Program Files\Java\jdk-17\bin\api-ms-win-crt-private-l1-1-0.dll
0x0000019fcbdc0000 - 0x0000019fcbdc3000 	C:\Program Files\Java\jdk-17\bin\api-ms-win-crt-process-l1-1-0.dll
0x0000019fcbdd0000 - 0x0000019fcbdd4000 	C:\Program Files\Java\jdk-17\bin\api-ms-win-crt-runtime-l1-1-0.dll
0x0000019fcbde0000 - 0x0000019fcbde4000 	C:\Program Files\Java\jdk-17\bin\api-ms-win-crt-stdio-l1-1-0.dll
0x0000019fcbdf0000 - 0x0000019fcbdf4000 	C:\Program Files\Java\jdk-17\bin\api-ms-win-crt-string-l1-1-0.dll
0x0000019fcbe00000 - 0x0000019fcbe03000 	C:\Program Files\Java\jdk-17\bin\api-ms-win-crt-time-l1-1-0.dll
0x0000019fcbe10000 - 0x0000019fcbe13000 	C:\Program Files\Java\jdk-17\bin\api-ms-win-crt-utility-l1-1-0.dll
0x00007ffcfcee0000 - 0x00007ffcfcfe0000 	C:\Program Files\Java\jdk-17\bin\ucrtbase.dll
0x00007ffd4aa90000 - 0x00007ffd4aa99000 	C:\Windows\System32\msvcp140_1.dll
0x00007ffd15c70000 - 0x00007ffd15cb1000 	C:\Windows\System32\msvcp140_2.dll
0x00007ffd3fae0000 - 0x00007ffd3fb03000 	C:\Program Files\Java\jre-1.8\bin\prism_d3d.dll
0x00007ffd01dc0000 - 0x00007ffd01f68000 	C:\WINDOWS\system32\d3d9.dll
0x00007ffd4e5f0000 - 0x00007ffd4e61b000 	C:\WINDOWS\SYSTEM32\dwmapi.dll
0x00007ffd4e490000 - 0x00007ffd4e4c7000 	C:\WINDOWS\SYSTEM32\dxcore.dll
0x00007ffd4e370000 - 0x00007ffd4e421000 	C:\WINDOWS\system32\uxtheme.dll
0x00007ffd01c10000 - 0x00007ffd01dbc000 	C:\WINDOWS\System32\DriverStore\FileRepository\iigd_dch.inf_amd64_c529b210005a7e19\igdumdim64.dll
0x00007ffd53c70000 - 0x00007ffd53e15000 	C:\WINDOWS\System32\ole32.dll
0x00007ffcf0400000 - 0x00007ffcf405c000 	C:\WINDOWS\System32\DriverStore\FileRepository\iigd_dch.inf_amd64_c529b210005a7e19\igd9dxva64.dll
0x00007ffd52b70000 - 0x00007ffd52fe4000 	C:\WINDOWS\System32\SETUPAPI.dll
0x00007ffd50fc0000 - 0x00007ffd5100e000 	C:\WINDOWS\SYSTEM32\cfgmgr32.dll
0x00007ffd422e0000 - 0x00007ffd426d0000 	C:\WINDOWS\System32\DriverStore\FileRepository\iigd_dch.inf_amd64_c529b210005a7e19\igdgmm64.dll
0x00007ffd4a2a0000 - 0x00007ffd4a2e9000 	C:\WINDOWS\SYSTEM32\directxdatabasehelper.dll
0x00007ffd14e70000 - 0x00007ffd14eb2000 	C:\Program Files\Java\jre-1.8\bin\glass.dll
0x00007ffd51db0000 - 0x00007ffd51eaf000 	C:\WINDOWS\System32\COMDLG32.dll
0x00007ffd53910000 - 0x00007ffd53a6e000 	C:\WINDOWS\System32\MSCTF.dll
0x00007ffd01b50000 - 0x00007ffd01b77000 	C:\WINDOWS\System32\DriverStore\FileRepository\iigd_dch.inf_amd64_c529b210005a7e19\igdinfo64.dll
0x00007ffd50af0000 - 0x00007ffd50b0b000 	C:\WINDOWS\SYSTEM32\CRYPTSP.dll
0x00007ffd50390000 - 0x00007ffd503c5000 	C:\WINDOWS\system32\rsaenh.dll
0x00007ffd50b10000 - 0x00007ffd50b1c000 	C:\WINDOWS\SYSTEM32\CRYPTBASE.dll
0x00007ffd39530000 - 0x00007ffd3db74000 	C:\WINDOWS\System32\DriverStore\FileRepository\iigd_dch.inf_amd64_c529b210005a7e19\igc64.dll
0x00007ffd37f40000 - 0x00007ffd37f54000 	C:\Program Files\Java\jre-1.8\bin\javafx_font.dll
0x00007ffd4b320000 - 0x00007ffd4b593000 	C:\WINDOWS\SYSTEM32\dwrite.dll
0x00007ffd51ef0000 - 0x00007ffd51fa0000 	C:\WINDOWS\System32\clbcatq.dll
0x00007ffd4e0f0000 - 0x00007ffd4e2a1000 	C:\WINDOWS\SYSTEM32\WindowsCodecs.dll
0x00007ffd29390000 - 0x00007ffd293ee000 	C:\WINDOWS\system32\dataexchange.dll
0x00007ffd48970000 - 0x00007ffd48bfa000 	C:\WINDOWS\system32\twinapi.appcore.dll
0x00007ffcfe4f0000 - 0x00007ffcfe522000 	C:\Program Files\Common Files\Microsoft Shared\Ink\rtscom.dll

dbghelp: loaded successfully - version: 4.0.5 - missing functions: none
symbol engine: initialized successfully - sym options: 0x614 - pdb path: .;C:\Program Files\Java\jdk-17\bin;C:\WINDOWS\SYSTEM32;C:\WINDOWS\WinSxS\amd64_microsoft.windows.common-controls_6595b64144ccf1df_6.0.22621.3672_none_2713b9d173822955;C:\Program Files\Java\jdk-17\bin\server;C:\Program Files\Java\jre-1.8\bin;C:\WINDOWS\System32\DriverStore\FileRepository\iigd_dch.inf_amd64_c529b210005a7e19;C:\Program Files\Common Files\Microsoft Shared\Ink

VM Arguments:
jvm_args: -Dfile.encoding=UTF-8 --module-path=C:\Users\bemen3\Documents\javafx-sdk-22\lib --add-modules=javafx.controls,javafx.fxml --module-path=C:\Users\PauAl\Documents\Java\javafx\javafx-swt.jar;C:\Users\PauAl\Documents\Java\javafx\javafx.base.jar;C:\Users\PauAl\Documents\Java\javafx\javafx.controls.jar;C:\Users\PauAl\Documents\Java\javafx\javafx.fxml.jar;C:\Users\PauAl\Documents\Java\javafx\javafx.graphics.jar;C:\Users\PauAl\Documents\Java\javafx\javafx.media.jar;C:\Users\PauAl\Documents\Java\javafx\javafx.swing.jar;C:\Users\PauAl\Documents\Java\javafx\javafx.web.jar 
java_command: gui.Main
java_class_path (initial): C:\Users\PauAl\Downloads\CASINO-5.0.0\db\sqlite-jdbc-3.45.3.0.jar;C:\Users\PauAl\Downloads\CASINO-5.0.0\db\slf4j-api-2.0.13.jar;C:\Users\PauAl\Downloads\CASINO-5.0.0\db\slf4j-simple-2.0.13.jar;C:\Users\PauAl\Documents\Java\javafx\javafx-swt.jar;C:\Users\PauAl\Documents\Java\javafx\javafx.base.jar;C:\Users\PauAl\Documents\Java\javafx\javafx.controls.jar;C:\Users\PauAl\Documents\Java\javafx\javafx.fxml.jar;C:\Users\PauAl\Documents\Java\javafx\javafx.graphics.jar;C:\Users\PauAl\Documents\Java\javafx\javafx.media.jar;C:\Users\PauAl\Documents\Java\javafx\javafx.swing.jar;C:\Users\PauAl\Documents\Java\javafx\javafx.web.jar;C:\Users\PauAl\Downloads\CASINO-5.0.0\code\build\classes
Launcher Type: SUN_STANDARD

[Global flags]
     intx CICompilerCount                          = 3                                         {product} {ergonomic}
     uint ConcGCThreads                            = 1                                         {product} {ergonomic}
     uint G1ConcRefinementThreads                  = 4                                         {product} {ergonomic}
   size_t G1HeapRegionSize                         = 1048576                                   {product} {ergonomic}
    uintx GCDrainStackTargetSize                   = 64                                        {product} {ergonomic}
   size_t InitialHeapSize                          = 132120576                                 {product} {ergonomic}
   size_t MarkStackSize                            = 4194304                                   {product} {ergonomic}
   size_t MaxHeapSize                              = 2090860544                                {product} {ergonomic}
   size_t MaxNewSize                               = 1254096896                                {product} {ergonomic}
   size_t MinHeapDeltaBytes                        = 1048576                                   {product} {ergonomic}
   size_t MinHeapSize                              = 8388608                                   {product} {ergonomic}
    uintx NonNMethodCodeHeapSize                   = 5832780                                {pd product} {ergonomic}
    uintx NonProfiledCodeHeapSize                  = 122912730                              {pd product} {ergonomic}
    uintx ProfiledCodeHeapSize                     = 122912730                              {pd product} {ergonomic}
    uintx ReservedCodeCacheSize                    = 251658240                              {pd product} {ergonomic}
     bool SegmentedCodeCache                       = true                                      {product} {ergonomic}
   size_t SoftMaxHeapSize                          = 2090860544                             {manageable} {ergonomic}
     bool UseCompressedClassPointers               = true                           {product lp64_product} {ergonomic}
     bool UseCompressedOops                        = true                           {product lp64_product} {ergonomic}
     bool UseG1GC                                  = true                                      {product} {ergonomic}
     bool UseLargePagesIndividualAllocation        = false                                  {pd product} {ergonomic}

Logging:
Log output configuration:
 #0: stdout all=warning uptime,level,tags
 #1: stderr all=off uptime,level,tags

Environment Variables:
JAVA_HOME=C:\Program Files\Java\jre-1.8
PATH=C:\Program Files\Common Files\Oracle\Java\javapath;C:\Program Files (x86)\Common Files\Oracle\Java\javapath;C:\WINDOWS\system32;C:\WINDOWS;C:\WINDOWS\System32\Wbem;C:\WINDOWS\System32\WindowsPowerShell\v1.0\;C:\WINDOWS\System32\OpenSSH\;C:\MinGW\bin;C:\Program Files\dotnet\;C:\ProgramData\chocolatey\bin;C:\Program Files\Java\jre-1.8\bin;C:\Program Files\Git\cmd;C:\Users\PauAl\AppData\Local\Microsoft\WindowsApps;;C:\Users\PauAl\AppData\Local\Programs\Microsoft VS Code\bin;C:\Users\PauAl\.dotnet\tools
USERNAME=PauAl
OS=Windows_NT
PROCESSOR_IDENTIFIER=Intel64 Family 6 Model 140 Stepping 1, GenuineIntel



---------------  S Y S T E M  ---------------

OS:
 Windows 11 , 64 bit Build 22621 (10.0.22621.3958)
OS uptime: 6 days 12:02 hours

CPU: total 4 (initial active 4) (2 cores per cpu, 2 threads per core) family 6 model 140 stepping 1 microcode 0x86, cx8, cmov, fxsr, ht, mmx, 3dnowpref, sse, sse2, sse3, ssse3, sse4.1, sse4.2, popcnt, lzcnt, tsc, tscinvbit, avx, avx2, aes, erms, clmul, bmi1, bmi2, adx, avx512f, avx512dq, avx512cd, avx512bw, avx512vl, sha, fma, vzeroupper, avx512_vpopcntdq, avx512_vpclmulqdq, avx512_vaes, avx512_vnni, clflush, clflushopt, clwb, avx512_vbmi2, avx512_vbmi

Memory: 4k page, system-wide physical 7975M (903M free)
TotalPageFile size 11303M (AvailPageFile size 1806M)
current process WorkingSet (physical memory assigned to process): 130M, peak: 135M
current process commit charge ("private bytes"): 266M, peak: 272M

vm_info: Java HotSpot(TM) 64-Bit Server VM (17.0.9+11-LTS-201) for windows-amd64 JRE (17.0.9+11-LTS-201), built on Oct 10 2023 23:16:06 by "mach5one" with MS VC++ 17.1 (VS2022)

END.
