#
# A fatal error has been detected by the Java Runtime Environment:
#
#  EXCEPTION_ACCESS_VIOLATION (0xc0000005) at pc=0x000002990754bac1, pid=8744, tid=8348
#
# JRE version: Java(TM) SE Runtime Environment (17.0.9+11) (build 17.0.9+11-LTS-201)
# Java VM: Java HotSpot(TM) 64-Bit Server VM (17.0.9+11-LTS-201, mixed mode, sharing, tiered, compressed oops, compressed class ptrs, g1 gc, windows-amd64)
# Problematic frame:
# j  java.lang.StringUTF16.indexOf([BII)I+0 java.base@17.0.9
#
# No core dump will be written. Minidumps are not enabled by default on client versions of Windows
#
# If you would like to submit a bug report, please visit:
#   https://bugreport.java.com/bugreport/crash.jsp
#

---------------  S U M M A R Y ------------

Command Line: -Dfile.encoding=UTF-8 --module-path=C:\Users\bemen3\Documents\javafx-sdk-22\lib --add-modules=javafx.controls,javafx.fxml --module-path=C:\Users\PauAl\Documents\Java\javafx\javafx-swt.jar;C:\Users\PauAl\Documents\Java\javafx\javafx.base.jar;C:\Users\PauAl\Documents\Java\javafx\javafx.controls.jar;C:\Users\PauAl\Documents\Java\javafx\javafx.fxml.jar;C:\Users\PauAl\Documents\Java\javafx\javafx.graphics.jar;C:\Users\PauAl\Documents\Java\javafx\javafx.media.jar;C:\Users\PauAl\Documents\Java\javafx\javafx.swing.jar;C:\Users\PauAl\Documents\Java\javafx\javafx.web.jar gui.Main

Host: 11th Gen Intel(R) Core(TM) i3-1115G4 @ 3.00GHz, 4 cores, 7G,  Windows 11 , 64 bit Build 22621 (10.0.22621.3958)
Time: Sat Oct  5 23:12:18 2024 Hora de verano romance elapsed time: 1.519911 seconds (0d 0h 0m 1s)

---------------  T H R E A D  ---------------

Current thread (0x000002997d464ec0):  JavaThread "JavaFX Application Thread" [_thread_in_Java, id=8348, stack(0x000000eebe600000,0x000000eebe700000)]

Stack: [0x000000eebe600000,0x000000eebe700000],  sp=0x000000eebe6fd258,  free space=1012k
Native frames: (J=compiled Java code, j=interpreted, Vv=VM code, C=native code)
C  0x000002990754bac1


siginfo: EXCEPTION_ACCESS_VIOLATION (0xc0000005), reading address 0x000000004f444e55


Register to memory mapping:

RIP=0x000002990754bac1 is at code_begin+1 in an Interpreter codelet
arraylength  190 arraylength  [0x000002990754bac0, 0x000002990754bae0]  32 bytes
RAX=0x000000004f444e49 is an unknown value
RBX=0x00000000000000be is an unknown value
RCX=0x0000000000000002 is an unknown value
RDX=0x000002990f02c0f8 is pointing into metadata
RSP=0x000000eebe6fd258 is pointing into the stack for thread: 0x000002997d464ec0
RBP=0x000000eebe6fd2a0 is pointing into the stack for thread: 0x000002997d464ec0
RSI=0x0000000000000148 is an unknown value
RDI=0x0000000000000001 is an unknown value
R8 =0x000000000000003b is an unknown value
R9 =0x0 is NULL
R10=0x00007ffce6230480 jvm.dll
R11=0x0000029900001e00 is at entry_point+32 in (nmethod*)0x0000029900001c10
Compiled method (c1)    1552    7       3       java.lang.String::indexOf (7 bytes)
 total in heap  [0x0000029900001c10,0x00000299000021d0] = 1472
 relocation     [0x0000029900001d68,0x0000029900001dd0] = 104
 main code      [0x0000029900001de0,0x00000299000020a0] = 704
 stub code      [0x00000299000020a0,0x00000299000020f8] = 88
 metadata       [0x00000299000020f8,0x0000029900002110] = 24
 scopes data    [0x0000029900002110,0x0000029900002158] = 72
 scopes pcs     [0x0000029900002158,0x00000299000021c8] = 112
 dependencies   [0x00000299000021c8,0x00000299000021d0] = 8
R12=0x0 is NULL
R13=0x000002990f600c01 is pointing into metadata
R14=0x000000eebe6fd2c8 is pointing into the stack for thread: 0x000002997d464ec0
R15=0x000002997d464ec0 is a thread


Registers:
RAX=0x000000004f444e49, RBX=0x00000000000000be, RCX=0x0000000000000002, RDX=0x000002990f02c0f8
RSP=0x000000eebe6fd258, RBP=0x000000eebe6fd2a0, RSI=0x0000000000000148, RDI=0x0000000000000001
R8 =0x000000000000003b, R9 =0x0000000000000000, R10=0x00007ffce6230480, R11=0x0000029900001e00
R12=0x0000000000000000, R13=0x000002990f600c01, R14=0x000000eebe6fd2c8, R15=0x000002997d464ec0
RIP=0x000002990754bac1, EFLAGS=0x0000000000010202

Top of Stack: (sp=0x000000eebe6fd258)
0x000000eebe6fd258:   000000eebe6fd258 000002990f600c00
0x000000eebe6fd268:   000000eebe6fd2c8 000002990f02c0f8
0x000000eebe6fd278:   000002997905f5c8 00000000837c11d8
0x000000eebe6fd288:   000002990f02d6c8 0000000000000000
0x000000eebe6fd298:   000000eebe6fd2d0 000000eebe6fd3a8
0x000000eebe6fd2a8:   0000029900001fbc 0000000000000000
0x000000eebe6fd2b8:   0000000000000000 000000ee0000003b
0x000000eebe6fd2c8:   000000004f444e49 00000299797cfa90
0x000000eebe6fd2d8:   0000000000000158 00000299797cfa90
0x000000eebe6fd2e8:   000000000000009b 000002990753d2f6
0x000000eebe6fd2f8:   000000eebe6fd2f8 000000eebe6fd3c0
0x000000eebe6fd308:   0000029907539657 000000eebe6fd3a8
0x000000eebe6fd318:   0000029907549e0c 000000008a00e878
0x000000eebe6fd328:   00000000000000b6 000000eebe6fd3a8
0x000000eebe6fd338:   0000029907539612 000000eebe6fd3a8
0x000000eebe6fd348:   0000029907539612 000000000000003b 

Instructions: (pc=0x000002990754bac1)
0x000002990754b9c1:   00 00 00 e9 ad 00 00 00 4c 8b c8 48 8d 44 24 08
0x000002990754b9d1:   4c 89 6d c0 49 8b cf c5 f8 77 49 89 af a0 02 00
0x000002990754b9e1:   00 49 89 87 90 02 00 00 48 83 ec 20 f7 c4 0f 00
0x000002990754b9f1:   00 00 0f 84 1a 00 00 00 48 83 ec 08 49 ba c0 e2
0x000002990754ba01:   a7 e5 fc 7f 00 00 41 ff d2 48 83 c4 08 e9 0d 00
0x000002990754ba11:   00 00 49 ba c0 e2 a7 e5 fc 7f 00 00 41 ff d2 48
0x000002990754ba21:   83 c4 20 49 c7 87 90 02 00 00 00 00 00 00 49 c7
0x000002990754ba31:   87 a0 02 00 00 00 00 00 00 49 c7 87 98 02 00 00
0x000002990754ba41:   00 00 00 00 c5 f8 77 49 81 7f 08 00 00 00 00 0f
0x000002990754ba51:   84 05 00 00 00 e9 a5 54 fe ff 49 8b 87 e8 02 00
0x000002990754ba61:   00 49 c7 87 e8 02 00 00 00 00 00 00 4c 8b 6d c0
0x000002990754ba71:   4c 8b 75 c8 c3 41 0f b6 5d 03 49 83 c5 03 49 ba
0x000002990754ba81:   80 04 23 e6 fc 7f 00 00 41 ff 24 da 66 66 90 00
0x000002990754ba91:   00 00 00 00 00 00 00 00 00 00 00 00 00 00 00 40
0x000002990754baa1:   00 00 00 00 00 00 00 28 48 fc e5 fc 7f 00 00 be
0x000002990754bab1:   00 00 00 00 00 00 00 00 00 00 00 00 00 00 00 58
0x000002990754bac1:   8b 40 0c 41 0f b6 5d 01 49 ff c5 49 ba 80 e4 22
0x000002990754bad1:   e6 fc 7f 00 00 41 ff 24 da 66 0f 1f 44 00 00 40
0x000002990754bae1:   00 00 00 00 00 00 00 34 48 fc e5 fc 7f 00 00 bf
0x000002990754baf1:   00 00 00 00 00 00 00 00 00 00 00 00 00 00 00 58
0x000002990754bb01:   48 3b 00 e9 4a f9 fe ff 0f 1f 80 00 00 00 00 00
0x000002990754bb11:   00 00 00 00 00 00 00 00 00 00 00 00 00 00 00 60
0x000002990754bb21:   02 00 00 00 00 00 00 40 48 fc e5 fc 7f 00 00 c0
0x000002990754bb31:   00 00 00 00 00 00 00 00 00 00 00 00 00 00 00 58
0x000002990754bb41:   48 85 c0 0f 84 fc 01 00 00 48 8b 4d e8 48 8b 49
0x000002990754bb51:   08 48 8b 49 08 48 8b 51 08 41 0f b7 5d 01 0f cb
0x000002990754bb61:   c1 eb 10 80 7c 1a 04 07 0f 84 b8 00 00 00 50 e8
0x000002990754bb71:   05 00 00 00 e9 98 00 00 00 48 8d 44 24 08 4c 89
0x000002990754bb81:   6d c0 49 8b cf c5 f8 77 49 89 af a0 02 00 00 49
0x000002990754bb91:   89 87 90 02 00 00 48 83 ec 20 f7 c4 0f 00 00 00
0x000002990754bba1:   0f 84 1a 00 00 00 48 83 ec 08 49 ba d0 10 a8 e5
0x000002990754bbb1:   fc 7f 00 00 41 ff d2 48 83 c4 08 e9 0d 00 00 00 


Stack slot to memory mapping:
stack at sp + 0 slots: 0x000000eebe6fd258 is pointing into the stack for thread: 0x000002997d464ec0
stack at sp + 1 slots: 0x000002990f600c00 is pointing into metadata
stack at sp + 2 slots: 0x000000eebe6fd2c8 is pointing into the stack for thread: 0x000002997d464ec0
stack at sp + 3 slots: 0x000002990f02c0f8 is pointing into metadata
stack at sp + 4 slots: 0x000002997905f5c8 is pointing into metadata
stack at sp + 5 slots: 0x00000000837c11d8 is an oop: java.lang.Class 
{0x00000000837c11d8} - klass: 'java/lang/Class'
 - ---- fields (total size 16 words):
 - private volatile transient 'classRedefinedCount' 'I' @12  0
 - private volatile transient 'cachedConstructor' 'Ljava/lang/reflect/Constructor;' @40  NULL (0)
 - private transient 'name' 'Ljava/lang/String;' @44  NULL (0)
 - private transient 'module' 'Ljava/lang/Module;' @48  a 'java/lang/Module'{0x00000000836025a8} (836025a8)
 - private final 'classLoader' 'Ljava/lang/ClassLoader;' @52  NULL (0)
 - private transient 'classData' 'Ljava/lang/Object;' @56  NULL (0)
 - private transient 'packageName' 'Ljava/lang/String;' @60  NULL (0)
 - private final 'componentType' 'Ljava/lang/Class;' @64  NULL (0)
 - private volatile transient 'reflectionData' 'Ljava/lang/ref/SoftReference;' @68  NULL (0)
 - private volatile transient 'genericInfo' 'Lsun/reflect/generics/repository/ClassRepository;' @72  NULL (0)
 - private volatile transient 'enumConstants' '[Ljava/lang/Object;' @76  NULL (0)
 - private volatile transient 'enumConstantDirectory' 'Ljava/util/Map;' @80  NULL (0)
 - private volatile transient 'annotationData' 'Ljava/lang/Class$AnnotationData;' @84  NULL (0)
 - private volatile transient 'annotationType' 'Lsun/reflect/annotation/AnnotationType;' @88  NULL (0)
 - transient 'classValueMap' 'Ljava/lang/ClassValue$ClassValueMap;' @92  NULL (0)
 - signature: Ljava/lang/StringUTF16;
 - fake entry for mirror: 'java/lang/StringUTF16'
 - fake entry for array: NULL
 - fake entry for oop_size: 16
 - fake entry for static_oop_field_count: 0
 - static final 'HI_BYTE_SHIFT' 'I' @112  0
 - static final 'LO_BYTE_SHIFT' 'I' @116  8
 - static final 'MAX_LENGTH' 'I' @120  1073741823 (3fffffff)
 - static final synthetic '$assertionsDisabled' 'Z' @124  true
stack at sp + 6 slots: {method} {0x000002990f02d6d0} 'indexOf' '([BII)I' in 'java/lang/StringUTF16'
stack at sp + 7 slots: 0x0 is NULL

arraylength  190 arraylength  [0x000002990754bac0, 0x000002990754bae0]  32 bytes
[MachCode]
  0x000002990754bac0: 588b 400c | 410f b65d | 0149 ffc5 | 49ba 80e4 | 22e6 fc7f | 0000 41ff | 24da 660f | 1f44 0000 
[/MachCode]

---------------  P R O C E S S  ---------------

Threads class SMR info:
_java_thread_list=0x000002997ebecb30, length=17, elements={
0x000002996a191c00, 0x00000299788f08f0, 0x00000299788f12b0, 0x00000299789039e0,
0x00000299789052c0, 0x0000029978908bb0, 0x0000029978909480, 0x000002997890a130,
0x0000029978975140, 0x0000029978979220, 0x0000029978ad8050, 0x0000029978bcaf00,
0x000002997d2fe290, 0x000002997d44b100, 0x000002997d464ec0, 0x000002997d7fcd20,
0x000002997ebc30b0
}

Java Threads: ( => current thread )
  0x000002996a191c00 JavaThread "main" [_thread_blocked, id=9136, stack(0x000000eebd000000,0x000000eebd100000)]
  0x00000299788f08f0 JavaThread "Reference Handler" daemon [_thread_blocked, id=14088, stack(0x000000eebd700000,0x000000eebd800000)]
  0x00000299788f12b0 JavaThread "Finalizer" daemon [_thread_blocked, id=4380, stack(0x000000eebd800000,0x000000eebd900000)]
  0x00000299789039e0 JavaThread "Signal Dispatcher" daemon [_thread_blocked, id=4964, stack(0x000000eebd900000,0x000000eebda00000)]
  0x00000299789052c0 JavaThread "Attach Listener" daemon [_thread_blocked, id=12536, stack(0x000000eebda00000,0x000000eebdb00000)]
  0x0000029978908bb0 JavaThread "Service Thread" daemon [_thread_blocked, id=4276, stack(0x000000eebdb00000,0x000000eebdc00000)]
  0x0000029978909480 JavaThread "Monitor Deflation Thread" daemon [_thread_blocked, id=7148, stack(0x000000eebdc00000,0x000000eebdd00000)]
  0x000002997890a130 JavaThread "C2 CompilerThread0" daemon [_thread_blocked, id=1964, stack(0x000000eebdd00000,0x000000eebde00000)]
  0x0000029978975140 JavaThread "C1 CompilerThread0" daemon [_thread_blocked, id=10728, stack(0x000000eebde00000,0x000000eebdf00000)]
  0x0000029978979220 JavaThread "Sweeper thread" daemon [_thread_blocked, id=3392, stack(0x000000eebdf00000,0x000000eebe000000)]
  0x0000029978ad8050 JavaThread "Common-Cleaner" daemon [_thread_blocked, id=1828, stack(0x000000eebe000000,0x000000eebe100000)]
  0x0000029978bcaf00 JavaThread "Notification Thread" daemon [_thread_blocked, id=14168, stack(0x000000eebe200000,0x000000eebe300000)]
  0x000002997d2fe290 JavaThread "QuantumRenderer-0" daemon [_thread_blocked, id=2976, stack(0x000000eebe100000,0x000000eebe200000)]
  0x000002997d44b100 JavaThread "InvokeLaterDispatcher" daemon [_thread_blocked, id=9448, stack(0x000000eebe500000,0x000000eebe600000)]
=>0x000002997d464ec0 JavaThread "JavaFX Application Thread" [_thread_in_Java, id=8348, stack(0x000000eebe600000,0x000000eebe700000)]
  0x000002997d7fcd20 JavaThread "JavaFX-Launcher" [_thread_blocked, id=11756, stack(0x000000eebee00000,0x000000eebef00000)]
  0x000002997ebc30b0 JavaThread "Thread-2" daemon [_thread_in_native, id=10492, stack(0x000000eebed00000,0x000000eebee00000)]

Other Threads:
  0x00000299788ec3b0 VMThread "VM Thread" [stack: 0x000000eebd600000,0x000000eebd700000] [id=8204]
  0x0000029978c78c30 WatcherThread [stack: 0x000000eebe300000,0x000000eebe400000] [id=12648]
  0x000002996a1eaf60 GCTaskThread "GC Thread#0" [stack: 0x000000eebd100000,0x000000eebd200000] [id=2624]
  0x000002997d7b8980 GCTaskThread "GC Thread#1" [stack: 0x000000eebea00000,0x000000eebeb00000] [id=12116]
  0x000002997d7b4510 GCTaskThread "GC Thread#2" [stack: 0x000000eebeb00000,0x000000eebec00000] [id=10836]
  0x000002997d7e9c00 GCTaskThread "GC Thread#3" [stack: 0x000000eebec00000,0x000000eebed00000] [id=660]
  0x000002996a1fb6f0 ConcurrentGCThread "G1 Main Marker" [stack: 0x000000eebd200000,0x000000eebd300000] [id=13324]
  0x000002996a1fc000 ConcurrentGCThread "G1 Conc#0" [stack: 0x000000eebd300000,0x000000eebd400000] [id=10580]
  0x000002996a2536b0 ConcurrentGCThread "G1 Refine#0" [stack: 0x000000eebd400000,0x000000eebd500000] [id=6336]
  0x00000299787b0200 ConcurrentGCThread "G1 Service" [stack: 0x000000eebd500000,0x000000eebd600000] [id=7024]

Threads with active compile tasks:

VM state: not at safepoint (normal execution)

VM Mutex/Monitor currently owned by a thread: None

Heap address: 0x0000000083600000, size: 1994 MB, Compressed Oops mode: 32-bit

CDS archive(s) mapped at: [0x000002990f000000-0x000002990fbd0000-0x000002990fbd0000), size 12386304, SharedBaseAddress: 0x000002990f000000, ArchiveRelocationMode: 1.
Compressed class space mapped at: 0x0000029910000000-0x0000029950000000, reserved size: 1073741824
Narrow klass base: 0x000002990f000000, Narrow klass shift: 0, Narrow klass range: 0x100000000

GC Precious Log:
 CPUs: 4 total, 4 available
 Memory: 7975M
 Large Page Support: Disabled
 NUMA Support: Disabled
 Compressed Oops: Enabled (32-bit)
 Heap Region Size: 1M
 Heap Min Capacity: 8M
 Heap Initial Capacity: 126M
 Heap Max Capacity: 1994M
 Pre-touch: Disabled
 Parallel Workers: 4
 Concurrent Workers: 1
 Concurrent Refinement Workers: 4
 Periodic GC: Disabled

Heap:
 garbage-first heap   total 129024K, used 13055K [0x0000000083600000, 0x0000000100000000)
  region size 1024K, 12 young (12288K), 3 survivors (3072K)
 Metaspace       used 10551K, committed 10752K, reserved 1114112K
  class space    used 1458K, committed 1536K, reserved 1048576K

Heap Regions: E=young(eden), S=young(survivor), O=old, HS=humongous(starts), HC=humongous(continues), CS=collection set, F=free, OA=open archive, CA=closed archive, TAMS=top-at-mark-start (previous, next)
|   0|0x0000000083600000, 0x0000000083700000, 0x0000000083700000|100%| O|  |TAMS 0x0000000083600000, 0x0000000083600000| Untracked 
|   1|0x0000000083700000, 0x00000000837e7200, 0x0000000083800000| 90%| O|  |TAMS 0x0000000083700000, 0x0000000083700000| Untracked 
|   2|0x0000000083800000, 0x0000000083800000, 0x0000000083900000|  0%| F|  |TAMS 0x0000000083800000, 0x0000000083800000| Untracked 
|   3|0x0000000083900000, 0x0000000083900000, 0x0000000083a00000|  0%| F|  |TAMS 0x0000000083900000, 0x0000000083900000| Untracked 
|   4|0x0000000083a00000, 0x0000000083a00000, 0x0000000083b00000|  0%| F|  |TAMS 0x0000000083a00000, 0x0000000083a00000| Untracked 
|   5|0x0000000083b00000, 0x0000000083b00000, 0x0000000083c00000|  0%| F|  |TAMS 0x0000000083b00000, 0x0000000083b00000| Untracked 
|   6|0x0000000083c00000, 0x0000000083c00000, 0x0000000083d00000|  0%| F|  |TAMS 0x0000000083c00000, 0x0000000083c00000| Untracked 
|   7|0x0000000083d00000, 0x0000000083d00000, 0x0000000083e00000|  0%| F|  |TAMS 0x0000000083d00000, 0x0000000083d00000| Untracked 
|   8|0x0000000083e00000, 0x0000000083e00000, 0x0000000083f00000|  0%| F|  |TAMS 0x0000000083e00000, 0x0000000083e00000| Untracked 
|   9|0x0000000083f00000, 0x0000000083f00000, 0x0000000084000000|  0%| F|  |TAMS 0x0000000083f00000, 0x0000000083f00000| Untracked 
|  10|0x0000000084000000, 0x0000000084000000, 0x0000000084100000|  0%| F|  |TAMS 0x0000000084000000, 0x0000000084000000| Untracked 
|  11|0x0000000084100000, 0x0000000084100000, 0x0000000084200000|  0%| F|  |TAMS 0x0000000084100000, 0x0000000084100000| Untracked 
|  12|0x0000000084200000, 0x0000000084200000, 0x0000000084300000|  0%| F|  |TAMS 0x0000000084200000, 0x0000000084200000| Untracked 
|  13|0x0000000084300000, 0x0000000084300000, 0x0000000084400000|  0%| F|  |TAMS 0x0000000084300000, 0x0000000084300000| Untracked 
|  14|0x0000000084400000, 0x0000000084400000, 0x0000000084500000|  0%| F|  |TAMS 0x0000000084400000, 0x0000000084400000| Untracked 
|  15|0x0000000084500000, 0x0000000084500000, 0x0000000084600000|  0%| F|  |TAMS 0x0000000084500000, 0x0000000084500000| Untracked 
|  16|0x0000000084600000, 0x0000000084600000, 0x0000000084700000|  0%| F|  |TAMS 0x0000000084600000, 0x0000000084600000| Untracked 
|  17|0x0000000084700000, 0x0000000084700000, 0x0000000084800000|  0%| F|  |TAMS 0x0000000084700000, 0x0000000084700000| Untracked 
|  18|0x0000000084800000, 0x0000000084800000, 0x0000000084900000|  0%| F|  |TAMS 0x0000000084800000, 0x0000000084800000| Untracked 
|  19|0x0000000084900000, 0x0000000084900000, 0x0000000084a00000|  0%| F|  |TAMS 0x0000000084900000, 0x0000000084900000| Untracked 
|  20|0x0000000084a00000, 0x0000000084a00000, 0x0000000084b00000|  0%| F|  |TAMS 0x0000000084a00000, 0x0000000084a00000| Untracked 
|  21|0x0000000084b00000, 0x0000000084b00000, 0x0000000084c00000|  0%| F|  |TAMS 0x0000000084b00000, 0x0000000084b00000| Untracked 
|  22|0x0000000084c00000, 0x0000000084c00000, 0x0000000084d00000|  0%| F|  |TAMS 0x0000000084c00000, 0x0000000084c00000| Untracked 
|  23|0x0000000084d00000, 0x0000000084d00000, 0x0000000084e00000|  0%| F|  |TAMS 0x0000000084d00000, 0x0000000084d00000| Untracked 
|  24|0x0000000084e00000, 0x0000000084e00000, 0x0000000084f00000|  0%| F|  |TAMS 0x0000000084e00000, 0x0000000084e00000| Untracked 
|  25|0x0000000084f00000, 0x0000000084f00000, 0x0000000085000000|  0%| F|  |TAMS 0x0000000084f00000, 0x0000000084f00000| Untracked 
|  26|0x0000000085000000, 0x0000000085000000, 0x0000000085100000|  0%| F|  |TAMS 0x0000000085000000, 0x0000000085000000| Untracked 
|  27|0x0000000085100000, 0x0000000085100000, 0x0000000085200000|  0%| F|  |TAMS 0x0000000085100000, 0x0000000085100000| Untracked 
|  28|0x0000000085200000, 0x0000000085200000, 0x0000000085300000|  0%| F|  |TAMS 0x0000000085200000, 0x0000000085200000| Untracked 
|  29|0x0000000085300000, 0x0000000085300000, 0x0000000085400000|  0%| F|  |TAMS 0x0000000085300000, 0x0000000085300000| Untracked 
|  30|0x0000000085400000, 0x0000000085400000, 0x0000000085500000|  0%| F|  |TAMS 0x0000000085400000, 0x0000000085400000| Untracked 
|  31|0x0000000085500000, 0x0000000085500000, 0x0000000085600000|  0%| F|  |TAMS 0x0000000085500000, 0x0000000085500000| Untracked 
|  32|0x0000000085600000, 0x0000000085600000, 0x0000000085700000|  0%| F|  |TAMS 0x0000000085600000, 0x0000000085600000| Untracked 
|  33|0x0000000085700000, 0x0000000085700000, 0x0000000085800000|  0%| F|  |TAMS 0x0000000085700000, 0x0000000085700000| Untracked 
|  34|0x0000000085800000, 0x0000000085800000, 0x0000000085900000|  0%| F|  |TAMS 0x0000000085800000, 0x0000000085800000| Untracked 
|  35|0x0000000085900000, 0x0000000085900000, 0x0000000085a00000|  0%| F|  |TAMS 0x0000000085900000, 0x0000000085900000| Untracked 
|  36|0x0000000085a00000, 0x0000000085a00000, 0x0000000085b00000|  0%| F|  |TAMS 0x0000000085a00000, 0x0000000085a00000| Untracked 
|  37|0x0000000085b00000, 0x0000000085b00000, 0x0000000085c00000|  0%| F|  |TAMS 0x0000000085b00000, 0x0000000085b00000| Untracked 
|  38|0x0000000085c00000, 0x0000000085c00000, 0x0000000085d00000|  0%| F|  |TAMS 0x0000000085c00000, 0x0000000085c00000| Untracked 
|  39|0x0000000085d00000, 0x0000000085d00000, 0x0000000085e00000|  0%| F|  |TAMS 0x0000000085d00000, 0x0000000085d00000| Untracked 
|  40|0x0000000085e00000, 0x0000000085e00000, 0x0000000085f00000|  0%| F|  |TAMS 0x0000000085e00000, 0x0000000085e00000| Untracked 
|  41|0x0000000085f00000, 0x0000000085f00000, 0x0000000086000000|  0%| F|  |TAMS 0x0000000085f00000, 0x0000000085f00000| Untracked 
|  42|0x0000000086000000, 0x0000000086000000, 0x0000000086100000|  0%| F|  |TAMS 0x0000000086000000, 0x0000000086000000| Untracked 
|  43|0x0000000086100000, 0x0000000086100000, 0x0000000086200000|  0%| F|  |TAMS 0x0000000086100000, 0x0000000086100000| Untracked 
|  44|0x0000000086200000, 0x0000000086200000, 0x0000000086300000|  0%| F|  |TAMS 0x0000000086200000, 0x0000000086200000| Untracked 
|  45|0x0000000086300000, 0x0000000086300000, 0x0000000086400000|  0%| F|  |TAMS 0x0000000086300000, 0x0000000086300000| Untracked 
|  46|0x0000000086400000, 0x0000000086400000, 0x0000000086500000|  0%| F|  |TAMS 0x0000000086400000, 0x0000000086400000| Untracked 
|  47|0x0000000086500000, 0x0000000086500000, 0x0000000086600000|  0%| F|  |TAMS 0x0000000086500000, 0x0000000086500000| Untracked 
|  48|0x0000000086600000, 0x0000000086600000, 0x0000000086700000|  0%| F|  |TAMS 0x0000000086600000, 0x0000000086600000| Untracked 
|  49|0x0000000086700000, 0x0000000086700000, 0x0000000086800000|  0%| F|  |TAMS 0x0000000086700000, 0x0000000086700000| Untracked 
|  50|0x0000000086800000, 0x0000000086800000, 0x0000000086900000|  0%| F|  |TAMS 0x0000000086800000, 0x0000000086800000| Untracked 
|  51|0x0000000086900000, 0x0000000086900000, 0x0000000086a00000|  0%| F|  |TAMS 0x0000000086900000, 0x0000000086900000| Untracked 
|  52|0x0000000086a00000, 0x0000000086a00000, 0x0000000086b00000|  0%| F|  |TAMS 0x0000000086a00000, 0x0000000086a00000| Untracked 
|  53|0x0000000086b00000, 0x0000000086b00000, 0x0000000086c00000|  0%| F|  |TAMS 0x0000000086b00000, 0x0000000086b00000| Untracked 
|  54|0x0000000086c00000, 0x0000000086c00000, 0x0000000086d00000|  0%| F|  |TAMS 0x0000000086c00000, 0x0000000086c00000| Untracked 
|  55|0x0000000086d00000, 0x0000000086d00000, 0x0000000086e00000|  0%| F|  |TAMS 0x0000000086d00000, 0x0000000086d00000| Untracked 
|  56|0x0000000086e00000, 0x0000000086e00000, 0x0000000086f00000|  0%| F|  |TAMS 0x0000000086e00000, 0x0000000086e00000| Untracked 
|  57|0x0000000086f00000, 0x0000000086f00000, 0x0000000087000000|  0%| F|  |TAMS 0x0000000086f00000, 0x0000000086f00000| Untracked 
|  58|0x0000000087000000, 0x0000000087000000, 0x0000000087100000|  0%| F|  |TAMS 0x0000000087000000, 0x0000000087000000| Untracked 
|  59|0x0000000087100000, 0x0000000087100000, 0x0000000087200000|  0%| F|  |TAMS 0x0000000087100000, 0x0000000087100000| Untracked 
|  60|0x0000000087200000, 0x0000000087200000, 0x0000000087300000|  0%| F|  |TAMS 0x0000000087200000, 0x0000000087200000| Untracked 
|  61|0x0000000087300000, 0x0000000087300000, 0x0000000087400000|  0%| F|  |TAMS 0x0000000087300000, 0x0000000087300000| Untracked 
|  62|0x0000000087400000, 0x0000000087400000, 0x0000000087500000|  0%| F|  |TAMS 0x0000000087400000, 0x0000000087400000| Untracked 
|  63|0x0000000087500000, 0x0000000087500000, 0x0000000087600000|  0%| F|  |TAMS 0x0000000087500000, 0x0000000087500000| Untracked 
|  64|0x0000000087600000, 0x0000000087600000, 0x0000000087700000|  0%| F|  |TAMS 0x0000000087600000, 0x0000000087600000| Untracked 
|  65|0x0000000087700000, 0x0000000087700000, 0x0000000087800000|  0%| F|  |TAMS 0x0000000087700000, 0x0000000087700000| Untracked 
|  66|0x0000000087800000, 0x0000000087800000, 0x0000000087900000|  0%| F|  |TAMS 0x0000000087800000, 0x0000000087800000| Untracked 
|  67|0x0000000087900000, 0x0000000087900000, 0x0000000087a00000|  0%| F|  |TAMS 0x0000000087900000, 0x0000000087900000| Untracked 
|  68|0x0000000087a00000, 0x0000000087a00000, 0x0000000087b00000|  0%| F|  |TAMS 0x0000000087a00000, 0x0000000087a00000| Untracked 
|  69|0x0000000087b00000, 0x0000000087b00000, 0x0000000087c00000|  0%| F|  |TAMS 0x0000000087b00000, 0x0000000087b00000| Untracked 
|  70|0x0000000087c00000, 0x0000000087c00000, 0x0000000087d00000|  0%| F|  |TAMS 0x0000000087c00000, 0x0000000087c00000| Untracked 
|  71|0x0000000087d00000, 0x0000000087d00000, 0x0000000087e00000|  0%| F|  |TAMS 0x0000000087d00000, 0x0000000087d00000| Untracked 
|  72|0x0000000087e00000, 0x0000000087e00000, 0x0000000087f00000|  0%| F|  |TAMS 0x0000000087e00000, 0x0000000087e00000| Untracked 
|  73|0x0000000087f00000, 0x0000000087f00000, 0x0000000088000000|  0%| F|  |TAMS 0x0000000087f00000, 0x0000000087f00000| Untracked 
|  74|0x0000000088000000, 0x0000000088000000, 0x0000000088100000|  0%| F|  |TAMS 0x0000000088000000, 0x0000000088000000| Untracked 
|  75|0x0000000088100000, 0x0000000088100000, 0x0000000088200000|  0%| F|  |TAMS 0x0000000088100000, 0x0000000088100000| Untracked 
|  76|0x0000000088200000, 0x0000000088200000, 0x0000000088300000|  0%| F|  |TAMS 0x0000000088200000, 0x0000000088200000| Untracked 
|  77|0x0000000088300000, 0x0000000088300000, 0x0000000088400000|  0%| F|  |TAMS 0x0000000088300000, 0x0000000088300000| Untracked 
|  78|0x0000000088400000, 0x0000000088400000, 0x0000000088500000|  0%| F|  |TAMS 0x0000000088400000, 0x0000000088400000| Untracked 
|  79|0x0000000088500000, 0x0000000088500000, 0x0000000088600000|  0%| F|  |TAMS 0x0000000088500000, 0x0000000088500000| Untracked 
|  80|0x0000000088600000, 0x0000000088600000, 0x0000000088700000|  0%| F|  |TAMS 0x0000000088600000, 0x0000000088600000| Untracked 
|  81|0x0000000088700000, 0x0000000088700000, 0x0000000088800000|  0%| F|  |TAMS 0x0000000088700000, 0x0000000088700000| Untracked 
|  82|0x0000000088800000, 0x0000000088800000, 0x0000000088900000|  0%| F|  |TAMS 0x0000000088800000, 0x0000000088800000| Untracked 
|  83|0x0000000088900000, 0x0000000088900000, 0x0000000088a00000|  0%| F|  |TAMS 0x0000000088900000, 0x0000000088900000| Untracked 
|  84|0x0000000088a00000, 0x0000000088a00000, 0x0000000088b00000|  0%| F|  |TAMS 0x0000000088a00000, 0x0000000088a00000| Untracked 
|  85|0x0000000088b00000, 0x0000000088b00000, 0x0000000088c00000|  0%| F|  |TAMS 0x0000000088b00000, 0x0000000088b00000| Untracked 
|  86|0x0000000088c00000, 0x0000000088c00000, 0x0000000088d00000|  0%| F|  |TAMS 0x0000000088c00000, 0x0000000088c00000| Untracked 
|  87|0x0000000088d00000, 0x0000000088d00000, 0x0000000088e00000|  0%| F|  |TAMS 0x0000000088d00000, 0x0000000088d00000| Untracked 
|  88|0x0000000088e00000, 0x0000000088e00000, 0x0000000088f00000|  0%| F|  |TAMS 0x0000000088e00000, 0x0000000088e00000| Untracked 
|  89|0x0000000088f00000, 0x0000000088f00000, 0x0000000089000000|  0%| F|  |TAMS 0x0000000088f00000, 0x0000000088f00000| Untracked 
|  90|0x0000000089000000, 0x0000000089000000, 0x0000000089100000|  0%| F|  |TAMS 0x0000000089000000, 0x0000000089000000| Untracked 
|  91|0x0000000089100000, 0x0000000089100000, 0x0000000089200000|  0%| F|  |TAMS 0x0000000089100000, 0x0000000089100000| Untracked 
|  92|0x0000000089200000, 0x0000000089200000, 0x0000000089300000|  0%| F|  |TAMS 0x0000000089200000, 0x0000000089200000| Untracked 
|  93|0x0000000089300000, 0x0000000089300000, 0x0000000089400000|  0%| F|  |TAMS 0x0000000089300000, 0x0000000089300000| Untracked 
|  94|0x0000000089400000, 0x0000000089400000, 0x0000000089500000|  0%| F|  |TAMS 0x0000000089400000, 0x0000000089400000| Untracked 
|  95|0x0000000089500000, 0x0000000089500000, 0x0000000089600000|  0%| F|  |TAMS 0x0000000089500000, 0x0000000089500000| Untracked 
|  96|0x0000000089600000, 0x0000000089600000, 0x0000000089700000|  0%| F|  |TAMS 0x0000000089600000, 0x0000000089600000| Untracked 
|  97|0x0000000089700000, 0x0000000089700000, 0x0000000089800000|  0%| F|  |TAMS 0x0000000089700000, 0x0000000089700000| Untracked 
|  98|0x0000000089800000, 0x0000000089800000, 0x0000000089900000|  0%| F|  |TAMS 0x0000000089800000, 0x0000000089800000| Untracked 
|  99|0x0000000089900000, 0x0000000089900000, 0x0000000089a00000|  0%| F|  |TAMS 0x0000000089900000, 0x0000000089900000| Untracked 
| 100|0x0000000089a00000, 0x0000000089a00000, 0x0000000089b00000|  0%| F|  |TAMS 0x0000000089a00000, 0x0000000089a00000| Untracked 
| 101|0x0000000089b00000, 0x0000000089b00000, 0x0000000089c00000|  0%| F|  |TAMS 0x0000000089b00000, 0x0000000089b00000| Untracked 
| 102|0x0000000089c00000, 0x0000000089c00000, 0x0000000089d00000|  0%| F|  |TAMS 0x0000000089c00000, 0x0000000089c00000| Untracked 
| 103|0x0000000089d00000, 0x0000000089d00000, 0x0000000089e00000|  0%| F|  |TAMS 0x0000000089d00000, 0x0000000089d00000| Untracked 
| 104|0x0000000089e00000, 0x0000000089ed8d38, 0x0000000089f00000| 84%| S|CS|TAMS 0x0000000089e00000, 0x0000000089e00000| Complete 
| 105|0x0000000089f00000, 0x000000008a000000, 0x000000008a000000|100%| S|CS|TAMS 0x0000000089f00000, 0x0000000089f00000| Complete 
| 106|0x000000008a000000, 0x000000008a100000, 0x000000008a100000|100%| S|CS|TAMS 0x000000008a000000, 0x000000008a000000| Complete 
| 107|0x000000008a100000, 0x000000008a100000, 0x000000008a200000|  0%| F|  |TAMS 0x000000008a100000, 0x000000008a100000| Untracked 
| 108|0x000000008a200000, 0x000000008a200000, 0x000000008a300000|  0%| F|  |TAMS 0x000000008a200000, 0x000000008a200000| Untracked 
| 109|0x000000008a300000, 0x000000008a300000, 0x000000008a400000|  0%| F|  |TAMS 0x000000008a300000, 0x000000008a300000| Untracked 
| 110|0x000000008a400000, 0x000000008a400000, 0x000000008a500000|  0%| F|  |TAMS 0x000000008a400000, 0x000000008a400000| Untracked 
| 111|0x000000008a500000, 0x000000008a500000, 0x000000008a600000|  0%| F|  |TAMS 0x000000008a500000, 0x000000008a500000| Untracked 
| 112|0x000000008a600000, 0x000000008a600000, 0x000000008a700000|  0%| F|  |TAMS 0x000000008a600000, 0x000000008a600000| Untracked 
| 113|0x000000008a700000, 0x000000008a700000, 0x000000008a800000|  0%| F|  |TAMS 0x000000008a700000, 0x000000008a700000| Untracked 
| 114|0x000000008a800000, 0x000000008a800000, 0x000000008a900000|  0%| F|  |TAMS 0x000000008a800000, 0x000000008a800000| Untracked 
| 115|0x000000008a900000, 0x000000008a900000, 0x000000008aa00000|  0%| F|  |TAMS 0x000000008a900000, 0x000000008a900000| Untracked 
| 116|0x000000008aa00000, 0x000000008aa00000, 0x000000008ab00000|  0%| F|  |TAMS 0x000000008aa00000, 0x000000008aa00000| Untracked 
| 117|0x000000008ab00000, 0x000000008ab80800, 0x000000008ac00000| 50%| E|  |TAMS 0x000000008ab00000, 0x000000008ab00000| Complete 
| 118|0x000000008ac00000, 0x000000008ad00000, 0x000000008ad00000|100%| E|CS|TAMS 0x000000008ac00000, 0x000000008ac00000| Complete 
| 119|0x000000008ad00000, 0x000000008ae00000, 0x000000008ae00000|100%| E|CS|TAMS 0x000000008ad00000, 0x000000008ad00000| Complete 
| 120|0x000000008ae00000, 0x000000008af00000, 0x000000008af00000|100%| E|CS|TAMS 0x000000008ae00000, 0x000000008ae00000| Complete 
| 121|0x000000008af00000, 0x000000008b000000, 0x000000008b000000|100%| E|CS|TAMS 0x000000008af00000, 0x000000008af00000| Complete 
| 122|0x000000008b000000, 0x000000008b100000, 0x000000008b100000|100%| E|CS|TAMS 0x000000008b000000, 0x000000008b000000| Complete 
| 123|0x000000008b100000, 0x000000008b200000, 0x000000008b200000|100%| E|CS|TAMS 0x000000008b100000, 0x000000008b100000| Complete 
| 124|0x000000008b200000, 0x000000008b300000, 0x000000008b300000|100%| E|CS|TAMS 0x000000008b200000, 0x000000008b200000| Complete 
| 125|0x000000008b300000, 0x000000008b400000, 0x000000008b400000|100%| E|CS|TAMS 0x000000008b300000, 0x000000008b300000| Complete 

Card table byte_map: [0x0000029971e20000,0x0000029972210000] _byte_map_base: 0x0000029971a05000

Marking Bits (Prev, Next): (CMBitMap*) 0x000002996a1eb480, (CMBitMap*) 0x000002996a1eb4c0
 Prev Bits: [0x0000029972600000, 0x0000029974528000)
 Next Bits: [0x0000029974530000, 0x0000029976458000)

Polling page: 0x00000299680c0000

Metaspace:

Usage:
  Non-class:      8.88 MB used.
      Class:      1.42 MB used.
       Both:     10.30 MB used.

Virtual space:
  Non-class space:       64.00 MB reserved,       9.00 MB ( 14%) committed,  1 nodes.
      Class space:        1.00 GB reserved,       1.50 MB ( <1%) committed,  1 nodes.
             Both:        1.06 GB reserved,      10.50 MB ( <1%) committed. 

Chunk freelists:
   Non-Class:  6.02 MB
       Class:  14.45 MB
        Both:  20.47 MB

MaxMetaspaceSize: unlimited
CompressedClassSpaceSize: 1.00 GB
Initial GC threshold: 21.00 MB
Current GC threshold: 21.00 MB
CDS: on
MetaspaceReclaimPolicy: balanced
 - commit_granule_bytes: 65536.
 - commit_granule_words: 8192.
 - virtual_space_node_default_size: 8388608.
 - enlarge_chunks_in_place: 1.
 - new_chunks_are_fully_committed: 0.
 - uncommit_free_chunks: 1.
 - use_allocation_guard: 0.
 - handle_deallocations: 1.


Internal statistics:

num_allocs_failed_limit: 0.
num_arena_births: 132.
num_arena_deaths: 0.
num_vsnodes_births: 2.
num_vsnodes_deaths: 0.
num_space_committed: 168.
num_space_uncommitted: 0.
num_chunks_returned_to_freelist: 0.
num_chunks_taken_from_freelist: 453.
num_chunk_merges: 0.
num_chunk_splits: 310.
num_chunks_enlarged: 250.
num_inconsistent_stats: 0.

CodeHeap 'non-profiled nmethods': size=120000Kb used=485Kb max_used=485Kb free=119514Kb
 bounds [0x0000029907ad0000, 0x0000029907d40000, 0x000002990f000000]
CodeHeap 'profiled nmethods': size=120000Kb used=2176Kb max_used=2176Kb free=117823Kb
 bounds [0x0000029900000000, 0x0000029900270000, 0x0000029907530000]
CodeHeap 'non-nmethods': size=5760Kb used=1347Kb max_used=1361Kb free=4412Kb
 bounds [0x0000029907530000, 0x00000299077a0000, 0x0000029907ad0000]
 total_blobs=1966 nmethods=1295 adapters=583
 compilation: enabled
              stopped_count=0, restarted_count=0
 full_count=0

Compilation events (20 events):
Event: 1.514 Thread 0x000002997890a130 nmethod 1282 0x0000029907b48b10 code [0x0000029907b48c80, 0x0000029907b48e58]
Event: 1.515 Thread 0x0000029978975140 1286       3       java.lang.StringLatin1::getChar (9 bytes)
Event: 1.515 Thread 0x0000029978975140 nmethod 1286 0x000002990021d290 code [0x000002990021d420, 0x000002990021d538]
Event: 1.515 Thread 0x0000029978975140 1291       3       java.lang.StringLatin1::compareTo (52 bytes)
Event: 1.516 Thread 0x0000029978975140 nmethod 1291 0x000002990021d610 code [0x000002990021d7e0, 0x000002990021dbb8]
Event: 1.516 Thread 0x0000029978975140 1287       3       com.sun.javafx.css.StyleMap$$Lambda$153/0x000002991013e788::compare (12 bytes)
Event: 1.516 Thread 0x0000029978975140 nmethod 1287 0x000002990021dd90 code [0x000002990021df40, 0x000002990021e268]
Event: 1.516 Thread 0x0000029978975140 1288       3       com.sun.javafx.css.StyleMap::lambda$static$0 (31 bytes)
Event: 1.516 Thread 0x0000029978975140 nmethod 1288 0x000002990021e390 code [0x000002990021e580, 0x000002990021e8d8]
Event: 1.516 Thread 0x0000029978975140 1289       3       java.lang.String::compareTo (63 bytes)
Event: 1.516 Thread 0x0000029978975140 nmethod 1289 0x000002990021eb10 code [0x000002990021ed20, 0x000002990021f1b8]
Event: 1.516 Thread 0x0000029978975140 1290       3       java.lang.StringLatin1::compareTo (14 bytes)
Event: 1.516 Thread 0x0000029978975140 nmethod 1290 0x000002990021f390 code [0x000002990021f540, 0x000002990021f668]
Event: 1.517 Thread 0x0000029978975140 1292       1       javafx.css.ParsedValue::getValue (5 bytes)
Event: 1.517 Thread 0x0000029978975140 nmethod 1292 0x0000029907b48f10 code [0x0000029907b490a0, 0x0000029907b49178]
Event: 1.517 Thread 0x000002997890a130 1293       4       jdk.internal.jimage.ImageStringsReader::unmaskedHashCode (166 bytes)
Event: 1.517 Thread 0x0000029978975140 1294       3       jdk.internal.jimage.ImageStringsReader::match (11 bytes)
Event: 1.517 Thread 0x0000029978975140 nmethod 1294 0x000002990021f790 code [0x000002990021f940, 0x000002990021fb08]
Event: 1.517 Thread 0x0000029978975140 1295       3       jdk.internal.jimage.BasicImageReader::match (37 bytes)
Event: 1.517 Thread 0x0000029978975140 nmethod 1295 0x000002990021fc10 code [0x000002990021fde0, 0x0000029900220078]

GC Heap History (4 events):
Event: 1.168 GC heap before
{Heap before GC invocations=0 (full 0):
 garbage-first heap   total 129024K, used 13312K [0x0000000083600000, 0x0000000100000000)
  region size 1024K, 13 young (13312K), 0 survivors (0K)
 Metaspace       used 2382K, committed 2624K, reserved 1114112K
  class space    used 247K, committed 384K, reserved 1048576K
}
Event: 1.170 GC heap after
{Heap after GC invocations=1 (full 0):
 garbage-first heap   total 129024K, used 1905K [0x0000000083600000, 0x0000000100000000)
  region size 1024K, 2 young (2048K), 2 survivors (2048K)
 Metaspace       used 2382K, committed 2624K, reserved 1114112K
  class space    used 247K, committed 384K, reserved 1048576K
}
Event: 1.381 GC heap before
{Heap before GC invocations=1 (full 0):
 garbage-first heap   total 129024K, used 18289K [0x0000000083600000, 0x0000000100000000)
  region size 1024K, 19 young (19456K), 2 survivors (2048K)
 Metaspace       used 7967K, committed 8128K, reserved 1114112K
  class space    used 1034K, committed 1088K, reserved 1048576K
}
Event: 1.385 GC heap after
{Heap after GC invocations=2 (full 0):
 garbage-first heap   total 129024K, used 4863K [0x0000000083600000, 0x0000000100000000)
  region size 1024K, 3 young (3072K), 3 survivors (3072K)
 Metaspace       used 7967K, committed 8128K, reserved 1114112K
  class space    used 1034K, committed 1088K, reserved 1048576K
}

Deoptimization events (20 events):
Event: 1.510 Thread 0x000002997d464ec0 Uncommon trap: trap_request=0xffffff45 fr.pc=0x0000029907b326ec relative=0x000000000000062c
Event: 1.510 Thread 0x000002997d464ec0 Uncommon trap: reason=unstable_if action=reinterpret pc=0x0000029907b326ec method=java.util.HashMap.hash(Ljava/lang/Object;)I @ 1 c2
Event: 1.510 Thread 0x000002997d464ec0 DEOPT PACKING pc=0x0000029907b326ec sp=0x000000eebe6fdad0
Event: 1.510 Thread 0x000002997d464ec0 DEOPT UNPACKING pc=0x0000029907585ba3 sp=0x000000eebe6fd9d8 mode 2
Event: 1.513 Thread 0x000002997d464ec0 Uncommon trap: trap_request=0xffffffde fr.pc=0x0000029907ae35a4 relative=0x00000000000001a4
Event: 1.513 Thread 0x000002997d464ec0 Uncommon trap: reason=class_check action=maybe_recompile pc=0x0000029907ae35a4 method=java.lang.String.equals(Ljava/lang/Object;)Z @ 8 c2
Event: 1.513 Thread 0x000002997d464ec0 DEOPT PACKING pc=0x0000029907ae35a4 sp=0x000000eebe6fdb50
Event: 1.513 Thread 0x000002997d464ec0 DEOPT UNPACKING pc=0x0000029907585ba3 sp=0x000000eebe6fdaf8 mode 2
Event: 1.513 Thread 0x000002997d464ec0 Uncommon trap: trap_request=0xffffffde fr.pc=0x0000029907ae35a4 relative=0x00000000000001a4
Event: 1.513 Thread 0x000002997d464ec0 Uncommon trap: reason=class_check action=maybe_recompile pc=0x0000029907ae35a4 method=java.lang.String.equals(Ljava/lang/Object;)Z @ 8 c2
Event: 1.513 Thread 0x000002997d464ec0 DEOPT PACKING pc=0x0000029907ae35a4 sp=0x000000eebe6fda60
Event: 1.513 Thread 0x000002997d464ec0 DEOPT UNPACKING pc=0x0000029907585ba3 sp=0x000000eebe6fda08 mode 2
Event: 1.513 Thread 0x000002997d464ec0 Uncommon trap: trap_request=0xffffffde fr.pc=0x0000029907ae35a4 relative=0x00000000000001a4
Event: 1.513 Thread 0x000002997d464ec0 Uncommon trap: reason=class_check action=maybe_recompile pc=0x0000029907ae35a4 method=java.lang.String.equals(Ljava/lang/Object;)Z @ 8 c2
Event: 1.513 Thread 0x000002997d464ec0 DEOPT PACKING pc=0x0000029907ae35a4 sp=0x000000eebe6fda60
Event: 1.513 Thread 0x000002997d464ec0 DEOPT UNPACKING pc=0x0000029907585ba3 sp=0x000000eebe6fda08 mode 2
Event: 1.513 Thread 0x000002997d464ec0 Uncommon trap: trap_request=0xffffffde fr.pc=0x0000029907ae35a4 relative=0x00000000000001a4
Event: 1.513 Thread 0x000002997d464ec0 Uncommon trap: reason=class_check action=maybe_recompile pc=0x0000029907ae35a4 method=java.lang.String.equals(Ljava/lang/Object;)Z @ 8 c2
Event: 1.513 Thread 0x000002997d464ec0 DEOPT PACKING pc=0x0000029907ae35a4 sp=0x000000eebe6fdb50
Event: 1.513 Thread 0x000002997d464ec0 DEOPT UNPACKING pc=0x0000029907585ba3 sp=0x000000eebe6fdaf8 mode 2

Classes unloaded (0 events):
No events

Classes redefined (0 events):
No events

Internal exceptions (20 events):
Event: 1.103 Thread 0x000002996a191c00 Exception <a 'java/lang/NoSuchMethodError'{0x000000008a9f3900}: 'void java.lang.invoke.DirectMethodHandle$Holder.invokeStatic(java.lang.Object, java.lang.Object, java.lang.Object)'> (0x000000008a9f3900) 
thrown [s\open\src\hotspot\share\interpreter\linkResolver.cpp, line 759]
Event: 1.127 Thread 0x000002996a191c00 Exception <a 'java/lang/NoSuchMethodError'{0x000000008a8a1b78}: 'int java.lang.invoke.DirectMethodHandle$Holder.invokeStaticInit(java.lang.Object, java.lang.Object, java.lang.Object)'> (0x000000008a8a1b78) 
thrown [s\open\src\hotspot\share\interpreter\linkResolver.cpp, line 759]
Event: 1.146 Thread 0x000002996a191c00 Exception <a 'java/lang/NoSuchMethodError'{0x000000008a75ba08}: 'java.lang.Object java.lang.invoke.DirectMethodHandle$Holder.newInvokeSpecial(java.lang.Object, java.lang.Object, int, java.lang.Object)'> (0x000000008a75ba08) 
thrown [s\open\src\hotspot\share\interpreter\linkResolver.cpp, line 759]
Event: 1.146 Thread 0x000002996a191c00 Exception <a 'java/lang/NoSuchMethodError'{0x000000008a75fde8}: 'java.lang.Object java.lang.invoke.DirectMethodHandle$Holder.invokeSpecial(java.lang.Object, java.lang.Object, java.lang.Object, int, java.lang.Object)'> (0x000000008a75fde8) 
thrown [s\open\src\hotspot\share\interpreter\linkResolver.cpp, line 759]
Event: 1.188 Thread 0x000002997d464ec0 Exception <a 'java/lang/NoSuchMethodError'{0x000000008b2f6210}: 'void java.lang.invoke.DirectMethodHandle$Holder.invokeStaticInit(java.lang.Object)'> (0x000000008b2f6210) 
thrown [s\open\src\hotspot\share\interpreter\linkResolver.cpp, line 759]
Event: 1.191 Thread 0x000002996a191c00 Exception <a 'java/lang/NoSuchMethodError'{0x000000008b134038}: 'java.lang.Object java.lang.invoke.DirectMethodHandle$Holder.newInvokeSpecial(java.lang.Object, java.lang.Object, java.lang.Object, java.lang.Object, java.lang.Object, java.lang.Object)'> (0x000000008b134038) 
thrown [s\open\src\hotspot\share\interpreter\linkResolver.cpp, line 759]
Event: 1.196 Thread 0x000002996a191c00 Exception <a 'java/lang/NoSuchMethodError'{0x000000008b166e60}: 'java.lang.Object java.lang.invoke.DirectMethodHandle$Holder.newInvokeSpecial(java.lang.Object, java.lang.Object, java.lang.Object, java.lang.Object, java.lang.Object)'> (0x000000008b166e60) 
thrown [s\open\src\hotspot\share\interpreter\linkResolver.cpp, line 759]
Event: 1.197 Thread 0x000002997d7fcd20 Exception <a 'java/lang/NoSuchMethodError'{0x000000008b1dc8b0}: 'void java.lang.invoke.DirectMethodHandle$Holder.invokeStatic(java.lang.Object, java.lang.Object, java.lang.Object, java.lang.Object)'> (0x000000008b1dc8b0) 
thrown [s\open\src\hotspot\share\interpreter\linkResolver.cpp, line 759]
Event: 1.262 Thread 0x000002997d464ec0 Exception <a 'java/lang/NoSuchMethodError'{0x000000008acc2ee0}: 'java.lang.Object java.lang.invoke.DirectMethodHandle$Holder.invokeStaticInit(java.lang.Object, java.lang.Object, java.lang.Object, java.lang.Object)'> (0x000000008acc2ee0) 
thrown [s\open\src\hotspot\share\interpreter\linkResolver.cpp, line 759]
Event: 1.263 Thread 0x000002997d464ec0 Exception <a 'java/lang/NullPointerException'{0x000000008acceb08}> (0x000000008acceb08) 
thrown [s\open\src\hotspot\share\interpreter\linkResolver.cpp, line 1350]
Event: 1.296 Thread 0x000002997d464ec0 Exception <a 'java/lang/ClassNotFoundException'{0x000000008a9a6998}: com/sun/glass/ui/win/themes> (0x000000008a9a6998) 
thrown [s\open\src\hotspot\share\prims\jni.cpp, line 535]
Event: 1.297 Thread 0x000002997d464ec0 Exception <a 'java/lang/ClassNotFoundException'{0x000000008a9b2c48}: com/sun/glass/ui/win/themes_es> (0x000000008a9b2c48) 
thrown [s\open\src\hotspot\share\prims\jni.cpp, line 535]
Event: 1.297 Thread 0x000002997d464ec0 Exception <a 'java/lang/ClassNotFoundException'{0x000000008a9bb5d8}: com/sun/glass/ui/win/themes_es_ES> (0x000000008a9bb5d8) 
thrown [s\open\src\hotspot\share\prims\jni.cpp, line 535]
Event: 1.357 Thread 0x000002997d464ec0 Exception <a 'java/lang/NoSuchMethodError'{0x000000008a2d5878}: 'void java.lang.invoke.DirectMethodHandle$Holder.invokeStaticInit(java.lang.Object, java.lang.Object)'> (0x000000008a2d5878) 
thrown [s\open\src\hotspot\share\interpreter\linkResolver.cpp, line 759]
Event: 1.395 Thread 0x000002997d464ec0 Exception <a 'java/io/FileNotFoundException'{0x000000008b3b6fa0}> (0x000000008b3b6fa0) 
thrown [s\open\src\hotspot\share\prims\jni.cpp, line 516]
Event: 1.424 Thread 0x000002997d464ec0 Implicit null exception at 0x0000029907ae79d9 to 0x0000029907ae7bd8
Event: 1.428 Thread 0x000002997d464ec0 Exception <a 'java/io/FileNotFoundException'{0x000000008b085660}> (0x000000008b085660) 
thrown [s\open\src\hotspot\share\prims\jni.cpp, line 516]
Event: 1.468 Thread 0x000002997d464ec0 Implicit null exception at 0x0000029907b35e8c to 0x0000029907b36418
Event: 1.507 Thread 0x000002997d464ec0 Exception <a 'java/lang/UnsatisfiedLinkError'{0x000000008ac6c678}: 'void com.sun.glass.ui.win.WinWindow._updateViewSize(long)'> (0x000000008ac6c678) 
thrown [s\open\src\hotspot\share\prims\nativeLookup.cpp, line 543]
Event: 1.510 Thread 0x000002997d464ec0 Implicit null exception at 0x0000029907b32111 to 0x0000029907b326d0

VM Operations (18 events):
Event: 0.252 Executing VM operation: HandshakeAllThreads
Event: 0.252 Executing VM operation: HandshakeAllThreads done
Event: 0.662 Executing VM operation: HandshakeAllThreads
Event: 0.662 Executing VM operation: HandshakeAllThreads done
Event: 1.137 Executing VM operation: HandshakeAllThreads
Event: 1.137 Executing VM operation: HandshakeAllThreads done
Event: 1.137 Executing VM operation: Cleanup
Event: 1.137 Executing VM operation: Cleanup done
Event: 1.168 Executing VM operation: G1CollectForAllocation
Event: 1.170 Executing VM operation: G1CollectForAllocation done
Event: 1.222 Executing VM operation: HandshakeAllThreads
Event: 1.222 Executing VM operation: HandshakeAllThreads done
Event: 1.313 Executing VM operation: HandshakeAllThreads
Event: 1.313 Executing VM operation: HandshakeAllThreads done
Event: 1.381 Executing VM operation: G1CollectForAllocation
Event: 1.385 Executing VM operation: G1CollectForAllocation done
Event: 1.444 Executing VM operation: HandshakeAllThreads
Event: 1.444 Executing VM operation: HandshakeAllThreads done

Events (20 events):
Event: 1.457 loading class java/lang/constant/DirectMethodHandleDesc$1
Event: 1.457 loading class java/lang/constant/DirectMethodHandleDesc$1 done
Event: 1.457 loading class java/lang/constant/PrimitiveClassDescImpl
Event: 1.457 loading class java/lang/constant/DynamicConstantDesc
Event: 1.457 loading class java/lang/constant/DynamicConstantDesc done
Event: 1.457 loading class java/lang/constant/PrimitiveClassDescImpl done
Event: 1.457 loading class java/lang/constant/DynamicConstantDesc$AnonymousDynamicConstantDesc
Event: 1.457 loading class java/lang/constant/DynamicConstantDesc$AnonymousDynamicConstantDesc done
Event: 1.457 loading class sun/security/provider/ByteArrayAccess
Event: 1.457 loading class sun/security/provider/ByteArrayAccess done
Event: 1.476 loading class java/util/ResourceBundle$3
Event: 1.476 loading class java/util/ResourceBundle$3 done
Event: 1.492 loading class java/lang/StrictMath
Event: 1.493 loading class java/lang/StrictMath done
Event: 1.507 loading class jdk/jfr/FlightRecorder
Event: 1.507 loading class jdk/jfr/FlightRecorder done
Event: 1.508 loading class java/util/WeakHashMap$EntrySet
Event: 1.508 loading class java/util/WeakHashMap$EntrySet done
Event: 1.508 loading class java/util/WeakHashMap$EntryIterator
Event: 1.508 loading class java/util/WeakHashMap$EntryIterator done


Dynamic libraries:
0x00007ff7ac200000 - 0x00007ff7ac210000 	C:\Program Files\Java\jdk-17\bin\java.exe
0x00007ffd53fd0000 - 0x00007ffd541e7000 	C:\WINDOWS\SYSTEM32\ntdll.dll
0x00007ffd52900000 - 0x00007ffd529c4000 	C:\WINDOWS\System32\KERNEL32.DLL
0x00007ffd51410000 - 0x00007ffd517bd000 	C:\WINDOWS\System32\KERNELBASE.dll
0x00007ffd517c0000 - 0x00007ffd518d1000 	C:\WINDOWS\System32\ucrtbase.dll
0x00007ffd3dca0000 - 0x00007ffd3dcb9000 	C:\Program Files\Java\jdk-17\bin\jli.dll
0x00007ffd527b0000 - 0x00007ffd52862000 	C:\WINDOWS\System32\ADVAPI32.dll
0x00007ffd53860000 - 0x00007ffd53907000 	C:\WINDOWS\System32\msvcrt.dll
0x00007ffd524e0000 - 0x00007ffd52589000 	C:\WINDOWS\System32\sechost.dll
0x00007ffd513e0000 - 0x00007ffd51408000 	C:\WINDOWS\System32\bcrypt.dll
0x00007ffd53b50000 - 0x00007ffd53c64000 	C:\WINDOWS\System32\RPCRT4.dll
0x00007ffd52330000 - 0x00007ffd524de000 	C:\WINDOWS\System32\USER32.dll
0x00007ffd513b0000 - 0x00007ffd513d6000 	C:\WINDOWS\System32\win32u.dll
0x00007ffd51d80000 - 0x00007ffd51da9000 	C:\WINDOWS\System32\GDI32.dll
0x00007ffd51a00000 - 0x00007ffd51b19000 	C:\WINDOWS\System32\gdi32full.dll
0x00007ffd518e0000 - 0x00007ffd5197a000 	C:\WINDOWS\System32\msvcp_win.dll
0x00007ffd42060000 - 0x00007ffd4207b000 	C:\Program Files\Java\jdk-17\bin\VCRUNTIME140.dll
0x00007ffd43e60000 - 0x00007ffd43e6a000 	C:\WINDOWS\SYSTEM32\VERSION.dll
0x00007ffd3f160000 - 0x00007ffd3f3f3000 	C:\WINDOWS\WinSxS\amd64_microsoft.windows.common-controls_6595b64144ccf1df_6.0.22621.3672_none_2713b9d173822955\COMCTL32.dll
0x00007ffd52b30000 - 0x00007ffd52b61000 	C:\WINDOWS\System32\IMM32.DLL
0x00007ffd4aaa0000 - 0x00007ffd4aaac000 	C:\Program Files\Java\jdk-17\bin\vcruntime140_1.dll
0x00007ffcff170000 - 0x00007ffcff1fe000 	C:\Program Files\Java\jdk-17\bin\msvcp140.dll
0x00007ffce5700000 - 0x00007ffce62e1000 	C:\Program Files\Java\jdk-17\bin\server\jvm.dll
0x00007ffd529e0000 - 0x00007ffd529e8000 	C:\WINDOWS\System32\PSAPI.DLL
0x00007ffd43e40000 - 0x00007ffd43e49000 	C:\WINDOWS\SYSTEM32\WSOCK32.dll
0x00007ffd52aa0000 - 0x00007ffd52b11000 	C:\WINDOWS\System32\WS2_32.dll
0x00007ffd4d930000 - 0x00007ffd4d964000 	C:\WINDOWS\SYSTEM32\WINMM.dll
0x00007ffd50430000 - 0x00007ffd50448000 	C:\WINDOWS\SYSTEM32\kernel.appcore.dll
0x00007ffd43e50000 - 0x00007ffd43e5a000 	C:\Program Files\Java\jdk-17\bin\jimage.dll
0x00007ffd4eb70000 - 0x00007ffd4eda2000 	C:\WINDOWS\SYSTEM32\DBGHELP.DLL
0x00007ffd51fa0000 - 0x00007ffd5232e000 	C:\WINDOWS\System32\combase.dll
0x00007ffd53a70000 - 0x00007ffd53b47000 	C:\WINDOWS\System32\OLEAUT32.dll
0x00007ffd4d8f0000 - 0x00007ffd4d922000 	C:\WINDOWS\SYSTEM32\dbgcore.DLL
0x00007ffd51980000 - 0x00007ffd519fb000 	C:\WINDOWS\System32\bcryptPrimitives.dll
0x00007ffd3fae0000 - 0x00007ffd3fb05000 	C:\Program Files\Java\jdk-17\bin\java.dll
0x00007ffcfcda0000 - 0x00007ffcfce77000 	C:\Program Files\Java\jdk-17\bin\jsvml.dll
0x00007ffd52ff0000 - 0x00007ffd53857000 	C:\WINDOWS\System32\SHELL32.dll
0x00007ffd4f270000 - 0x00007ffd4fb6f000 	C:\WINDOWS\SYSTEM32\windows.storage.dll
0x00007ffd4f130000 - 0x00007ffd4f26f000 	C:\WINDOWS\SYSTEM32\wintypes.dll
0x00007ffd53e90000 - 0x00007ffd53f89000 	C:\WINDOWS\System32\SHCORE.dll
0x00007ffd52750000 - 0x00007ffd527ae000 	C:\WINDOWS\System32\shlwapi.dll
0x00007ffd51220000 - 0x00007ffd51247000 	C:\WINDOWS\SYSTEM32\profapi.dll
0x00007ffd3fa30000 - 0x00007ffd3fa49000 	C:\Program Files\Java\jdk-17\bin\net.dll
0x00007ffd4d700000 - 0x00007ffd4d836000 	C:\WINDOWS\SYSTEM32\WINHTTP.dll
0x00007ffd508a0000 - 0x00007ffd50909000 	C:\WINDOWS\system32\mswsock.dll
0x00007ffd3e510000 - 0x00007ffd3e526000 	C:\Program Files\Java\jdk-17\bin\nio.dll
0x00007ffd3e4d0000 - 0x00007ffd3e4e8000 	C:\Program Files\Java\jdk-17\bin\zip.dll
0x0000029968150000 - 0x0000029968153000 	C:\Program Files\Java\jdk-17\bin\api-ms-win-core-console-l1-1-0.dll
0x0000029968160000 - 0x0000029968163000 	C:\Program Files\Java\jdk-17\bin\api-ms-win-core-console-l1-2-0.dll
0x0000029968170000 - 0x0000029968173000 	C:\Program Files\Java\jdk-17\bin\api-ms-win-core-datetime-l1-1-0.dll
0x0000029968180000 - 0x0000029968183000 	C:\Program Files\Java\jdk-17\bin\api-ms-win-core-debug-l1-1-0.dll
0x0000029968190000 - 0x0000029968193000 	C:\Program Files\Java\jdk-17\bin\api-ms-win-core-errorhandling-l1-1-0.dll
0x00000299681a0000 - 0x00000299681a4000 	C:\Program Files\Java\jdk-17\bin\api-ms-win-core-file-l1-1-0.dll
0x000002996a090000 - 0x000002996a093000 	C:\Program Files\Java\jdk-17\bin\api-ms-win-core-file-l1-2-0.dll
0x000002996a0a0000 - 0x000002996a0a3000 	C:\Program Files\Java\jdk-17\bin\api-ms-win-core-file-l2-1-0.dll
0x000002996a0b0000 - 0x000002996a0b3000 	C:\Program Files\Java\jdk-17\bin\api-ms-win-core-handle-l1-1-0.dll
0x000002996a0c0000 - 0x000002996a0c3000 	C:\Program Files\Java\jdk-17\bin\api-ms-win-core-heap-l1-1-0.dll
0x000002996a0d0000 - 0x000002996a0d3000 	C:\Program Files\Java\jdk-17\bin\api-ms-win-core-interlocked-l1-1-0.dll
0x000002996a0e0000 - 0x000002996a0e3000 	C:\Program Files\Java\jdk-17\bin\api-ms-win-core-libraryloader-l1-1-0.dll
0x000002996a0f0000 - 0x000002996a0f3000 	C:\Program Files\Java\jdk-17\bin\api-ms-win-core-localization-l1-2-0.dll
0x000002996a100000 - 0x000002996a103000 	C:\Program Files\Java\jdk-17\bin\api-ms-win-core-memory-l1-1-0.dll
0x000002996a110000 - 0x000002996a113000 	C:\Program Files\Java\jdk-17\bin\api-ms-win-core-namedpipe-l1-1-0.dll
0x000002996a120000 - 0x000002996a123000 	C:\Program Files\Java\jdk-17\bin\api-ms-win-core-processenvironment-l1-1-0.dll
0x000002996a130000 - 0x000002996a133000 	C:\Program Files\Java\jdk-17\bin\api-ms-win-core-processthreads-l1-1-0.dll
0x000002996a140000 - 0x000002996a143000 	C:\Program Files\Java\jdk-17\bin\api-ms-win-core-processthreads-l1-1-1.dll
0x000002996a150000 - 0x000002996a153000 	C:\Program Files\Java\jdk-17\bin\api-ms-win-core-profile-l1-1-0.dll
0x0000029978ec0000 - 0x0000029978ec3000 	C:\Program Files\Java\jdk-17\bin\api-ms-win-core-rtlsupport-l1-1-0.dll
0x0000029978ed0000 - 0x0000029978ed3000 	C:\Program Files\Java\jdk-17\bin\api-ms-win-core-string-l1-1-0.dll
0x0000029978ee0000 - 0x0000029978ee3000 	C:\Program Files\Java\jdk-17\bin\api-ms-win-core-synch-l1-1-0.dll
0x0000029978ef0000 - 0x0000029978ef3000 	C:\Program Files\Java\jdk-17\bin\api-ms-win-core-synch-l1-2-0.dll
0x0000029978f00000 - 0x0000029978f03000 	C:\Program Files\Java\jdk-17\bin\api-ms-win-core-sysinfo-l1-1-0.dll
0x0000029978f10000 - 0x0000029978f13000 	C:\Program Files\Java\jdk-17\bin\api-ms-win-core-timezone-l1-1-0.dll
0x0000029978f20000 - 0x0000029978f23000 	C:\Program Files\Java\jdk-17\bin\api-ms-win-core-util-l1-1-0.dll
0x0000029978f30000 - 0x0000029978f33000 	C:\Program Files\Java\jdk-17\bin\api-ms-win-crt-conio-l1-1-0.dll
0x0000029978f40000 - 0x0000029978f44000 	C:\Program Files\Java\jdk-17\bin\api-ms-win-crt-convert-l1-1-0.dll
0x0000029978f50000 - 0x0000029978f53000 	C:\Program Files\Java\jdk-17\bin\api-ms-win-crt-environment-l1-1-0.dll
0x0000029978f60000 - 0x0000029978f63000 	C:\Program Files\Java\jdk-17\bin\api-ms-win-crt-filesystem-l1-1-0.dll
0x0000029978f70000 - 0x0000029978f73000 	C:\Program Files\Java\jdk-17\bin\api-ms-win-crt-heap-l1-1-0.dll
0x0000029978f80000 - 0x0000029978f83000 	C:\Program Files\Java\jdk-17\bin\api-ms-win-crt-locale-l1-1-0.dll
0x0000029978f90000 - 0x0000029978f95000 	C:\Program Files\Java\jdk-17\bin\api-ms-win-crt-math-l1-1-0.dll
0x0000029978fa0000 - 0x0000029978fa5000 	C:\Program Files\Java\jdk-17\bin\api-ms-win-crt-multibyte-l1-1-0.dll
0x0000029978fb0000 - 0x0000029978fc0000 	C:\Program Files\Java\jdk-17\bin\api-ms-win-crt-private-l1-1-0.dll
0x0000029978fc0000 - 0x0000029978fc3000 	C:\Program Files\Java\jdk-17\bin\api-ms-win-crt-process-l1-1-0.dll
0x0000029978fd0000 - 0x0000029978fd4000 	C:\Program Files\Java\jdk-17\bin\api-ms-win-crt-runtime-l1-1-0.dll
0x0000029978fe0000 - 0x0000029978fe4000 	C:\Program Files\Java\jdk-17\bin\api-ms-win-crt-stdio-l1-1-0.dll
0x0000029978ff0000 - 0x0000029978ff4000 	C:\Program Files\Java\jdk-17\bin\api-ms-win-crt-string-l1-1-0.dll
0x000002997d800000 - 0x000002997d803000 	C:\Program Files\Java\jdk-17\bin\api-ms-win-crt-time-l1-1-0.dll
0x000002997d810000 - 0x000002997d813000 	C:\Program Files\Java\jdk-17\bin\api-ms-win-crt-utility-l1-1-0.dll
0x00007ffcf9d10000 - 0x00007ffcf9e10000 	C:\Program Files\Java\jdk-17\bin\ucrtbase.dll
0x00007ffd3dc90000 - 0x00007ffd3dc99000 	C:\Windows\System32\msvcp140_1.dll
0x00007ffd15c70000 - 0x00007ffd15cb1000 	C:\Windows\System32\msvcp140_2.dll
0x00007ffd3db80000 - 0x00007ffd3dba3000 	C:\Program Files\Java\jre-1.8\bin\prism_d3d.dll
0x00007ffd01dc0000 - 0x00007ffd01f68000 	C:\WINDOWS\system32\d3d9.dll
0x00007ffd4e5f0000 - 0x00007ffd4e61b000 	C:\WINDOWS\SYSTEM32\dwmapi.dll
0x00007ffd4e490000 - 0x00007ffd4e4c7000 	C:\WINDOWS\SYSTEM32\dxcore.dll
0x00007ffd4e370000 - 0x00007ffd4e421000 	C:\WINDOWS\system32\uxtheme.dll
0x00007ffd01c10000 - 0x00007ffd01dbc000 	C:\WINDOWS\System32\DriverStore\FileRepository\iigd_dch.inf_amd64_c529b210005a7e19\igdumdim64.dll
0x00007ffd53c70000 - 0x00007ffd53e15000 	C:\WINDOWS\System32\ole32.dll
0x00007ffcf0400000 - 0x00007ffcf405c000 	C:\WINDOWS\System32\DriverStore\FileRepository\iigd_dch.inf_amd64_c529b210005a7e19\igd9dxva64.dll
0x00007ffd52b70000 - 0x00007ffd52fe4000 	C:\WINDOWS\System32\SETUPAPI.dll
0x00007ffd50fc0000 - 0x00007ffd5100e000 	C:\WINDOWS\SYSTEM32\cfgmgr32.dll
0x00007ffd422e0000 - 0x00007ffd426d0000 	C:\WINDOWS\System32\DriverStore\FileRepository\iigd_dch.inf_amd64_c529b210005a7e19\igdgmm64.dll
0x00007ffd4a2a0000 - 0x00007ffd4a2e9000 	C:\WINDOWS\SYSTEM32\directxdatabasehelper.dll
0x00007ffd14e70000 - 0x00007ffd14eb2000 	C:\Program Files\Java\jre-1.8\bin\glass.dll
0x00007ffd51db0000 - 0x00007ffd51eaf000 	C:\WINDOWS\System32\COMDLG32.dll
0x00007ffd53910000 - 0x00007ffd53a6e000 	C:\WINDOWS\System32\MSCTF.dll
0x00007ffd01b50000 - 0x00007ffd01b77000 	C:\WINDOWS\System32\DriverStore\FileRepository\iigd_dch.inf_amd64_c529b210005a7e19\igdinfo64.dll
0x00007ffd50af0000 - 0x00007ffd50b0b000 	C:\WINDOWS\SYSTEM32\CRYPTSP.dll
0x00007ffd50390000 - 0x00007ffd503c5000 	C:\WINDOWS\system32\rsaenh.dll
0x00007ffd50b10000 - 0x00007ffd50b1c000 	C:\WINDOWS\SYSTEM32\CRYPTBASE.dll
0x00007ffd39530000 - 0x00007ffd3db74000 	C:\WINDOWS\System32\DriverStore\FileRepository\iigd_dch.inf_amd64_c529b210005a7e19\igc64.dll
0x00007ffd38940000 - 0x00007ffd38954000 	C:\Program Files\Java\jre-1.8\bin\javafx_font.dll
0x00007ffd4b320000 - 0x00007ffd4b593000 	C:\WINDOWS\SYSTEM32\dwrite.dll
0x00007ffd51ef0000 - 0x00007ffd51fa0000 	C:\WINDOWS\System32\clbcatq.dll
0x00007ffd4e0f0000 - 0x00007ffd4e2a1000 	C:\WINDOWS\SYSTEM32\WindowsCodecs.dll
0x00007ffd29390000 - 0x00007ffd293ee000 	C:\WINDOWS\system32\dataexchange.dll
0x00007ffd48970000 - 0x00007ffd48bfa000 	C:\WINDOWS\system32\twinapi.appcore.dll
0x00007ffd19720000 - 0x00007ffd19752000 	C:\Program Files\Common Files\Microsoft Shared\Ink\rtscom.dll

dbghelp: loaded successfully - version: 4.0.5 - missing functions: none
symbol engine: initialized successfully - sym options: 0x614 - pdb path: .;C:\Program Files\Java\jdk-17\bin;C:\WINDOWS\SYSTEM32;C:\WINDOWS\WinSxS\amd64_microsoft.windows.common-controls_6595b64144ccf1df_6.0.22621.3672_none_2713b9d173822955;C:\Program Files\Java\jdk-17\bin\server;C:\Program Files\Java\jre-1.8\bin;C:\WINDOWS\System32\DriverStore\FileRepository\iigd_dch.inf_amd64_c529b210005a7e19;C:\Program Files\Common Files\Microsoft Shared\Ink

VM Arguments:
jvm_args: -Dfile.encoding=UTF-8 --module-path=C:\Users\bemen3\Documents\javafx-sdk-22\lib --add-modules=javafx.controls,javafx.fxml --module-path=C:\Users\PauAl\Documents\Java\javafx\javafx-swt.jar;C:\Users\PauAl\Documents\Java\javafx\javafx.base.jar;C:\Users\PauAl\Documents\Java\javafx\javafx.controls.jar;C:\Users\PauAl\Documents\Java\javafx\javafx.fxml.jar;C:\Users\PauAl\Documents\Java\javafx\javafx.graphics.jar;C:\Users\PauAl\Documents\Java\javafx\javafx.media.jar;C:\Users\PauAl\Documents\Java\javafx\javafx.swing.jar;C:\Users\PauAl\Documents\Java\javafx\javafx.web.jar 
java_command: gui.Main
java_class_path (initial): C:\Users\PauAl\Downloads\CASINO-5.0.0\db\sqlite-jdbc-3.45.3.0.jar;C:\Users\PauAl\Downloads\CASINO-5.0.0\db\slf4j-api-2.0.13.jar;C:\Users\PauAl\Downloads\CASINO-5.0.0\db\slf4j-simple-2.0.13.jar;C:\Users\PauAl\Documents\Java\javafx\javafx-swt.jar;C:\Users\PauAl\Documents\Java\javafx\javafx.base.jar;C:\Users\PauAl\Documents\Java\javafx\javafx.controls.jar;C:\Users\PauAl\Documents\Java\javafx\javafx.fxml.jar;C:\Users\PauAl\Documents\Java\javafx\javafx.graphics.jar;C:\Users\PauAl\Documents\Java\javafx\javafx.media.jar;C:\Users\PauAl\Documents\Java\javafx\javafx.swing.jar;C:\Users\PauAl\Documents\Java\javafx\javafx.web.jar;C:\Users\PauAl\Downloads\CASINO-5.0.0\code\build\classes
Launcher Type: SUN_STANDARD

[Global flags]
     intx CICompilerCount                          = 3                                         {product} {ergonomic}
     uint ConcGCThreads                            = 1                                         {product} {ergonomic}
     uint G1ConcRefinementThreads                  = 4                                         {product} {ergonomic}
   size_t G1HeapRegionSize                         = 1048576                                   {product} {ergonomic}
    uintx GCDrainStackTargetSize                   = 64                                        {product} {ergonomic}
   size_t InitialHeapSize                          = 132120576                                 {product} {ergonomic}
   size_t MarkStackSize                            = 4194304                                   {product} {ergonomic}
   size_t MaxHeapSize                              = 2090860544                                {product} {ergonomic}
   size_t MaxNewSize                               = 1254096896                                {product} {ergonomic}
   size_t MinHeapDeltaBytes                        = 1048576                                   {product} {ergonomic}
   size_t MinHeapSize                              = 8388608                                   {product} {ergonomic}
    uintx NonNMethodCodeHeapSize                   = 5832780                                {pd product} {ergonomic}
    uintx NonProfiledCodeHeapSize                  = 122912730                              {pd product} {ergonomic}
    uintx ProfiledCodeHeapSize                     = 122912730                              {pd product} {ergonomic}
    uintx ReservedCodeCacheSize                    = 251658240                              {pd product} {ergonomic}
     bool SegmentedCodeCache                       = true                                      {product} {ergonomic}
   size_t SoftMaxHeapSize                          = 2090860544                             {manageable} {ergonomic}
     bool UseCompressedClassPointers               = true                           {product lp64_product} {ergonomic}
     bool UseCompressedOops                        = true                           {product lp64_product} {ergonomic}
     bool UseG1GC                                  = true                                      {product} {ergonomic}
     bool UseLargePagesIndividualAllocation        = false                                  {pd product} {ergonomic}

Logging:
Log output configuration:
 #0: stdout all=warning uptime,level,tags
 #1: stderr all=off uptime,level,tags

Environment Variables:
JAVA_HOME=C:\Program Files\Java\jre-1.8
PATH=C:\Program Files\Common Files\Oracle\Java\javapath;C:\Program Files (x86)\Common Files\Oracle\Java\javapath;C:\WINDOWS\system32;C:\WINDOWS;C:\WINDOWS\System32\Wbem;C:\WINDOWS\System32\WindowsPowerShell\v1.0\;C:\WINDOWS\System32\OpenSSH\;C:\MinGW\bin;C:\Program Files\dotnet\;C:\ProgramData\chocolatey\bin;C:\Program Files\Java\jre-1.8\bin;C:\Program Files\Git\cmd;C:\Users\PauAl\AppData\Local\Microsoft\WindowsApps;;C:\Users\PauAl\AppData\Local\Programs\Microsoft VS Code\bin;C:\Users\PauAl\.dotnet\tools
USERNAME=PauAl
OS=Windows_NT
PROCESSOR_IDENTIFIER=Intel64 Family 6 Model 140 Stepping 1, GenuineIntel



---------------  S Y S T E M  ---------------

OS:
 Windows 11 , 64 bit Build 22621 (10.0.22621.3958)
OS uptime: 6 days 12:06 hours

CPU: total 4 (initial active 4) (2 cores per cpu, 2 threads per core) family 6 model 140 stepping 1 microcode 0x86, cx8, cmov, fxsr, ht, mmx, 3dnowpref, sse, sse2, sse3, ssse3, sse4.1, sse4.2, popcnt, lzcnt, tsc, tscinvbit, avx, avx2, aes, erms, clmul, bmi1, bmi2, adx, avx512f, avx512dq, avx512cd, avx512bw, avx512vl, sha, fma, vzeroupper, avx512_vpopcntdq, avx512_vpclmulqdq, avx512_vaes, avx512_vnni, clflush, clflushopt, clwb, avx512_vbmi2, avx512_vbmi

Memory: 4k page, system-wide physical 7975M (1301M free)
TotalPageFile size 11303M (AvailPageFile size 2053M)
current process WorkingSet (physical memory assigned to process): 118M, peak: 118M
current process commit charge ("private bytes"): 254M, peak: 254M

vm_info: Java HotSpot(TM) 64-Bit Server VM (17.0.9+11-LTS-201) for windows-amd64 JRE (17.0.9+11-LTS-201), built on Oct 10 2023 23:16:06 by "mach5one" with MS VC++ 17.1 (VS2022)

END.
